ARM GAS  C:\Users\jsauerer\AppData\Local\Temp\ccqlPl4R.s 			page 1


   1              		.cpu cortex-m3
   2              		.eabi_attribute 20, 1
   3              		.eabi_attribute 21, 1
   4              		.eabi_attribute 23, 3
   5              		.eabi_attribute 24, 1
   6              		.eabi_attribute 25, 1
   7              		.eabi_attribute 26, 1
   8              		.eabi_attribute 30, 1
   9              		.eabi_attribute 34, 1
  10              		.eabi_attribute 18, 4
  11              		.file	"bsp.c"
  12              		.text
  13              	.Ltext0:
  14              		.cfi_sections	.debug_frame
  15              		.section	.text.BSP_sensor_Init,"ax",%progbits
  16              		.align	1
  17              		.global	BSP_sensor_Init
  18              		.arch armv7-m
  19              		.syntax unified
  20              		.thumb
  21              		.thumb_func
  22              		.fpu softvfp
  24              	BSP_sensor_Init:
  25              	.LFB111:
  26              		.file 1 "App/Src/bsp.c"
   1:App/Src/bsp.c **** #include "bsp.h"
   2:App/Src/bsp.c **** #include "mpu6050.h"
   3:App/Src/bsp.c **** /*
   4:App/Src/bsp.c ****  * @brief  initialises the sensor
   5:App/Src/bsp.c ****  *
   6:App/Src/bsp.c ****  * @note
   7:App/Src/bsp.c ****  * @retval None
   8:App/Src/bsp.c ****  */
   9:App/Src/bsp.c **** void  BSP_sensor_Init(void)
  10:App/Src/bsp.c **** {
  27              		.loc 1 10 1 view -0
  28              		.cfi_startproc
  29              		@ args = 0, pretend = 0, frame = 0
  30              		@ frame_needed = 0, uses_anonymous_args = 0
  31 0000 08B5     		push	{r3, lr}
  32              	.LCFI0:
  33              		.cfi_def_cfa_offset 8
  34              		.cfi_offset 3, -8
  35              		.cfi_offset 14, -4
  11:App/Src/bsp.c ****   /* USER CODE BEGIN 6 */
  12:App/Src/bsp.c ****   MPU6050_Init();
  36              		.loc 1 12 3 view .LVU1
  37 0002 FFF7FEFF 		bl	MPU6050_Init
  38              	.LVL0:
  13:App/Src/bsp.c **** 
  14:App/Src/bsp.c ****   /* USER CODE END 6 */
  15:App/Src/bsp.c **** }
  39              		.loc 1 15 1 is_stmt 0 view .LVU2
  40 0006 08BD     		pop	{r3, pc}
  41              		.cfi_endproc
  42              	.LFE111:
  44              		.text
ARM GAS  C:\Users\jsauerer\AppData\Local\Temp\ccqlPl4R.s 			page 2


  45              	.Letext0:
  46              		.file 2 "c:\\vsarm\\armcc\\arm-none-eabi\\include\\machine\\_default_types.h"
  47              		.file 3 "c:\\vsarm\\armcc\\arm-none-eabi\\include\\sys\\_stdint.h"
  48              		.file 4 "Drivers/BSP/mpu6050/mpu6050_def.h"
  49              		.file 5 "c:\\vsarm\\armcc\\arm-none-eabi\\include\\sys\\lock.h"
  50              		.file 6 "c:\\vsarm\\armcc\\arm-none-eabi\\include\\sys\\_types.h"
  51              		.file 7 "c:\\vsarm\\armcc\\lib\\gcc\\arm-none-eabi\\9.2.1\\include\\stddef.h"
  52              		.file 8 "c:\\vsarm\\armcc\\arm-none-eabi\\include\\sys\\reent.h"
  53              		.file 9 "c:\\vsarm\\armcc\\arm-none-eabi\\include\\math.h"
  54              		.file 10 "Drivers/CMSIS/Include/core_cm3.h"
  55              		.file 11 "Drivers/CMSIS/Device/ST/STM32F1xx/Include/system_stm32f1xx.h"
  56              		.file 12 "Drivers/CMSIS/Device/ST/STM32F1xx/Include/stm32f103xb.h"
  57              		.file 13 "Drivers/STM32F1xx_HAL_Driver/Inc/stm32f1xx_hal_def.h"
  58              		.file 14 "Drivers/STM32F1xx_HAL_Driver/Inc/stm32f1xx_hal_dma.h"
  59              		.file 15 "Drivers/STM32F1xx_HAL_Driver/Inc/stm32f1xx_hal_i2c.h"
  60              		.file 16 "Drivers/STM32F1xx_HAL_Driver/Inc/stm32f1xx_hal.h"
  61              		.file 17 "App/Inc/hw_i2c.h"
  62              		.file 18 "Drivers/BSP/mpu6050/mpu6050_platform.h"
ARM GAS  C:\Users\jsauerer\AppData\Local\Temp\ccqlPl4R.s 			page 3


DEFINED SYMBOLS
                            *ABS*:00000000 bsp.c
C:\Users\jsauerer\AppData\Local\Temp\ccqlPl4R.s:16     .text.BSP_sensor_Init:00000000 $t
C:\Users\jsauerer\AppData\Local\Temp\ccqlPl4R.s:24     .text.BSP_sensor_Init:00000000 BSP_sensor_Init

UNDEFINED SYMBOLS
MPU6050_Init
