ARM GAS  C:\Users\jsauerer\AppData\Local\Temp\ccIoHzz5.s 			page 1


   1              		.cpu cortex-m3
   2              		.eabi_attribute 20, 1
   3              		.eabi_attribute 21, 1
   4              		.eabi_attribute 23, 3
   5              		.eabi_attribute 24, 1
   6              		.eabi_attribute 25, 1
   7              		.eabi_attribute 26, 1
   8              		.eabi_attribute 30, 1
   9              		.eabi_attribute 34, 1
  10              		.eabi_attribute 18, 4
  11              		.file	"hw_i2c.c"
  12              		.text
  13              	.Ltext0:
  14              		.cfi_sections	.debug_frame
  15              		.section	.text.HW_I2C_IoInit,"ax",%progbits
  16              		.align	1
  17              		.global	HW_I2C_IoInit
  18              		.arch armv7-m
  19              		.syntax unified
  20              		.thumb
  21              		.thumb_func
  22              		.fpu softvfp
  24              	HW_I2C_IoInit:
  25              	.LFB112:
  26              		.file 1 "App/Src/hw_i2c.c"
   1:App/Src/hw_i2c.c **** /**
   2:App/Src/hw_i2c.c ****   ******************************************************************************
   3:App/Src/hw_i2c.c ****   * File Name          : I2C.c
   4:App/Src/hw_i2c.c ****   * Description        : This file provides code for the configuration
   5:App/Src/hw_i2c.c ****   *                      of the I2C instances.
   6:App/Src/hw_i2c.c ****   ******************************************************************************
   7:App/Src/hw_i2c.c ****   * @attention
   8:App/Src/hw_i2c.c ****   *
   9:App/Src/hw_i2c.c ****   * <h2><center>&copy; Copyright (c) 2019 STMicroelectronics.
  10:App/Src/hw_i2c.c ****   * All rights reserved.</center></h2>
  11:App/Src/hw_i2c.c ****   *
  12:App/Src/hw_i2c.c ****   * This software component is licensed by ST under BSD 3-Clause license,
  13:App/Src/hw_i2c.c ****   * the "License"; You may not use this file except in compliance with the
  14:App/Src/hw_i2c.c ****   * License. You may obtain a copy of the License at:
  15:App/Src/hw_i2c.c ****   *                        opensource.org/licenses/BSD-3-Clause
  16:App/Src/hw_i2c.c ****   *
  17:App/Src/hw_i2c.c ****   ******************************************************************************
  18:App/Src/hw_i2c.c ****   */
  19:App/Src/hw_i2c.c **** 
  20:App/Src/hw_i2c.c **** /* Includes ------------------------------------------------------------------*/
  21:App/Src/hw_i2c.c **** #include "hw_i2c.h"
  22:App/Src/hw_i2c.c **** #include <string.h>
  23:App/Src/hw_i2c.c **** /* USER CODE BEGIN 0 */
  24:App/Src/hw_i2c.c **** /* USER CODE END 0 */
  25:App/Src/hw_i2c.c **** 
  26:App/Src/hw_i2c.c **** I2C_HandleTypeDef hi2c1;
  27:App/Src/hw_i2c.c **** 
  28:App/Src/hw_i2c.c **** /* I2C1 init function */
  29:App/Src/hw_i2c.c **** void HW_I2C_Init(void)
  30:App/Src/hw_i2c.c **** {
  31:App/Src/hw_i2c.c ****     HW_I2C_IoInit();
  32:App/Src/hw_i2c.c **** 
ARM GAS  C:\Users\jsauerer\AppData\Local\Temp\ccIoHzz5.s 			page 2


  33:App/Src/hw_i2c.c ****     hi2c1.Instance = I2C1;
  34:App/Src/hw_i2c.c ****     hi2c1.Init.ClockSpeed = 400000;
  35:App/Src/hw_i2c.c ****     hi2c1.Init.DutyCycle = I2C_DUTYCYCLE_2;
  36:App/Src/hw_i2c.c ****     hi2c1.Init.OwnAddress1 = 0;
  37:App/Src/hw_i2c.c ****     hi2c1.Init.AddressingMode = I2C_ADDRESSINGMODE_7BIT;
  38:App/Src/hw_i2c.c ****     hi2c1.Init.DualAddressMode = I2C_DUALADDRESS_DISABLE;
  39:App/Src/hw_i2c.c ****     hi2c1.Init.OwnAddress2 = 0;
  40:App/Src/hw_i2c.c ****     hi2c1.Init.GeneralCallMode = I2C_GENERALCALL_DISABLE;
  41:App/Src/hw_i2c.c ****     hi2c1.Init.NoStretchMode = I2C_NOSTRETCH_DISABLE;
  42:App/Src/hw_i2c.c **** 
  43:App/Src/hw_i2c.c ****     if (HAL_I2C_Init(&hi2c1) != HAL_OK)
  44:App/Src/hw_i2c.c ****     {
  45:App/Src/hw_i2c.c ****         Error_Handler();
  46:App/Src/hw_i2c.c ****     }
  47:App/Src/hw_i2c.c **** }
  48:App/Src/hw_i2c.c **** 
  49:App/Src/hw_i2c.c **** void HW_I2C_IoInit(void)
  50:App/Src/hw_i2c.c **** {
  27              		.loc 1 50 1 view -0
  28              		.cfi_startproc
  29              		@ args = 0, pretend = 0, frame = 24
  30              		@ frame_needed = 0, uses_anonymous_args = 0
  31 0000 10B5     		push	{r4, lr}
  32              	.LCFI0:
  33              		.cfi_def_cfa_offset 8
  34              		.cfi_offset 4, -8
  35              		.cfi_offset 14, -4
  36 0002 86B0     		sub	sp, sp, #24
  37              	.LCFI1:
  38              		.cfi_def_cfa_offset 32
  51:App/Src/hw_i2c.c **** 
  52:App/Src/hw_i2c.c ****     GPIO_InitTypeDef GPIO_InitStruct = {0};
  39              		.loc 1 52 5 view .LVU1
  40              		.loc 1 52 22 is_stmt 0 view .LVU2
  41 0004 0023     		movs	r3, #0
  42 0006 0493     		str	r3, [sp, #16]
  53:App/Src/hw_i2c.c **** 
  54:App/Src/hw_i2c.c ****     /* USER CODE BEGIN I2C1_MspInit 0 */
  55:App/Src/hw_i2c.c **** 
  56:App/Src/hw_i2c.c ****     /* USER CODE END I2C1_MspInit 0 */
  57:App/Src/hw_i2c.c **** 
  58:App/Src/hw_i2c.c ****     __HAL_RCC_GPIOB_CLK_ENABLE();
  43              		.loc 1 58 5 is_stmt 1 view .LVU3
  44              	.LBB2:
  45              		.loc 1 58 5 view .LVU4
  46              		.loc 1 58 5 view .LVU5
  47 0008 0F4C     		ldr	r4, .L3
  48 000a A369     		ldr	r3, [r4, #24]
  49 000c 43F00803 		orr	r3, r3, #8
  50 0010 A361     		str	r3, [r4, #24]
  51              		.loc 1 58 5 view .LVU6
  52 0012 A369     		ldr	r3, [r4, #24]
  53 0014 03F00803 		and	r3, r3, #8
  54 0018 0093     		str	r3, [sp]
  55              		.loc 1 58 5 view .LVU7
  56 001a 009B     		ldr	r3, [sp]
  57              	.LBE2:
ARM GAS  C:\Users\jsauerer\AppData\Local\Temp\ccIoHzz5.s 			page 3


  58              		.loc 1 58 5 view .LVU8
  59:App/Src/hw_i2c.c ****     /**I2C1 GPIO Configuration    
  60:App/Src/hw_i2c.c ****     PB6     ------> I2C1_SCL
  61:App/Src/hw_i2c.c ****     PB7     ------> I2C1_SDA 
  62:App/Src/hw_i2c.c ****     */
  63:App/Src/hw_i2c.c ****     GPIO_InitStruct.Pin = GPIO_PIN_6|GPIO_PIN_7;
  59              		.loc 1 63 5 view .LVU9
  60              		.loc 1 63 25 is_stmt 0 view .LVU10
  61 001c C023     		movs	r3, #192
  62 001e 0293     		str	r3, [sp, #8]
  64:App/Src/hw_i2c.c ****     GPIO_InitStruct.Mode = GPIO_MODE_AF_OD;
  63              		.loc 1 64 5 is_stmt 1 view .LVU11
  64              		.loc 1 64 26 is_stmt 0 view .LVU12
  65 0020 1223     		movs	r3, #18
  66 0022 0393     		str	r3, [sp, #12]
  65:App/Src/hw_i2c.c ****     GPIO_InitStruct.Speed = GPIO_SPEED_FREQ_HIGH;
  67              		.loc 1 65 5 is_stmt 1 view .LVU13
  68              		.loc 1 65 27 is_stmt 0 view .LVU14
  69 0024 0323     		movs	r3, #3
  70 0026 0593     		str	r3, [sp, #20]
  66:App/Src/hw_i2c.c ****     HAL_GPIO_Init(GPIOB, &GPIO_InitStruct);
  71              		.loc 1 66 5 is_stmt 1 view .LVU15
  72 0028 02A9     		add	r1, sp, #8
  73 002a 0848     		ldr	r0, .L3+4
  74 002c FFF7FEFF 		bl	HAL_GPIO_Init
  75              	.LVL0:
  67:App/Src/hw_i2c.c **** 
  68:App/Src/hw_i2c.c ****     /* I2C1 clock enable */
  69:App/Src/hw_i2c.c ****     __HAL_RCC_I2C1_CLK_ENABLE();
  76              		.loc 1 69 5 view .LVU16
  77              	.LBB3:
  78              		.loc 1 69 5 view .LVU17
  79              		.loc 1 69 5 view .LVU18
  80 0030 E369     		ldr	r3, [r4, #28]
  81 0032 43F40013 		orr	r3, r3, #2097152
  82 0036 E361     		str	r3, [r4, #28]
  83              		.loc 1 69 5 view .LVU19
  84 0038 E369     		ldr	r3, [r4, #28]
  85 003a 03F40013 		and	r3, r3, #2097152
  86 003e 0193     		str	r3, [sp, #4]
  87              		.loc 1 69 5 view .LVU20
  88 0040 019B     		ldr	r3, [sp, #4]
  89              	.LBE3:
  90              		.loc 1 69 5 view .LVU21
  70:App/Src/hw_i2c.c ****     /* USER CODE BEGIN I2C1_MspInit 1 */
  71:App/Src/hw_i2c.c **** 
  72:App/Src/hw_i2c.c ****     /* USER CODE END I2C1_MspInit 1 */
  73:App/Src/hw_i2c.c **** }
  91              		.loc 1 73 1 is_stmt 0 view .LVU22
  92 0042 06B0     		add	sp, sp, #24
  93              	.LCFI2:
  94              		.cfi_def_cfa_offset 8
  95              		@ sp needed
  96 0044 10BD     		pop	{r4, pc}
  97              	.L4:
  98 0046 00BF     		.align	2
  99              	.L3:
ARM GAS  C:\Users\jsauerer\AppData\Local\Temp\ccIoHzz5.s 			page 4


 100 0048 00100240 		.word	1073876992
 101 004c 000C0140 		.word	1073810432
 102              		.cfi_endproc
 103              	.LFE112:
 105              		.section	.text.HW_I2C_Init,"ax",%progbits
 106              		.align	1
 107              		.global	HW_I2C_Init
 108              		.syntax unified
 109              		.thumb
 110              		.thumb_func
 111              		.fpu softvfp
 113              	HW_I2C_Init:
 114              	.LFB111:
  30:App/Src/hw_i2c.c ****     HW_I2C_IoInit();
 115              		.loc 1 30 1 is_stmt 1 view -0
 116              		.cfi_startproc
 117              		@ args = 0, pretend = 0, frame = 0
 118              		@ frame_needed = 0, uses_anonymous_args = 0
 119 0000 08B5     		push	{r3, lr}
 120              	.LCFI3:
 121              		.cfi_def_cfa_offset 8
 122              		.cfi_offset 3, -8
 123              		.cfi_offset 14, -4
  31:App/Src/hw_i2c.c **** 
 124              		.loc 1 31 5 view .LVU24
 125 0002 FFF7FEFF 		bl	HW_I2C_IoInit
 126              	.LVL1:
  33:App/Src/hw_i2c.c ****     hi2c1.Init.ClockSpeed = 400000;
 127              		.loc 1 33 5 view .LVU25
  33:App/Src/hw_i2c.c ****     hi2c1.Init.ClockSpeed = 400000;
 128              		.loc 1 33 20 is_stmt 0 view .LVU26
 129 0006 0B48     		ldr	r0, .L9
 130 0008 0B4B     		ldr	r3, .L9+4
 131 000a 0360     		str	r3, [r0]
  34:App/Src/hw_i2c.c ****     hi2c1.Init.DutyCycle = I2C_DUTYCYCLE_2;
 132              		.loc 1 34 5 is_stmt 1 view .LVU27
  34:App/Src/hw_i2c.c ****     hi2c1.Init.DutyCycle = I2C_DUTYCYCLE_2;
 133              		.loc 1 34 27 is_stmt 0 view .LVU28
 134 000c 0B4B     		ldr	r3, .L9+8
 135 000e 4360     		str	r3, [r0, #4]
  35:App/Src/hw_i2c.c ****     hi2c1.Init.OwnAddress1 = 0;
 136              		.loc 1 35 5 is_stmt 1 view .LVU29
  35:App/Src/hw_i2c.c ****     hi2c1.Init.OwnAddress1 = 0;
 137              		.loc 1 35 26 is_stmt 0 view .LVU30
 138 0010 0023     		movs	r3, #0
 139 0012 8360     		str	r3, [r0, #8]
  36:App/Src/hw_i2c.c ****     hi2c1.Init.AddressingMode = I2C_ADDRESSINGMODE_7BIT;
 140              		.loc 1 36 5 is_stmt 1 view .LVU31
  36:App/Src/hw_i2c.c ****     hi2c1.Init.AddressingMode = I2C_ADDRESSINGMODE_7BIT;
 141              		.loc 1 36 28 is_stmt 0 view .LVU32
 142 0014 C360     		str	r3, [r0, #12]
  37:App/Src/hw_i2c.c ****     hi2c1.Init.DualAddressMode = I2C_DUALADDRESS_DISABLE;
 143              		.loc 1 37 5 is_stmt 1 view .LVU33
  37:App/Src/hw_i2c.c ****     hi2c1.Init.DualAddressMode = I2C_DUALADDRESS_DISABLE;
 144              		.loc 1 37 31 is_stmt 0 view .LVU34
 145 0016 4FF48042 		mov	r2, #16384
 146 001a 0261     		str	r2, [r0, #16]
ARM GAS  C:\Users\jsauerer\AppData\Local\Temp\ccIoHzz5.s 			page 5


  38:App/Src/hw_i2c.c ****     hi2c1.Init.OwnAddress2 = 0;
 147              		.loc 1 38 5 is_stmt 1 view .LVU35
  38:App/Src/hw_i2c.c ****     hi2c1.Init.OwnAddress2 = 0;
 148              		.loc 1 38 32 is_stmt 0 view .LVU36
 149 001c 4361     		str	r3, [r0, #20]
  39:App/Src/hw_i2c.c ****     hi2c1.Init.GeneralCallMode = I2C_GENERALCALL_DISABLE;
 150              		.loc 1 39 5 is_stmt 1 view .LVU37
  39:App/Src/hw_i2c.c ****     hi2c1.Init.GeneralCallMode = I2C_GENERALCALL_DISABLE;
 151              		.loc 1 39 28 is_stmt 0 view .LVU38
 152 001e 8361     		str	r3, [r0, #24]
  40:App/Src/hw_i2c.c ****     hi2c1.Init.NoStretchMode = I2C_NOSTRETCH_DISABLE;
 153              		.loc 1 40 5 is_stmt 1 view .LVU39
  40:App/Src/hw_i2c.c ****     hi2c1.Init.NoStretchMode = I2C_NOSTRETCH_DISABLE;
 154              		.loc 1 40 32 is_stmt 0 view .LVU40
 155 0020 C361     		str	r3, [r0, #28]
  41:App/Src/hw_i2c.c **** 
 156              		.loc 1 41 5 is_stmt 1 view .LVU41
  41:App/Src/hw_i2c.c **** 
 157              		.loc 1 41 30 is_stmt 0 view .LVU42
 158 0022 0362     		str	r3, [r0, #32]
  43:App/Src/hw_i2c.c ****     {
 159              		.loc 1 43 5 is_stmt 1 view .LVU43
  43:App/Src/hw_i2c.c ****     {
 160              		.loc 1 43 9 is_stmt 0 view .LVU44
 161 0024 FFF7FEFF 		bl	HAL_I2C_Init
 162              	.LVL2:
  43:App/Src/hw_i2c.c ****     {
 163              		.loc 1 43 8 view .LVU45
 164 0028 00B9     		cbnz	r0, .L8
 165              	.L5:
  47:App/Src/hw_i2c.c **** 
 166              		.loc 1 47 1 view .LVU46
 167 002a 08BD     		pop	{r3, pc}
 168              	.L8:
  45:App/Src/hw_i2c.c ****     }
 169              		.loc 1 45 9 is_stmt 1 view .LVU47
 170 002c FFF7FEFF 		bl	Error_Handler
 171              	.LVL3:
  47:App/Src/hw_i2c.c **** 
 172              		.loc 1 47 1 is_stmt 0 view .LVU48
 173 0030 FBE7     		b	.L5
 174              	.L10:
 175 0032 00BF     		.align	2
 176              	.L9:
 177 0034 00000000 		.word	hi2c1
 178 0038 00540040 		.word	1073763328
 179 003c 801A0600 		.word	400000
 180              		.cfi_endproc
 181              	.LFE111:
 183              		.section	.text.HW_I2C_MspDeInit,"ax",%progbits
 184              		.align	1
 185              		.global	HW_I2C_MspDeInit
 186              		.syntax unified
 187              		.thumb
 188              		.thumb_func
 189              		.fpu softvfp
 191              	HW_I2C_MspDeInit:
ARM GAS  C:\Users\jsauerer\AppData\Local\Temp\ccIoHzz5.s 			page 6


 192              	.LVL4:
 193              	.LFB113:
  74:App/Src/hw_i2c.c **** 
  75:App/Src/hw_i2c.c **** void HW_I2C_MspDeInit(I2C_HandleTypeDef *i2cHandle)
  76:App/Src/hw_i2c.c **** {
 194              		.loc 1 76 1 is_stmt 1 view -0
 195              		.cfi_startproc
 196              		@ args = 0, pretend = 0, frame = 0
 197              		@ frame_needed = 0, uses_anonymous_args = 0
 198              		.loc 1 76 1 is_stmt 0 view .LVU50
 199 0000 08B5     		push	{r3, lr}
 200              	.LCFI4:
 201              		.cfi_def_cfa_offset 8
 202              		.cfi_offset 3, -8
 203              		.cfi_offset 14, -4
  77:App/Src/hw_i2c.c **** 
  78:App/Src/hw_i2c.c ****     if (i2cHandle->Instance == I2C1)
 204              		.loc 1 78 5 is_stmt 1 view .LVU51
 205              		.loc 1 78 18 is_stmt 0 view .LVU52
 206 0002 0268     		ldr	r2, [r0]
 207              		.loc 1 78 8 view .LVU53
 208 0004 064B     		ldr	r3, .L15
 209 0006 9A42     		cmp	r2, r3
 210 0008 00D0     		beq	.L14
 211              	.LVL5:
 212              	.L11:
  79:App/Src/hw_i2c.c ****     {
  80:App/Src/hw_i2c.c ****         /* USER CODE BEGIN I2C1_MspDeInit 0 */
  81:App/Src/hw_i2c.c **** 
  82:App/Src/hw_i2c.c ****         /* USER CODE END I2C1_MspDeInit 0 */
  83:App/Src/hw_i2c.c ****         /* Peripheral clock disable */
  84:App/Src/hw_i2c.c ****         __HAL_RCC_I2C1_CLK_DISABLE();
  85:App/Src/hw_i2c.c **** 
  86:App/Src/hw_i2c.c ****         /**I2C1 GPIO Configuration    
  87:App/Src/hw_i2c.c ****         PB6     ------> I2C1_SCL
  88:App/Src/hw_i2c.c ****         PB7     ------> I2C1_SDA 
  89:App/Src/hw_i2c.c ****         */
  90:App/Src/hw_i2c.c ****         HAL_GPIO_DeInit(GPIOB, GPIO_PIN_6 | GPIO_PIN_7);
  91:App/Src/hw_i2c.c **** 
  92:App/Src/hw_i2c.c ****         /* USER CODE BEGIN I2C1_MspDeInit 1 */
  93:App/Src/hw_i2c.c **** 
  94:App/Src/hw_i2c.c ****         /* USER CODE END I2C1_MspDeInit 1 */
  95:App/Src/hw_i2c.c ****     }
  96:App/Src/hw_i2c.c **** }
 213              		.loc 1 96 1 view .LVU54
 214 000a 08BD     		pop	{r3, pc}
 215              	.LVL6:
 216              	.L14:
  84:App/Src/hw_i2c.c **** 
 217              		.loc 1 84 9 is_stmt 1 view .LVU55
 218 000c 054A     		ldr	r2, .L15+4
 219 000e D369     		ldr	r3, [r2, #28]
 220 0010 23F40013 		bic	r3, r3, #2097152
 221 0014 D361     		str	r3, [r2, #28]
  90:App/Src/hw_i2c.c **** 
 222              		.loc 1 90 9 view .LVU56
 223 0016 C021     		movs	r1, #192
ARM GAS  C:\Users\jsauerer\AppData\Local\Temp\ccIoHzz5.s 			page 7


 224 0018 0348     		ldr	r0, .L15+8
 225              	.LVL7:
  90:App/Src/hw_i2c.c **** 
 226              		.loc 1 90 9 is_stmt 0 view .LVU57
 227 001a FFF7FEFF 		bl	HAL_GPIO_DeInit
 228              	.LVL8:
 229              		.loc 1 96 1 view .LVU58
 230 001e F4E7     		b	.L11
 231              	.L16:
 232              		.align	2
 233              	.L15:
 234 0020 00540040 		.word	1073763328
 235 0024 00100240 		.word	1073876992
 236 0028 000C0140 		.word	1073810432
 237              		.cfi_endproc
 238              	.LFE113:
 240              		.section	.text.HW_I2C_IsI2CDeviceReady,"ax",%progbits
 241              		.align	1
 242              		.global	HW_I2C_IsI2CDeviceReady
 243              		.syntax unified
 244              		.thumb
 245              		.thumb_func
 246              		.fpu softvfp
 248              	HW_I2C_IsI2CDeviceReady:
 249              	.LVL9:
 250              	.LFB114:
  97:App/Src/hw_i2c.c **** 
  98:App/Src/hw_i2c.c **** /* USER CODE BEGIN 1 */
  99:App/Src/hw_i2c.c **** 
 100:App/Src/hw_i2c.c **** uint8_t HW_I2C_IsI2CDeviceReady(uint8_t devAddr)
 101:App/Src/hw_i2c.c **** {
 251              		.loc 1 101 1 is_stmt 1 view -0
 252              		.cfi_startproc
 253              		@ args = 0, pretend = 0, frame = 0
 254              		@ frame_needed = 0, uses_anonymous_args = 0
 255              		.loc 1 101 1 is_stmt 0 view .LVU60
 256 0000 08B5     		push	{r3, lr}
 257              	.LCFI5:
 258              		.cfi_def_cfa_offset 8
 259              		.cfi_offset 3, -8
 260              		.cfi_offset 14, -4
 102:App/Src/hw_i2c.c ****     HAL_StatusTypeDef status = HAL_I2C_IsDeviceReady(&hi2c1, devAddr << 1, 1, HAL_MAX_DELAY);
 261              		.loc 1 102 5 is_stmt 1 view .LVU61
 262              		.loc 1 102 32 is_stmt 0 view .LVU62
 263 0002 4FF0FF33 		mov	r3, #-1
 264 0006 0122     		movs	r2, #1
 265 0008 00FA02F1 		lsl	r1, r0, r2
 266 000c 0348     		ldr	r0, .L19
 267              	.LVL10:
 268              		.loc 1 102 32 view .LVU63
 269 000e FFF7FEFF 		bl	HAL_I2C_IsDeviceReady
 270              	.LVL11:
 103:App/Src/hw_i2c.c **** 
 104:App/Src/hw_i2c.c ****     return (status == HAL_OK);
 271              		.loc 1 104 5 is_stmt 1 view .LVU64
 105:App/Src/hw_i2c.c **** }
 272              		.loc 1 105 1 is_stmt 0 view .LVU65
ARM GAS  C:\Users\jsauerer\AppData\Local\Temp\ccIoHzz5.s 			page 8


 273 0012 B0FA80F0 		clz	r0, r0
 274              	.LVL12:
 275              		.loc 1 105 1 view .LVU66
 276 0016 4009     		lsrs	r0, r0, #5
 277 0018 08BD     		pop	{r3, pc}
 278              	.L20:
 279 001a 00BF     		.align	2
 280              	.L19:
 281 001c 00000000 		.word	hi2c1
 282              		.cfi_endproc
 283              	.LFE114:
 285              		.section	.text.HW_I2C_ReadBytes,"ax",%progbits
 286              		.align	1
 287              		.global	HW_I2C_ReadBytes
 288              		.syntax unified
 289              		.thumb
 290              		.thumb_func
 291              		.fpu softvfp
 293              	HW_I2C_ReadBytes:
 294              	.LVL13:
 295              	.LFB117:
 106:App/Src/hw_i2c.c **** 
 107:App/Src/hw_i2c.c **** HAL_StatusTypeDef HW_I2C_ReadWord(uint8_t devAddr, uint8_t regAddr, uint16_t *data)
 108:App/Src/hw_i2c.c **** {
 109:App/Src/hw_i2c.c ****     uint8_t temp[4];
 110:App/Src/hw_i2c.c ****     HAL_StatusTypeDef status = HW_I2C_ReadBytes(devAddr, regAddr, (uint8_t *)temp, 2);
 111:App/Src/hw_i2c.c ****     *data = (((uint16_t)temp[0]) << 8) | (temp[1]);
 112:App/Src/hw_i2c.c ****     return status;
 113:App/Src/hw_i2c.c **** }
 114:App/Src/hw_i2c.c **** 
 115:App/Src/hw_i2c.c **** HAL_StatusTypeDef HW_I2C_Read32bits(uint8_t devAddr, uint8_t regAddr, uint32_t *data)
 116:App/Src/hw_i2c.c **** {
 117:App/Src/hw_i2c.c ****     uint8_t temp[8];
 118:App/Src/hw_i2c.c ****     HAL_StatusTypeDef status = HW_I2C_ReadBytes(devAddr, regAddr, (uint8_t *)temp, 4);
 119:App/Src/hw_i2c.c ****     *data = ((uint32_t)temp[0]) << 24;
 120:App/Src/hw_i2c.c ****     *data |= ((uint32_t)temp[1]) << 16;
 121:App/Src/hw_i2c.c ****     *data |= ((uint32_t)temp[2]) << 8;
 122:App/Src/hw_i2c.c ****     *data |= ((uint32_t)temp[3]);
 123:App/Src/hw_i2c.c ****     return status;
 124:App/Src/hw_i2c.c **** }
 125:App/Src/hw_i2c.c **** 
 126:App/Src/hw_i2c.c **** HAL_StatusTypeDef HW_I2C_ReadBytes(uint8_t deviceAdd, uint8_t regAdd, uint8_t *data, uint8_t size)
 127:App/Src/hw_i2c.c **** {
 296              		.loc 1 127 1 is_stmt 1 view -0
 297              		.cfi_startproc
 298              		@ args = 0, pretend = 0, frame = 0
 299              		@ frame_needed = 0, uses_anonymous_args = 0
 300              		.loc 1 127 1 is_stmt 0 view .LVU68
 301 0000 10B5     		push	{r4, lr}
 302              	.LCFI6:
 303              		.cfi_def_cfa_offset 8
 304              		.cfi_offset 4, -8
 305              		.cfi_offset 14, -4
 306 0002 84B0     		sub	sp, sp, #16
 307              	.LCFI7:
 308              		.cfi_def_cfa_offset 24
 128:App/Src/hw_i2c.c ****     return HAL_I2C_Mem_Read(&hi2c1, (uint16_t)(deviceAdd << 1), (uint16_t)regAdd, I2C_MEMADD_SIZE_8
ARM GAS  C:\Users\jsauerer\AppData\Local\Temp\ccIoHzz5.s 			page 9


 309              		.loc 1 128 5 is_stmt 1 view .LVU69
 310              		.loc 1 128 12 is_stmt 0 view .LVU70
 311 0004 4FF47A74 		mov	r4, #1000
 312 0008 0294     		str	r4, [sp, #8]
 313 000a 0193     		str	r3, [sp, #4]
 314 000c 0092     		str	r2, [sp]
 315 000e 0123     		movs	r3, #1
 316              	.LVL14:
 317              		.loc 1 128 12 view .LVU71
 318 0010 0A46     		mov	r2, r1
 319              	.LVL15:
 320              		.loc 1 128 12 view .LVU72
 321 0012 00FA03F1 		lsl	r1, r0, r3
 322              	.LVL16:
 323              		.loc 1 128 12 view .LVU73
 324 0016 0248     		ldr	r0, .L23
 325              	.LVL17:
 326              		.loc 1 128 12 view .LVU74
 327 0018 FFF7FEFF 		bl	HAL_I2C_Mem_Read
 328              	.LVL18:
 129:App/Src/hw_i2c.c ****     //HAL_StatusTypeDef status =  HAL_I2C_Master_Transmit(&hi2c1,(uint16_t)deviceAdd << 1,&regAdd,1
 130:App/Src/hw_i2c.c ****     //if(status != HAL_OK)
 131:App/Src/hw_i2c.c ****     // {
 132:App/Src/hw_i2c.c ****     //  return status;
 133:App/Src/hw_i2c.c ****     // }
 134:App/Src/hw_i2c.c ****     //return HAL_I2C_Master_Receive(&hi2c1, (uint16_t)deviceAdd << 1,data, size, I2C_TIMEOUT);
 135:App/Src/hw_i2c.c **** }
 329              		.loc 1 135 1 view .LVU75
 330 001c 04B0     		add	sp, sp, #16
 331              	.LCFI8:
 332              		.cfi_def_cfa_offset 8
 333              		@ sp needed
 334 001e 10BD     		pop	{r4, pc}
 335              	.L24:
 336              		.align	2
 337              	.L23:
 338 0020 00000000 		.word	hi2c1
 339              		.cfi_endproc
 340              	.LFE117:
 342              		.section	.text.HW_I2C_ReadWord,"ax",%progbits
 343              		.align	1
 344              		.global	HW_I2C_ReadWord
 345              		.syntax unified
 346              		.thumb
 347              		.thumb_func
 348              		.fpu softvfp
 350              	HW_I2C_ReadWord:
 351              	.LVL19:
 352              	.LFB115:
 108:App/Src/hw_i2c.c ****     uint8_t temp[4];
 353              		.loc 1 108 1 is_stmt 1 view -0
 354              		.cfi_startproc
 355              		@ args = 0, pretend = 0, frame = 8
 356              		@ frame_needed = 0, uses_anonymous_args = 0
 108:App/Src/hw_i2c.c ****     uint8_t temp[4];
 357              		.loc 1 108 1 is_stmt 0 view .LVU77
 358 0000 10B5     		push	{r4, lr}
ARM GAS  C:\Users\jsauerer\AppData\Local\Temp\ccIoHzz5.s 			page 10


 359              	.LCFI9:
 360              		.cfi_def_cfa_offset 8
 361              		.cfi_offset 4, -8
 362              		.cfi_offset 14, -4
 363 0002 82B0     		sub	sp, sp, #8
 364              	.LCFI10:
 365              		.cfi_def_cfa_offset 16
 366 0004 1446     		mov	r4, r2
 109:App/Src/hw_i2c.c ****     HAL_StatusTypeDef status = HW_I2C_ReadBytes(devAddr, regAddr, (uint8_t *)temp, 2);
 367              		.loc 1 109 5 is_stmt 1 view .LVU78
 110:App/Src/hw_i2c.c ****     *data = (((uint16_t)temp[0]) << 8) | (temp[1]);
 368              		.loc 1 110 5 view .LVU79
 110:App/Src/hw_i2c.c ****     *data = (((uint16_t)temp[0]) << 8) | (temp[1]);
 369              		.loc 1 110 32 is_stmt 0 view .LVU80
 370 0006 0223     		movs	r3, #2
 371 0008 01AA     		add	r2, sp, #4
 372              	.LVL20:
 110:App/Src/hw_i2c.c ****     *data = (((uint16_t)temp[0]) << 8) | (temp[1]);
 373              		.loc 1 110 32 view .LVU81
 374 000a FFF7FEFF 		bl	HW_I2C_ReadBytes
 375              	.LVL21:
 111:App/Src/hw_i2c.c ****     return status;
 376              		.loc 1 111 5 is_stmt 1 view .LVU82
 111:App/Src/hw_i2c.c ****     return status;
 377              		.loc 1 111 29 is_stmt 0 view .LVU83
 378 000e 9DF80420 		ldrb	r2, [sp, #4]	@ zero_extendqisi2
 111:App/Src/hw_i2c.c ****     return status;
 379              		.loc 1 111 47 view .LVU84
 380 0012 9DF80530 		ldrb	r3, [sp, #5]	@ zero_extendqisi2
 111:App/Src/hw_i2c.c ****     return status;
 381              		.loc 1 111 40 view .LVU85
 382 0016 43EA0223 		orr	r3, r3, r2, lsl #8
 111:App/Src/hw_i2c.c ****     return status;
 383              		.loc 1 111 11 view .LVU86
 384 001a 2380     		strh	r3, [r4]	@ movhi
 112:App/Src/hw_i2c.c **** }
 385              		.loc 1 112 5 is_stmt 1 view .LVU87
 113:App/Src/hw_i2c.c **** 
 386              		.loc 1 113 1 is_stmt 0 view .LVU88
 387 001c 02B0     		add	sp, sp, #8
 388              	.LCFI11:
 389              		.cfi_def_cfa_offset 8
 390              		@ sp needed
 391 001e 10BD     		pop	{r4, pc}
 113:App/Src/hw_i2c.c **** 
 392              		.loc 1 113 1 view .LVU89
 393              		.cfi_endproc
 394              	.LFE115:
 396              		.section	.text.HW_I2C_Read32bits,"ax",%progbits
 397              		.align	1
 398              		.global	HW_I2C_Read32bits
 399              		.syntax unified
 400              		.thumb
 401              		.thumb_func
 402              		.fpu softvfp
 404              	HW_I2C_Read32bits:
 405              	.LVL22:
ARM GAS  C:\Users\jsauerer\AppData\Local\Temp\ccIoHzz5.s 			page 11


 406              	.LFB116:
 116:App/Src/hw_i2c.c ****     uint8_t temp[8];
 407              		.loc 1 116 1 is_stmt 1 view -0
 408              		.cfi_startproc
 409              		@ args = 0, pretend = 0, frame = 8
 410              		@ frame_needed = 0, uses_anonymous_args = 0
 116:App/Src/hw_i2c.c ****     uint8_t temp[8];
 411              		.loc 1 116 1 is_stmt 0 view .LVU91
 412 0000 10B5     		push	{r4, lr}
 413              	.LCFI12:
 414              		.cfi_def_cfa_offset 8
 415              		.cfi_offset 4, -8
 416              		.cfi_offset 14, -4
 417 0002 82B0     		sub	sp, sp, #8
 418              	.LCFI13:
 419              		.cfi_def_cfa_offset 16
 420 0004 1446     		mov	r4, r2
 117:App/Src/hw_i2c.c ****     HAL_StatusTypeDef status = HW_I2C_ReadBytes(devAddr, regAddr, (uint8_t *)temp, 4);
 421              		.loc 1 117 5 is_stmt 1 view .LVU92
 118:App/Src/hw_i2c.c ****     *data = ((uint32_t)temp[0]) << 24;
 422              		.loc 1 118 5 view .LVU93
 118:App/Src/hw_i2c.c ****     *data = ((uint32_t)temp[0]) << 24;
 423              		.loc 1 118 32 is_stmt 0 view .LVU94
 424 0006 0423     		movs	r3, #4
 425 0008 6A46     		mov	r2, sp
 426              	.LVL23:
 118:App/Src/hw_i2c.c ****     *data = ((uint32_t)temp[0]) << 24;
 427              		.loc 1 118 32 view .LVU95
 428 000a FFF7FEFF 		bl	HW_I2C_ReadBytes
 429              	.LVL24:
 119:App/Src/hw_i2c.c ****     *data |= ((uint32_t)temp[1]) << 16;
 430              		.loc 1 119 5 is_stmt 1 view .LVU96
 119:App/Src/hw_i2c.c ****     *data |= ((uint32_t)temp[1]) << 16;
 431              		.loc 1 119 28 is_stmt 0 view .LVU97
 432 000e 9DF80020 		ldrb	r2, [sp]	@ zero_extendqisi2
 120:App/Src/hw_i2c.c ****     *data |= ((uint32_t)temp[2]) << 8;
 433              		.loc 1 120 5 is_stmt 1 view .LVU98
 120:App/Src/hw_i2c.c ****     *data |= ((uint32_t)temp[2]) << 8;
 434              		.loc 1 120 29 is_stmt 0 view .LVU99
 435 0012 9DF80130 		ldrb	r3, [sp, #1]	@ zero_extendqisi2
 120:App/Src/hw_i2c.c ****     *data |= ((uint32_t)temp[2]) << 8;
 436              		.loc 1 120 34 view .LVU100
 437 0016 1B04     		lsls	r3, r3, #16
 120:App/Src/hw_i2c.c ****     *data |= ((uint32_t)temp[2]) << 8;
 438              		.loc 1 120 11 view .LVU101
 439 0018 43EA0263 		orr	r3, r3, r2, lsl #24
 121:App/Src/hw_i2c.c ****     *data |= ((uint32_t)temp[3]);
 440              		.loc 1 121 5 is_stmt 1 view .LVU102
 121:App/Src/hw_i2c.c ****     *data |= ((uint32_t)temp[3]);
 441              		.loc 1 121 29 is_stmt 0 view .LVU103
 442 001c 9DF80220 		ldrb	r2, [sp, #2]	@ zero_extendqisi2
 121:App/Src/hw_i2c.c ****     *data |= ((uint32_t)temp[3]);
 443              		.loc 1 121 11 view .LVU104
 444 0020 43EA0223 		orr	r3, r3, r2, lsl #8
 122:App/Src/hw_i2c.c ****     return status;
 445              		.loc 1 122 5 is_stmt 1 view .LVU105
 122:App/Src/hw_i2c.c ****     return status;
ARM GAS  C:\Users\jsauerer\AppData\Local\Temp\ccIoHzz5.s 			page 12


 446              		.loc 1 122 29 is_stmt 0 view .LVU106
 447 0024 9DF80320 		ldrb	r2, [sp, #3]	@ zero_extendqisi2
 122:App/Src/hw_i2c.c ****     return status;
 448              		.loc 1 122 11 view .LVU107
 449 0028 1343     		orrs	r3, r3, r2
 450 002a 2360     		str	r3, [r4]
 123:App/Src/hw_i2c.c **** }
 451              		.loc 1 123 5 is_stmt 1 view .LVU108
 124:App/Src/hw_i2c.c **** 
 452              		.loc 1 124 1 is_stmt 0 view .LVU109
 453 002c 02B0     		add	sp, sp, #8
 454              	.LCFI14:
 455              		.cfi_def_cfa_offset 8
 456              		@ sp needed
 457 002e 10BD     		pop	{r4, pc}
 124:App/Src/hw_i2c.c **** 
 458              		.loc 1 124 1 view .LVU110
 459              		.cfi_endproc
 460              	.LFE116:
 462              		.section	.text.HW_I2C_ReadByte,"ax",%progbits
 463              		.align	1
 464              		.global	HW_I2C_ReadByte
 465              		.syntax unified
 466              		.thumb
 467              		.thumb_func
 468              		.fpu softvfp
 470              	HW_I2C_ReadByte:
 471              	.LVL25:
 472              	.LFB118:
 136:App/Src/hw_i2c.c **** 
 137:App/Src/hw_i2c.c **** HAL_StatusTypeDef HW_I2C_ReadByte(uint8_t deviceAdd, uint8_t regAdd, uint8_t *data)
 138:App/Src/hw_i2c.c **** {
 473              		.loc 1 138 1 is_stmt 1 view -0
 474              		.cfi_startproc
 475              		@ args = 0, pretend = 0, frame = 0
 476              		@ frame_needed = 0, uses_anonymous_args = 0
 477              		.loc 1 138 1 is_stmt 0 view .LVU112
 478 0000 08B5     		push	{r3, lr}
 479              	.LCFI15:
 480              		.cfi_def_cfa_offset 8
 481              		.cfi_offset 3, -8
 482              		.cfi_offset 14, -4
 139:App/Src/hw_i2c.c ****     return HW_I2C_ReadBytes(deviceAdd, regAdd, data, 1);
 483              		.loc 1 139 5 is_stmt 1 view .LVU113
 484              		.loc 1 139 12 is_stmt 0 view .LVU114
 485 0002 0123     		movs	r3, #1
 486 0004 FFF7FEFF 		bl	HW_I2C_ReadBytes
 487              	.LVL26:
 140:App/Src/hw_i2c.c **** }
 488              		.loc 1 140 1 view .LVU115
 489 0008 08BD     		pop	{r3, pc}
 490              		.cfi_endproc
 491              	.LFE118:
 493              		.section	.text.HW_I2C_ReadBits,"ax",%progbits
 494              		.align	1
 495              		.global	HW_I2C_ReadBits
 496              		.syntax unified
ARM GAS  C:\Users\jsauerer\AppData\Local\Temp\ccIoHzz5.s 			page 13


 497              		.thumb
 498              		.thumb_func
 499              		.fpu softvfp
 501              	HW_I2C_ReadBits:
 502              	.LVL27:
 503              	.LFB119:
 141:App/Src/hw_i2c.c **** 
 142:App/Src/hw_i2c.c **** HAL_StatusTypeDef HW_I2C_ReadBits(uint8_t deviceAdd, uint8_t regAdd, uint8_t *data, uint8_t bitStar
 143:App/Src/hw_i2c.c **** {
 504              		.loc 1 143 1 is_stmt 1 view -0
 505              		.cfi_startproc
 506              		@ args = 4, pretend = 0, frame = 8
 507              		@ frame_needed = 0, uses_anonymous_args = 0
 508              		.loc 1 143 1 is_stmt 0 view .LVU117
 509 0000 70B5     		push	{r4, r5, r6, lr}
 510              	.LCFI16:
 511              		.cfi_def_cfa_offset 16
 512              		.cfi_offset 4, -16
 513              		.cfi_offset 5, -12
 514              		.cfi_offset 6, -8
 515              		.cfi_offset 14, -4
 516 0002 82B0     		sub	sp, sp, #8
 517              	.LCFI17:
 518              		.cfi_def_cfa_offset 24
 519 0004 1446     		mov	r4, r2
 520 0006 1D46     		mov	r5, r3
 521 0008 9DF81860 		ldrb	r6, [sp, #24]	@ zero_extendqisi2
 144:App/Src/hw_i2c.c ****     uint8_t b = 0;
 522              		.loc 1 144 5 is_stmt 1 view .LVU118
 523              		.loc 1 144 13 is_stmt 0 view .LVU119
 524 000c 0023     		movs	r3, #0
 525              	.LVL28:
 526              		.loc 1 144 13 view .LVU120
 527 000e 8DF80730 		strb	r3, [sp, #7]
 145:App/Src/hw_i2c.c ****     HAL_StatusTypeDef returnSatus = HW_I2C_ReadByte(deviceAdd, regAdd, &b);
 528              		.loc 1 145 5 is_stmt 1 view .LVU121
 529              		.loc 1 145 37 is_stmt 0 view .LVU122
 530 0012 0DF10702 		add	r2, sp, #7
 531              	.LVL29:
 532              		.loc 1 145 37 view .LVU123
 533 0016 FFF7FEFF 		bl	HW_I2C_ReadByte
 534              	.LVL30:
 146:App/Src/hw_i2c.c ****     uint8_t mask = ((1 << size) - 1) << (bitStart - size + 1);
 535              		.loc 1 146 5 is_stmt 1 view .LVU124
 536              		.loc 1 146 24 is_stmt 0 view .LVU125
 537 001a 0123     		movs	r3, #1
 538 001c B340     		lsls	r3, r3, r6
 539              		.loc 1 146 33 view .LVU126
 540 001e 013B     		subs	r3, r3, #1
 541              		.loc 1 146 51 view .LVU127
 542 0020 A91B     		subs	r1, r5, r6
 543              		.loc 1 146 58 view .LVU128
 544 0022 0131     		adds	r1, r1, #1
 545              		.loc 1 146 38 view .LVU129
 546 0024 8B40     		lsls	r3, r3, r1
 547              	.LVL31:
 147:App/Src/hw_i2c.c ****     b &= mask;
ARM GAS  C:\Users\jsauerer\AppData\Local\Temp\ccIoHzz5.s 			page 14


 548              		.loc 1 147 5 is_stmt 1 view .LVU130
 549              		.loc 1 147 7 is_stmt 0 view .LVU131
 550 0026 9DF80720 		ldrb	r2, [sp, #7]	@ zero_extendqisi2
 551 002a 1340     		ands	r3, r3, r2
 552              	.LVL32:
 148:App/Src/hw_i2c.c ****     b >>= (bitStart - size + 1);
 553              		.loc 1 148 5 is_stmt 1 view .LVU132
 554              		.loc 1 148 7 is_stmt 0 view .LVU133
 555 002c 0B41     		asrs	r3, r3, r1
 149:App/Src/hw_i2c.c ****     *data = b;
 556              		.loc 1 149 5 is_stmt 1 view .LVU134
 557              		.loc 1 149 11 is_stmt 0 view .LVU135
 558 002e 2370     		strb	r3, [r4]
 150:App/Src/hw_i2c.c **** 
 151:App/Src/hw_i2c.c ****     return returnSatus;
 559              		.loc 1 151 5 is_stmt 1 view .LVU136
 152:App/Src/hw_i2c.c **** }
 560              		.loc 1 152 1 is_stmt 0 view .LVU137
 561 0030 02B0     		add	sp, sp, #8
 562              	.LCFI18:
 563              		.cfi_def_cfa_offset 16
 564              		@ sp needed
 565 0032 70BD     		pop	{r4, r5, r6, pc}
 566              		.loc 1 152 1 view .LVU138
 567              		.cfi_endproc
 568              	.LFE119:
 570              		.section	.text.HW_I2C_ReadBit,"ax",%progbits
 571              		.align	1
 572              		.global	HW_I2C_ReadBit
 573              		.syntax unified
 574              		.thumb
 575              		.thumb_func
 576              		.fpu softvfp
 578              	HW_I2C_ReadBit:
 579              	.LVL33:
 580              	.LFB120:
 153:App/Src/hw_i2c.c **** 
 154:App/Src/hw_i2c.c **** HAL_StatusTypeDef HW_I2C_ReadBit(uint8_t deviceAdd, uint8_t regAdd, uint8_t *data, uint8_t bit)
 155:App/Src/hw_i2c.c **** {
 581              		.loc 1 155 1 is_stmt 1 view -0
 582              		.cfi_startproc
 583              		@ args = 0, pretend = 0, frame = 0
 584              		@ frame_needed = 0, uses_anonymous_args = 0
 585              		.loc 1 155 1 is_stmt 0 view .LVU140
 586 0000 10B5     		push	{r4, lr}
 587              	.LCFI19:
 588              		.cfi_def_cfa_offset 8
 589              		.cfi_offset 4, -8
 590              		.cfi_offset 14, -4
 591 0002 82B0     		sub	sp, sp, #8
 592              	.LCFI20:
 593              		.cfi_def_cfa_offset 16
 156:App/Src/hw_i2c.c ****     return HW_I2C_ReadBits(deviceAdd, regAdd, data, bit, 1);
 594              		.loc 1 156 5 is_stmt 1 view .LVU141
 595              		.loc 1 156 12 is_stmt 0 view .LVU142
 596 0004 0124     		movs	r4, #1
 597 0006 0094     		str	r4, [sp]
ARM GAS  C:\Users\jsauerer\AppData\Local\Temp\ccIoHzz5.s 			page 15


 598 0008 FFF7FEFF 		bl	HW_I2C_ReadBits
 599              	.LVL34:
 157:App/Src/hw_i2c.c **** }
 600              		.loc 1 157 1 view .LVU143
 601 000c 02B0     		add	sp, sp, #8
 602              	.LCFI21:
 603              		.cfi_def_cfa_offset 8
 604              		@ sp needed
 605 000e 10BD     		pop	{r4, pc}
 606              		.cfi_endproc
 607              	.LFE120:
 609              		.section	.text.HW_I2C_WriteBytes,"ax",%progbits
 610              		.align	1
 611              		.global	HW_I2C_WriteBytes
 612              		.syntax unified
 613              		.thumb
 614              		.thumb_func
 615              		.fpu softvfp
 617              	HW_I2C_WriteBytes:
 618              	.LVL35:
 619              	.LFB121:
 158:App/Src/hw_i2c.c **** 
 159:App/Src/hw_i2c.c **** HAL_StatusTypeDef HW_I2C_WriteBytes(uint8_t deviceAdd, uint8_t regAdd, uint8_t *data, uint8_t size)
 160:App/Src/hw_i2c.c **** {
 620              		.loc 1 160 1 is_stmt 1 view -0
 621              		.cfi_startproc
 622              		@ args = 0, pretend = 0, frame = 0
 623              		@ frame_needed = 1, uses_anonymous_args = 0
 624              		.loc 1 160 1 is_stmt 0 view .LVU145
 625 0000 2DE9F041 		push	{r4, r5, r6, r7, r8, lr}
 626              	.LCFI22:
 627              		.cfi_def_cfa_offset 24
 628              		.cfi_offset 4, -24
 629              		.cfi_offset 5, -20
 630              		.cfi_offset 6, -16
 631              		.cfi_offset 7, -12
 632              		.cfi_offset 8, -8
 633              		.cfi_offset 14, -4
 634 0004 84B0     		sub	sp, sp, #16
 635              	.LCFI23:
 636              		.cfi_def_cfa_offset 40
 637 0006 04AF     		add	r7, sp, #16
 638              	.LCFI24:
 639              		.cfi_def_cfa 7, 24
 640 0008 8046     		mov	r8, r0
 641 000a 0D46     		mov	r5, r1
 642 000c 1646     		mov	r6, r2
 643 000e 1C46     		mov	r4, r3
 161:App/Src/hw_i2c.c ****     uint8_t buffer[size + 1];
 644              		.loc 1 161 5 is_stmt 1 view .LVU146
 645              	.LVL36:
 646              		.loc 1 161 13 is_stmt 0 view .LVU147
 647 0010 0833     		adds	r3, r3, #8
 648              	.LVL37:
 649              		.loc 1 161 13 view .LVU148
 650 0012 03F4FC73 		and	r3, r3, #504
 651 0016 ADEB030D 		sub	sp, sp, r3
ARM GAS  C:\Users\jsauerer\AppData\Local\Temp\ccIoHzz5.s 			page 16


 652              	.LVL38:
 162:App/Src/hw_i2c.c ****     buffer[0] = regAdd;
 653              		.loc 1 162 5 is_stmt 1 view .LVU149
 654              		.loc 1 162 15 is_stmt 0 view .LVU150
 655 001a 8DF81010 		strb	r1, [sp, #16]
 163:App/Src/hw_i2c.c ****     memcpy((buffer + 1), data, size);
 656              		.loc 1 163 5 is_stmt 1 view .LVU151
 657 001e 2246     		mov	r2, r4
 658              	.LVL39:
 659              		.loc 1 163 5 is_stmt 0 view .LVU152
 660 0020 3146     		mov	r1, r6
 661              	.LVL40:
 662              		.loc 1 163 5 view .LVU153
 663 0022 0DF11100 		add	r0, sp, #17
 664              	.LVL41:
 665              		.loc 1 163 5 view .LVU154
 666 0026 FFF7FEFF 		bl	memcpy
 667              	.LVL42:
 164:App/Src/hw_i2c.c ****     //return HAL_I2C_Master_Transmit(&hi2c1,deviceAdd << 1,buffer,size + 1,I2C_TIMEOUT);
 165:App/Src/hw_i2c.c ****     return HAL_I2C_Mem_Write(&hi2c1, deviceAdd << 1, regAdd, I2C_MEMADD_SIZE_8BIT, data, size, I2C_
 668              		.loc 1 165 5 is_stmt 1 view .LVU155
 669              		.loc 1 165 12 is_stmt 0 view .LVU156
 670 002a 4FF47A73 		mov	r3, #1000
 671 002e 0293     		str	r3, [sp, #8]
 672 0030 0194     		str	r4, [sp, #4]
 673 0032 0096     		str	r6, [sp]
 674 0034 0123     		movs	r3, #1
 675 0036 2A46     		mov	r2, r5
 676 0038 08FA03F1 		lsl	r1, r8, r3
 677 003c 0248     		ldr	r0, .L37
 678 003e FFF7FEFF 		bl	HAL_I2C_Mem_Write
 679              	.LVL43:
 166:App/Src/hw_i2c.c **** }
 680              		.loc 1 166 1 view .LVU157
 681 0042 BD46     		mov	sp, r7
 682              	.LCFI25:
 683              		.cfi_def_cfa_register 13
 684              	.LVL44:
 685              		.loc 1 166 1 view .LVU158
 686              		@ sp needed
 687 0044 BDE8F081 		pop	{r4, r5, r6, r7, r8, pc}
 688              	.LVL45:
 689              	.L38:
 690              		.loc 1 166 1 view .LVU159
 691              		.align	2
 692              	.L37:
 693 0048 00000000 		.word	hi2c1
 694              		.cfi_endproc
 695              	.LFE121:
 697              		.section	.text.HW_I2C_WriteByte,"ax",%progbits
 698              		.align	1
 699              		.global	HW_I2C_WriteByte
 700              		.syntax unified
 701              		.thumb
 702              		.thumb_func
 703              		.fpu softvfp
 705              	HW_I2C_WriteByte:
ARM GAS  C:\Users\jsauerer\AppData\Local\Temp\ccIoHzz5.s 			page 17


 706              	.LVL46:
 707              	.LFB122:
 167:App/Src/hw_i2c.c **** 
 168:App/Src/hw_i2c.c **** HAL_StatusTypeDef HW_I2C_WriteByte(uint8_t deviceAdd,uint8_t regAdd,uint8_t data)
 169:App/Src/hw_i2c.c **** {
 708              		.loc 1 169 1 is_stmt 1 view -0
 709              		.cfi_startproc
 710              		@ args = 0, pretend = 0, frame = 8
 711              		@ frame_needed = 0, uses_anonymous_args = 0
 712              		.loc 1 169 1 is_stmt 0 view .LVU161
 713 0000 00B5     		push	{lr}
 714              	.LCFI26:
 715              		.cfi_def_cfa_offset 4
 716              		.cfi_offset 14, -4
 717 0002 83B0     		sub	sp, sp, #12
 718              	.LCFI27:
 719              		.cfi_def_cfa_offset 16
 720 0004 8DF80720 		strb	r2, [sp, #7]
 170:App/Src/hw_i2c.c ****     return HW_I2C_WriteBytes(deviceAdd, regAdd, &data, 1);
 721              		.loc 1 170 5 is_stmt 1 view .LVU162
 722              		.loc 1 170 12 is_stmt 0 view .LVU163
 723 0008 0123     		movs	r3, #1
 724 000a 0DF10702 		add	r2, sp, #7
 725              	.LVL47:
 726              		.loc 1 170 12 view .LVU164
 727 000e FFF7FEFF 		bl	HW_I2C_WriteBytes
 728              	.LVL48:
 171:App/Src/hw_i2c.c **** }
 729              		.loc 1 171 1 view .LVU165
 730 0012 03B0     		add	sp, sp, #12
 731              	.LCFI28:
 732              		.cfi_def_cfa_offset 4
 733              		@ sp needed
 734 0014 5DF804FB 		ldr	pc, [sp], #4
 735              		.cfi_endproc
 736              	.LFE122:
 738              		.section	.text.HW_I2C_WriteBits,"ax",%progbits
 739              		.align	1
 740              		.global	HW_I2C_WriteBits
 741              		.syntax unified
 742              		.thumb
 743              		.thumb_func
 744              		.fpu softvfp
 746              	HW_I2C_WriteBits:
 747              	.LVL49:
 748              	.LFB123:
 172:App/Src/hw_i2c.c **** 
 173:App/Src/hw_i2c.c **** HAL_StatusTypeDef HW_I2C_WriteBits(uint8_t deviceAdd, uint8_t regAdd, uint8_t data, uint8_t bitStar
 174:App/Src/hw_i2c.c **** {
 749              		.loc 1 174 1 is_stmt 1 view -0
 750              		.cfi_startproc
 751              		@ args = 4, pretend = 0, frame = 8
 752              		@ frame_needed = 0, uses_anonymous_args = 0
 753              		.loc 1 174 1 is_stmt 0 view .LVU167
 754 0000 2DE9F043 		push	{r4, r5, r6, r7, r8, r9, lr}
 755              	.LCFI29:
 756              		.cfi_def_cfa_offset 28
ARM GAS  C:\Users\jsauerer\AppData\Local\Temp\ccIoHzz5.s 			page 18


 757              		.cfi_offset 4, -28
 758              		.cfi_offset 5, -24
 759              		.cfi_offset 6, -20
 760              		.cfi_offset 7, -16
 761              		.cfi_offset 8, -12
 762              		.cfi_offset 9, -8
 763              		.cfi_offset 14, -4
 764 0004 83B0     		sub	sp, sp, #12
 765              	.LCFI30:
 766              		.cfi_def_cfa_offset 40
 767 0006 0646     		mov	r6, r0
 768 0008 0F46     		mov	r7, r1
 769 000a 1446     		mov	r4, r2
 770 000c 9846     		mov	r8, r3
 771 000e 9DF82890 		ldrb	r9, [sp, #40]	@ zero_extendqisi2
 175:App/Src/hw_i2c.c ****     uint8_t b = 0;
 772              		.loc 1 175 5 is_stmt 1 view .LVU168
 773              		.loc 1 175 13 is_stmt 0 view .LVU169
 774 0012 0023     		movs	r3, #0
 775              	.LVL50:
 776              		.loc 1 175 13 view .LVU170
 777 0014 8DF80730 		strb	r3, [sp, #7]
 176:App/Src/hw_i2c.c ****     HW_I2C_ReadByte(deviceAdd, regAdd, &b);
 778              		.loc 1 176 5 is_stmt 1 view .LVU171
 779 0018 0DF10702 		add	r2, sp, #7
 780              	.LVL51:
 781              		.loc 1 176 5 is_stmt 0 view .LVU172
 782 001c FFF7FEFF 		bl	HW_I2C_ReadByte
 783              	.LVL52:
 177:App/Src/hw_i2c.c ****     uint8_t mask = ((1 << size) - 1) << (bitStart - size + 1);
 784              		.loc 1 177 5 is_stmt 1 view .LVU173
 785              		.loc 1 177 24 is_stmt 0 view .LVU174
 786 0020 0125     		movs	r5, #1
 787 0022 05FA09F5 		lsl	r5, r5, r9
 788              		.loc 1 177 33 view .LVU175
 789 0026 013D     		subs	r5, r5, #1
 790              		.loc 1 177 51 view .LVU176
 791 0028 A8EB0902 		sub	r2, r8, r9
 792              		.loc 1 177 58 view .LVU177
 793 002c 0132     		adds	r2, r2, #1
 794              		.loc 1 177 38 view .LVU178
 795 002e 05FA02F3 		lsl	r3, r5, r2
 796              	.LVL53:
 178:App/Src/hw_i2c.c **** 
 179:App/Src/hw_i2c.c ****     data <<= (bitStart - size + 1); // shift data into correct position
 797              		.loc 1 179 5 is_stmt 1 view .LVU179
 798              		.loc 1 179 10 is_stmt 0 view .LVU180
 799 0032 04FA02F2 		lsl	r2, r4, r2
 800 0036 D2B2     		uxtb	r2, r2
 801              	.LVL54:
 180:App/Src/hw_i2c.c ****     data &= mask;                   // zero all non-important bits in data
 802              		.loc 1 180 5 is_stmt 1 view .LVU181
 803              		.loc 1 180 10 is_stmt 0 view .LVU182
 804 0038 1A40     		ands	r2, r2, r3
 805              	.LVL55:
 181:App/Src/hw_i2c.c ****     b &= ~(mask);                   // zero all important bits in existing byte
 806              		.loc 1 181 5 is_stmt 1 view .LVU183
ARM GAS  C:\Users\jsauerer\AppData\Local\Temp\ccIoHzz5.s 			page 19


 807              		.loc 1 181 7 is_stmt 0 view .LVU184
 808 003a 9DF80710 		ldrb	r1, [sp, #7]	@ zero_extendqisi2
 809 003e 21EA0303 		bic	r3, r1, r3
 810              	.LVL56:
 182:App/Src/hw_i2c.c ****     b |= data;                      // combine data with existing byte
 811              		.loc 1 182 5 is_stmt 1 view .LVU185
 812              		.loc 1 182 7 is_stmt 0 view .LVU186
 813 0042 1343     		orrs	r3, r3, r2
 814 0044 8DF80730 		strb	r3, [sp, #7]
 183:App/Src/hw_i2c.c **** 
 184:App/Src/hw_i2c.c ****     return HW_I2C_WriteByte(deviceAdd, regAdd, data);
 815              		.loc 1 184 5 is_stmt 1 view .LVU187
 816              		.loc 1 184 12 is_stmt 0 view .LVU188
 817 0048 3946     		mov	r1, r7
 818 004a 3046     		mov	r0, r6
 819 004c FFF7FEFF 		bl	HW_I2C_WriteByte
 820              	.LVL57:
 185:App/Src/hw_i2c.c **** }
 821              		.loc 1 185 1 view .LVU189
 822 0050 03B0     		add	sp, sp, #12
 823              	.LCFI31:
 824              		.cfi_def_cfa_offset 28
 825              		@ sp needed
 826 0052 BDE8F083 		pop	{r4, r5, r6, r7, r8, r9, pc}
 827              		.loc 1 185 1 view .LVU190
 828              		.cfi_endproc
 829              	.LFE123:
 831              		.section	.text.HW_I2C_WriteBit,"ax",%progbits
 832              		.align	1
 833              		.global	HW_I2C_WriteBit
 834              		.syntax unified
 835              		.thumb
 836              		.thumb_func
 837              		.fpu softvfp
 839              	HW_I2C_WriteBit:
 840              	.LVL58:
 841              	.LFB124:
 186:App/Src/hw_i2c.c **** 
 187:App/Src/hw_i2c.c **** HAL_StatusTypeDef HW_I2C_WriteBit(uint8_t deviceAdd, uint8_t regAdd, uint8_t bitNum, uint8_t data)
 188:App/Src/hw_i2c.c **** {
 842              		.loc 1 188 1 is_stmt 1 view -0
 843              		.cfi_startproc
 844              		@ args = 0, pretend = 0, frame = 8
 845              		@ frame_needed = 0, uses_anonymous_args = 0
 846              		.loc 1 188 1 is_stmt 0 view .LVU192
 847 0000 F0B5     		push	{r4, r5, r6, r7, lr}
 848              	.LCFI32:
 849              		.cfi_def_cfa_offset 20
 850              		.cfi_offset 4, -20
 851              		.cfi_offset 5, -16
 852              		.cfi_offset 6, -12
 853              		.cfi_offset 7, -8
 854              		.cfi_offset 14, -4
 855 0002 83B0     		sub	sp, sp, #12
 856              	.LCFI33:
 857              		.cfi_def_cfa_offset 32
 858 0004 0446     		mov	r4, r0
ARM GAS  C:\Users\jsauerer\AppData\Local\Temp\ccIoHzz5.s 			page 20


 859 0006 0D46     		mov	r5, r1
 860 0008 1646     		mov	r6, r2
 861 000a 1F46     		mov	r7, r3
 189:App/Src/hw_i2c.c ****     uint8_t tmp = 0;
 862              		.loc 1 189 5 is_stmt 1 view .LVU193
 863              		.loc 1 189 13 is_stmt 0 view .LVU194
 864 000c 0023     		movs	r3, #0
 865              	.LVL59:
 866              		.loc 1 189 13 view .LVU195
 867 000e 8DF80730 		strb	r3, [sp, #7]
 190:App/Src/hw_i2c.c ****     HW_I2C_ReadByte(deviceAdd, regAdd, &tmp);
 868              		.loc 1 190 5 is_stmt 1 view .LVU196
 869 0012 0DF10702 		add	r2, sp, #7
 870              	.LVL60:
 871              		.loc 1 190 5 is_stmt 0 view .LVU197
 872 0016 FFF7FEFF 		bl	HW_I2C_ReadByte
 873              	.LVL61:
 191:App/Src/hw_i2c.c ****     tmp = (data != 0) ? (tmp | (1 << bitNum)) : (tmp & ~(1 << bitNum));
 874              		.loc 1 191 5 is_stmt 1 view .LVU198
 875              		.loc 1 191 9 is_stmt 0 view .LVU199
 876 001a 77B1     		cbz	r7, .L44
 877              		.loc 1 191 35 discriminator 1 view .LVU200
 878 001c 0122     		movs	r2, #1
 879 001e 02FA06F6 		lsl	r6, r2, r6
 880              		.loc 1 191 30 discriminator 1 view .LVU201
 881 0022 9DF80720 		ldrb	r2, [sp, #7]	@ zero_extendqisi2
 882 0026 3243     		orrs	r2, r2, r6
 883              		.loc 1 191 9 discriminator 1 view .LVU202
 884 0028 D2B2     		uxtb	r2, r2
 885              	.L45:
 886              		.loc 1 191 9 discriminator 4 view .LVU203
 887 002a 8DF80720 		strb	r2, [sp, #7]
 192:App/Src/hw_i2c.c ****     return HW_I2C_WriteByte(deviceAdd, regAdd, tmp);
 888              		.loc 1 192 5 is_stmt 1 discriminator 4 view .LVU204
 889              		.loc 1 192 12 is_stmt 0 discriminator 4 view .LVU205
 890 002e 2946     		mov	r1, r5
 891 0030 2046     		mov	r0, r4
 892 0032 FFF7FEFF 		bl	HW_I2C_WriteByte
 893              	.LVL62:
 193:App/Src/hw_i2c.c **** }
 894              		.loc 1 193 1 discriminator 4 view .LVU206
 895 0036 03B0     		add	sp, sp, #12
 896              	.LCFI34:
 897              		.cfi_remember_state
 898              		.cfi_def_cfa_offset 20
 899              		@ sp needed
 900 0038 F0BD     		pop	{r4, r5, r6, r7, pc}
 901              	.L44:
 902              	.LCFI35:
 903              		.cfi_restore_state
 191:App/Src/hw_i2c.c ****     tmp = (data != 0) ? (tmp | (1 << bitNum)) : (tmp & ~(1 << bitNum));
 904              		.loc 1 191 60 discriminator 2 view .LVU207
 905 003a 0122     		movs	r2, #1
 906 003c B240     		lsls	r2, r2, r6
 191:App/Src/hw_i2c.c ****     tmp = (data != 0) ? (tmp | (1 << bitNum)) : (tmp & ~(1 << bitNum));
 907              		.loc 1 191 54 discriminator 2 view .LVU208
 908 003e 9DF80730 		ldrb	r3, [sp, #7]	@ zero_extendqisi2
ARM GAS  C:\Users\jsauerer\AppData\Local\Temp\ccIoHzz5.s 			page 21


 191:App/Src/hw_i2c.c ****     tmp = (data != 0) ? (tmp | (1 << bitNum)) : (tmp & ~(1 << bitNum));
 909              		.loc 1 191 9 discriminator 2 view .LVU209
 910 0042 23EA0202 		bic	r2, r3, r2
 911 0046 F0E7     		b	.L45
 912              		.cfi_endproc
 913              	.LFE124:
 915              		.section	.text.HW_I2C_WriteWord,"ax",%progbits
 916              		.align	1
 917              		.global	HW_I2C_WriteWord
 918              		.syntax unified
 919              		.thumb
 920              		.thumb_func
 921              		.fpu softvfp
 923              	HW_I2C_WriteWord:
 924              	.LVL63:
 925              	.LFB125:
 194:App/Src/hw_i2c.c **** 
 195:App/Src/hw_i2c.c **** HAL_StatusTypeDef HW_I2C_WriteWord(uint8_t deviceAdd, uint8_t regAdd, uint16_t data)
 196:App/Src/hw_i2c.c **** {
 926              		.loc 1 196 1 is_stmt 1 view -0
 927              		.cfi_startproc
 928              		@ args = 0, pretend = 0, frame = 8
 929              		@ frame_needed = 0, uses_anonymous_args = 0
 930              		.loc 1 196 1 is_stmt 0 view .LVU211
 931 0000 00B5     		push	{lr}
 932              	.LCFI36:
 933              		.cfi_def_cfa_offset 4
 934              		.cfi_offset 14, -4
 935 0002 83B0     		sub	sp, sp, #12
 936              	.LCFI37:
 937              		.cfi_def_cfa_offset 16
 197:App/Src/hw_i2c.c ****     uint8_t towrite[2];
 938              		.loc 1 197 5 is_stmt 1 view .LVU212
 198:App/Src/hw_i2c.c ****     towrite[0] = (uint8_t)(data >> 8); //MSB
 939              		.loc 1 198 5 view .LVU213
 940              		.loc 1 198 18 is_stmt 0 view .LVU214
 941 0004 130A     		lsrs	r3, r2, #8
 942              		.loc 1 198 16 view .LVU215
 943 0006 8DF80430 		strb	r3, [sp, #4]
 199:App/Src/hw_i2c.c ****     towrite[1] = (uint8_t)data;        //LSB
 944              		.loc 1 199 5 is_stmt 1 view .LVU216
 945              		.loc 1 199 16 is_stmt 0 view .LVU217
 946 000a 8DF80520 		strb	r2, [sp, #5]
 200:App/Src/hw_i2c.c ****     HW_I2C_WriteBytes(deviceAdd, regAdd, (uint8_t *)towrite, 2);
 947              		.loc 1 200 5 is_stmt 1 view .LVU218
 948 000e 0223     		movs	r3, #2
 949 0010 01AA     		add	r2, sp, #4
 950              	.LVL64:
 951              		.loc 1 200 5 is_stmt 0 view .LVU219
 952 0012 FFF7FEFF 		bl	HW_I2C_WriteBytes
 953              	.LVL65:
 201:App/Src/hw_i2c.c ****     return HAL_OK;
 954              		.loc 1 201 5 is_stmt 1 view .LVU220
 202:App/Src/hw_i2c.c **** }
 955              		.loc 1 202 1 is_stmt 0 view .LVU221
 956 0016 0020     		movs	r0, #0
 957 0018 03B0     		add	sp, sp, #12
ARM GAS  C:\Users\jsauerer\AppData\Local\Temp\ccIoHzz5.s 			page 22


 958              	.LCFI38:
 959              		.cfi_def_cfa_offset 4
 960              		@ sp needed
 961 001a 5DF804FB 		ldr	pc, [sp], #4
 962              		.cfi_endproc
 963              	.LFE125:
 965              		.section	.text.HW_I2C_Write32Bits,"ax",%progbits
 966              		.align	1
 967              		.global	HW_I2C_Write32Bits
 968              		.syntax unified
 969              		.thumb
 970              		.thumb_func
 971              		.fpu softvfp
 973              	HW_I2C_Write32Bits:
 974              	.LVL66:
 975              	.LFB126:
 203:App/Src/hw_i2c.c **** HAL_StatusTypeDef HW_I2C_Write32Bits(uint8_t deviceAdd, uint8_t regAdd, uint32_t data)
 204:App/Src/hw_i2c.c **** {
 976              		.loc 1 204 1 is_stmt 1 view -0
 977              		.cfi_startproc
 978              		@ args = 0, pretend = 0, frame = 8
 979              		@ frame_needed = 0, uses_anonymous_args = 0
 980              		.loc 1 204 1 is_stmt 0 view .LVU223
 981 0000 00B5     		push	{lr}
 982              	.LCFI39:
 983              		.cfi_def_cfa_offset 4
 984              		.cfi_offset 14, -4
 985 0002 83B0     		sub	sp, sp, #12
 986              	.LCFI40:
 987              		.cfi_def_cfa_offset 16
 205:App/Src/hw_i2c.c ****     uint8_t towrite[4];
 988              		.loc 1 205 5 is_stmt 1 view .LVU224
 206:App/Src/hw_i2c.c ****     towrite[0] = (uint8_t)(data >> 24); //MSB
 989              		.loc 1 206 5 view .LVU225
 990              		.loc 1 206 18 is_stmt 0 view .LVU226
 991 0004 130E     		lsrs	r3, r2, #24
 992              		.loc 1 206 16 view .LVU227
 993 0006 8DF80430 		strb	r3, [sp, #4]
 207:App/Src/hw_i2c.c ****     towrite[1] = (uint8_t)(data >> 16);
 994              		.loc 1 207 5 is_stmt 1 view .LVU228
 995              		.loc 1 207 18 is_stmt 0 view .LVU229
 996 000a C2F30743 		ubfx	r3, r2, #16, #8
 997              		.loc 1 207 16 view .LVU230
 998 000e 8DF80530 		strb	r3, [sp, #5]
 208:App/Src/hw_i2c.c ****     towrite[2] = (uint8_t)(data >> 8);
 999              		.loc 1 208 5 is_stmt 1 view .LVU231
 1000              		.loc 1 208 18 is_stmt 0 view .LVU232
 1001 0012 C2F30723 		ubfx	r3, r2, #8, #8
 1002              		.loc 1 208 16 view .LVU233
 1003 0016 8DF80630 		strb	r3, [sp, #6]
 209:App/Src/hw_i2c.c ****     towrite[3] = (uint8_t)data;
 1004              		.loc 1 209 5 is_stmt 1 view .LVU234
 1005              		.loc 1 209 16 is_stmt 0 view .LVU235
 1006 001a 8DF80720 		strb	r2, [sp, #7]
 210:App/Src/hw_i2c.c ****     HW_I2C_WriteBytes(deviceAdd, regAdd, (uint8_t *)towrite, 4);
 1007              		.loc 1 210 5 is_stmt 1 view .LVU236
 1008 001e 0423     		movs	r3, #4
ARM GAS  C:\Users\jsauerer\AppData\Local\Temp\ccIoHzz5.s 			page 23


 1009 0020 0DEB0302 		add	r2, sp, r3
 1010              	.LVL67:
 1011              		.loc 1 210 5 is_stmt 0 view .LVU237
 1012 0024 FFF7FEFF 		bl	HW_I2C_WriteBytes
 1013              	.LVL68:
 211:App/Src/hw_i2c.c ****     return HAL_OK;
 1014              		.loc 1 211 5 is_stmt 1 view .LVU238
 212:App/Src/hw_i2c.c **** }
 1015              		.loc 1 212 1 is_stmt 0 view .LVU239
 1016 0028 0020     		movs	r0, #0
 1017 002a 03B0     		add	sp, sp, #12
 1018              	.LCFI41:
 1019              		.cfi_def_cfa_offset 4
 1020              		@ sp needed
 1021 002c 5DF804FB 		ldr	pc, [sp], #4
 1022              		.cfi_endproc
 1023              	.LFE126:
 1025              		.comm	hi2c1,84,4
 1026              		.text
 1027              	.Letext0:
 1028              		.file 2 "c:\\vsarm\\armcc\\arm-none-eabi\\include\\machine\\_default_types.h"
 1029              		.file 3 "c:\\vsarm\\armcc\\arm-none-eabi\\include\\sys\\lock.h"
 1030              		.file 4 "c:\\vsarm\\armcc\\arm-none-eabi\\include\\sys\\_types.h"
 1031              		.file 5 "c:\\vsarm\\armcc\\lib\\gcc\\arm-none-eabi\\9.2.1\\include\\stddef.h"
 1032              		.file 6 "c:\\vsarm\\armcc\\arm-none-eabi\\include\\sys\\reent.h"
 1033              		.file 7 "c:\\vsarm\\armcc\\arm-none-eabi\\include\\math.h"
 1034              		.file 8 "c:\\vsarm\\armcc\\arm-none-eabi\\include\\sys\\_stdint.h"
 1035              		.file 9 "Drivers/CMSIS/Include/core_cm3.h"
 1036              		.file 10 "Drivers/CMSIS/Device/ST/STM32F1xx/Include/system_stm32f1xx.h"
 1037              		.file 11 "Drivers/CMSIS/Device/ST/STM32F1xx/Include/stm32f103xb.h"
 1038              		.file 12 "Drivers/STM32F1xx_HAL_Driver/Inc/stm32f1xx_hal_def.h"
 1039              		.file 13 "Drivers/STM32F1xx_HAL_Driver/Inc/stm32f1xx_hal_gpio.h"
 1040              		.file 14 "Drivers/STM32F1xx_HAL_Driver/Inc/stm32f1xx_hal_dma.h"
 1041              		.file 15 "Drivers/STM32F1xx_HAL_Driver/Inc/stm32f1xx_hal_i2c.h"
 1042              		.file 16 "Drivers/STM32F1xx_HAL_Driver/Inc/stm32f1xx_hal.h"
 1043              		.file 17 "App/Inc/hw_i2c.h"
 1044              		.file 18 "App/Inc/hw_msp.h"
 1045              		.file 19 "<built-in>"
ARM GAS  C:\Users\jsauerer\AppData\Local\Temp\ccIoHzz5.s 			page 24


DEFINED SYMBOLS
                            *ABS*:00000000 hw_i2c.c
C:\Users\jsauerer\AppData\Local\Temp\ccIoHzz5.s:16     .text.HW_I2C_IoInit:00000000 $t
C:\Users\jsauerer\AppData\Local\Temp\ccIoHzz5.s:24     .text.HW_I2C_IoInit:00000000 HW_I2C_IoInit
C:\Users\jsauerer\AppData\Local\Temp\ccIoHzz5.s:100    .text.HW_I2C_IoInit:00000048 $d
C:\Users\jsauerer\AppData\Local\Temp\ccIoHzz5.s:106    .text.HW_I2C_Init:00000000 $t
C:\Users\jsauerer\AppData\Local\Temp\ccIoHzz5.s:113    .text.HW_I2C_Init:00000000 HW_I2C_Init
C:\Users\jsauerer\AppData\Local\Temp\ccIoHzz5.s:177    .text.HW_I2C_Init:00000034 $d
                            *COM*:00000054 hi2c1
C:\Users\jsauerer\AppData\Local\Temp\ccIoHzz5.s:184    .text.HW_I2C_MspDeInit:00000000 $t
C:\Users\jsauerer\AppData\Local\Temp\ccIoHzz5.s:191    .text.HW_I2C_MspDeInit:00000000 HW_I2C_MspDeInit
C:\Users\jsauerer\AppData\Local\Temp\ccIoHzz5.s:234    .text.HW_I2C_MspDeInit:00000020 $d
C:\Users\jsauerer\AppData\Local\Temp\ccIoHzz5.s:241    .text.HW_I2C_IsI2CDeviceReady:00000000 $t
C:\Users\jsauerer\AppData\Local\Temp\ccIoHzz5.s:248    .text.HW_I2C_IsI2CDeviceReady:00000000 HW_I2C_IsI2CDeviceReady
C:\Users\jsauerer\AppData\Local\Temp\ccIoHzz5.s:281    .text.HW_I2C_IsI2CDeviceReady:0000001c $d
C:\Users\jsauerer\AppData\Local\Temp\ccIoHzz5.s:286    .text.HW_I2C_ReadBytes:00000000 $t
C:\Users\jsauerer\AppData\Local\Temp\ccIoHzz5.s:293    .text.HW_I2C_ReadBytes:00000000 HW_I2C_ReadBytes
C:\Users\jsauerer\AppData\Local\Temp\ccIoHzz5.s:338    .text.HW_I2C_ReadBytes:00000020 $d
C:\Users\jsauerer\AppData\Local\Temp\ccIoHzz5.s:343    .text.HW_I2C_ReadWord:00000000 $t
C:\Users\jsauerer\AppData\Local\Temp\ccIoHzz5.s:350    .text.HW_I2C_ReadWord:00000000 HW_I2C_ReadWord
C:\Users\jsauerer\AppData\Local\Temp\ccIoHzz5.s:397    .text.HW_I2C_Read32bits:00000000 $t
C:\Users\jsauerer\AppData\Local\Temp\ccIoHzz5.s:404    .text.HW_I2C_Read32bits:00000000 HW_I2C_Read32bits
C:\Users\jsauerer\AppData\Local\Temp\ccIoHzz5.s:463    .text.HW_I2C_ReadByte:00000000 $t
C:\Users\jsauerer\AppData\Local\Temp\ccIoHzz5.s:470    .text.HW_I2C_ReadByte:00000000 HW_I2C_ReadByte
C:\Users\jsauerer\AppData\Local\Temp\ccIoHzz5.s:494    .text.HW_I2C_ReadBits:00000000 $t
C:\Users\jsauerer\AppData\Local\Temp\ccIoHzz5.s:501    .text.HW_I2C_ReadBits:00000000 HW_I2C_ReadBits
C:\Users\jsauerer\AppData\Local\Temp\ccIoHzz5.s:571    .text.HW_I2C_ReadBit:00000000 $t
C:\Users\jsauerer\AppData\Local\Temp\ccIoHzz5.s:578    .text.HW_I2C_ReadBit:00000000 HW_I2C_ReadBit
C:\Users\jsauerer\AppData\Local\Temp\ccIoHzz5.s:610    .text.HW_I2C_WriteBytes:00000000 $t
C:\Users\jsauerer\AppData\Local\Temp\ccIoHzz5.s:617    .text.HW_I2C_WriteBytes:00000000 HW_I2C_WriteBytes
C:\Users\jsauerer\AppData\Local\Temp\ccIoHzz5.s:693    .text.HW_I2C_WriteBytes:00000048 $d
C:\Users\jsauerer\AppData\Local\Temp\ccIoHzz5.s:698    .text.HW_I2C_WriteByte:00000000 $t
C:\Users\jsauerer\AppData\Local\Temp\ccIoHzz5.s:705    .text.HW_I2C_WriteByte:00000000 HW_I2C_WriteByte
C:\Users\jsauerer\AppData\Local\Temp\ccIoHzz5.s:739    .text.HW_I2C_WriteBits:00000000 $t
C:\Users\jsauerer\AppData\Local\Temp\ccIoHzz5.s:746    .text.HW_I2C_WriteBits:00000000 HW_I2C_WriteBits
C:\Users\jsauerer\AppData\Local\Temp\ccIoHzz5.s:832    .text.HW_I2C_WriteBit:00000000 $t
C:\Users\jsauerer\AppData\Local\Temp\ccIoHzz5.s:839    .text.HW_I2C_WriteBit:00000000 HW_I2C_WriteBit
C:\Users\jsauerer\AppData\Local\Temp\ccIoHzz5.s:916    .text.HW_I2C_WriteWord:00000000 $t
C:\Users\jsauerer\AppData\Local\Temp\ccIoHzz5.s:923    .text.HW_I2C_WriteWord:00000000 HW_I2C_WriteWord
C:\Users\jsauerer\AppData\Local\Temp\ccIoHzz5.s:966    .text.HW_I2C_Write32Bits:00000000 $t
C:\Users\jsauerer\AppData\Local\Temp\ccIoHzz5.s:973    .text.HW_I2C_Write32Bits:00000000 HW_I2C_Write32Bits

UNDEFINED SYMBOLS
HAL_GPIO_Init
HAL_I2C_Init
Error_Handler
HAL_GPIO_DeInit
HAL_I2C_IsDeviceReady
HAL_I2C_Mem_Read
memcpy
HAL_I2C_Mem_Write
