ARM GAS  C:\Users\jsauerer\AppData\Local\Temp\ccWc6lTu.s 			page 1


   1              		.cpu cortex-m3
   2              		.eabi_attribute 20, 1
   3              		.eabi_attribute 21, 1
   4              		.eabi_attribute 23, 3
   5              		.eabi_attribute 24, 1
   6              		.eabi_attribute 25, 1
   7              		.eabi_attribute 26, 1
   8              		.eabi_attribute 30, 1
   9              		.eabi_attribute 34, 1
  10              		.eabi_attribute 18, 4
  11              		.file	"main.c"
  12              		.text
  13              	.Ltext0:
  14              		.cfi_sections	.debug_frame
  15              		.section	.rodata.main.str1.4,"aMS",%progbits,1
  16              		.align	2
  17              	.LC1:
  18 0000 25640A00 		.ascii	"%d\012\000"
  19              		.align	2
  20              	.LC0:
  21 0004 E8E8F1F0 		.ascii	"\350\350\361\360\341\000"
  21      E100
  22              		.section	.text.main,"ax",%progbits
  23              		.align	1
  24              		.global	main
  25              		.arch armv7-m
  26              		.syntax unified
  27              		.thumb
  28              		.thumb_func
  29              		.fpu softvfp
  31              	main:
  32              	.LFB111:
  33              		.file 1 "App/Src/main.c"
   1:App/Src/main.c **** /* USER CODE BEGIN Header */
   2:App/Src/main.c **** /**
   3:App/Src/main.c ****   ******************************************************************************
   4:App/Src/main.c ****   * @file           : main.c
   5:App/Src/main.c ****   * @brief          : Main program body
   6:App/Src/main.c ****   ******************************************************************************
   7:App/Src/main.c ****   * @attention
   8:App/Src/main.c ****   *
   9:App/Src/main.c ****   * <h2><center>&copy; Copyright (c) 2020 STMicroelectronics.
  10:App/Src/main.c ****   * All rights reserved.</center></h2>
  11:App/Src/main.c ****   *
  12:App/Src/main.c ****   * This software component is licensed by ST under BSD 3-Clause license,
  13:App/Src/main.c ****   * the "License"; You may not use this file except in compliance with the
  14:App/Src/main.c ****   * License. You may obtain a copy of the License at:
  15:App/Src/main.c ****   *                        opensource.org/licenses/BSD-3-Clause
  16:App/Src/main.c ****   *
  17:App/Src/main.c ****   ******************************************************************************
  18:App/Src/main.c ****   */
  19:App/Src/main.c **** /* USER CODE END Header */
  20:App/Src/main.c **** 
  21:App/Src/main.c **** /* Includes ------------------------------------------------------------------*/
  22:App/Src/main.c **** #include "hw.h"
  23:App/Src/main.c **** #include "mpu6050.h"
  24:App/Src/main.c **** #include "mpu6050_platform.h"
ARM GAS  C:\Users\jsauerer\AppData\Local\Temp\ccWc6lTu.s 			page 2


  25:App/Src/main.c **** #include "nrf24.h"
  26:App/Src/main.c **** /* Private includes ----------------------------------------------------------*/
  27:App/Src/main.c **** /* USER CODE BEGIN Includes */
  28:App/Src/main.c **** 
  29:App/Src/main.c **** /* USER CODE END Includes */
  30:App/Src/main.c **** 
  31:App/Src/main.c **** /* Private typedef -----------------------------------------------------------*/
  32:App/Src/main.c **** /* USER CODE BEGIN PTD */
  33:App/Src/main.c **** 
  34:App/Src/main.c **** /* USER CODE END PTD */
  35:App/Src/main.c **** 
  36:App/Src/main.c **** /* Private define ------------------------------------------------------------*/
  37:App/Src/main.c **** /* USER CODE BEGIN PD */
  38:App/Src/main.c **** /* USER CODE END PD */
  39:App/Src/main.c **** 
  40:App/Src/main.c **** /* Private macro -------------------------------------------------------------*/
  41:App/Src/main.c **** /* USER CODE BEGIN PM */
  42:App/Src/main.c **** 
  43:App/Src/main.c **** /* USER CODE END PM */
  44:App/Src/main.c **** 
  45:App/Src/main.c **** /* Private variables ---------------------------------------------------------*/
  46:App/Src/main.c **** 
  47:App/Src/main.c **** /* USER CODE BEGIN PV */
  48:App/Src/main.c **** 
  49:App/Src/main.c **** /* USER CODE END PV */
  50:App/Src/main.c **** 
  51:App/Src/main.c **** /* Private function prototypes -----------------------------------------------*/
  52:App/Src/main.c **** void SystemClock_Config(void);
  53:App/Src/main.c **** /* USER CODE BEGIN PFP */
  54:App/Src/main.c **** 
  55:App/Src/main.c **** /* USER CODE END PFP */
  56:App/Src/main.c **** 
  57:App/Src/main.c **** /* Private user code ---------------------------------------------------------*/
  58:App/Src/main.c **** /* USER CODE BEGIN 0 */
  59:App/Src/main.c **** 
  60:App/Src/main.c **** /* USER CODE END 0 */
  61:App/Src/main.c **** 
  62:App/Src/main.c **** /**
  63:App/Src/main.c ****   * @brief  The application entry point.
  64:App/Src/main.c ****   * @retval int
  65:App/Src/main.c ****   */
  66:App/Src/main.c **** int main(void)
  67:App/Src/main.c **** {
  34              		.loc 1 67 1 view -0
  35              		.cfi_startproc
  36              		@ args = 0, pretend = 0, frame = 72
  37              		@ frame_needed = 0, uses_anonymous_args = 0
  38 0000 70B5     		push	{r4, r5, r6, lr}
  39              	.LCFI0:
  40              		.cfi_def_cfa_offset 16
  41              		.cfi_offset 4, -16
  42              		.cfi_offset 5, -12
  43              		.cfi_offset 6, -8
  44              		.cfi_offset 14, -4
  45 0002 92B0     		sub	sp, sp, #72
  46              	.LCFI1:
  47              		.cfi_def_cfa_offset 88
ARM GAS  C:\Users\jsauerer\AppData\Local\Temp\ccWc6lTu.s 			page 3


  68:App/Src/main.c ****   /* MCU Configuration--------------------------------------------------------*/
  69:App/Src/main.c **** 
  70:App/Src/main.c ****   /* Reset of all peripherals, Initializes the Flash interface and the Systick. */
  71:App/Src/main.c ****   HAL_Init();
  48              		.loc 1 71 3 view .LVU1
  49 0004 FFF7FEFF 		bl	HAL_Init
  50              	.LVL0:
  72:App/Src/main.c **** 
  73:App/Src/main.c ****   /* Configure the system clock */
  74:App/Src/main.c ****   SystemClock_Config();
  51              		.loc 1 74 3 view .LVU2
  52 0008 FFF7FEFF 		bl	SystemClock_Config
  53              	.LVL1:
  75:App/Src/main.c **** 
  76:App/Src/main.c ****   /* Configure the hardware*/
  77:App/Src/main.c ****   HW_Init();
  54              		.loc 1 77 3 view .LVU3
  55 000c FFF7FEFF 		bl	HW_Init
  56              	.LVL2:
  78:App/Src/main.c **** 
  79:App/Src/main.c ****   /*Configure GPIO pin Output Level */
  80:App/Src/main.c ****   HAL_GPIO_WritePin(GPIOC, GPIO_PIN_13, GPIO_PIN_RESET);
  57              		.loc 1 80 3 view .LVU4
  58 0010 3B4E     		ldr	r6, .L5
  59 0012 0022     		movs	r2, #0
  60 0014 4FF40051 		mov	r1, #8192
  61 0018 3046     		mov	r0, r6
  62 001a FFF7FEFF 		bl	HAL_GPIO_WritePin
  63              	.LVL3:
  81:App/Src/main.c **** 
  82:App/Src/main.c ****   /* USER CODE BEGIN TIM1_Init 2 */
  83:App/Src/main.c ****   __HAL_RCC_GPIOC_CLK_ENABLE();
  64              		.loc 1 83 3 view .LVU5
  65              	.LBB2:
  66              		.loc 1 83 3 view .LVU6
  67              		.loc 1 83 3 view .LVU7
  68 001e 394B     		ldr	r3, .L5+4
  69 0020 9A69     		ldr	r2, [r3, #24]
  70 0022 42F01002 		orr	r2, r2, #16
  71 0026 9A61     		str	r2, [r3, #24]
  72              		.loc 1 83 3 view .LVU8
  73 0028 9B69     		ldr	r3, [r3, #24]
  74 002a 03F01003 		and	r3, r3, #16
  75 002e 0093     		str	r3, [sp]
  76              		.loc 1 83 3 view .LVU9
  77 0030 009B     		ldr	r3, [sp]
  78              	.LBE2:
  79              		.loc 1 83 3 view .LVU10
  84:App/Src/main.c ****   /**TIM1 GPIO Configuration    
  85:App/Src/main.c ****     PA11     ------> TIM1_CH4 
  86:App/Src/main.c ****     */
  87:App/Src/main.c ****   GPIO_InitTypeDef GPIO_InitStruct = {0};
  80              		.loc 1 87 3 view .LVU11
  81              		.loc 1 87 20 is_stmt 0 view .LVU12
  82 0032 0025     		movs	r5, #0
  83 0034 1095     		str	r5, [sp, #64]
  88:App/Src/main.c ****   GPIO_InitStruct.Pin = GPIO_PIN_13;
ARM GAS  C:\Users\jsauerer\AppData\Local\Temp\ccWc6lTu.s 			page 4


  84              		.loc 1 88 3 is_stmt 1 view .LVU13
  85              		.loc 1 88 23 is_stmt 0 view .LVU14
  86 0036 4FF40053 		mov	r3, #8192
  87 003a 0E93     		str	r3, [sp, #56]
  89:App/Src/main.c ****   GPIO_InitStruct.Mode = GPIO_MODE_AF_PP;
  88              		.loc 1 89 3 is_stmt 1 view .LVU15
  90:App/Src/main.c ****   GPIO_InitStruct.Speed = GPIO_SPEED_FREQ_HIGH;
  89              		.loc 1 90 3 view .LVU16
  90              		.loc 1 90 25 is_stmt 0 view .LVU17
  91 003c 0323     		movs	r3, #3
  92 003e 1193     		str	r3, [sp, #68]
  91:App/Src/main.c ****   GPIO_InitStruct.Mode = GPIO_MODE_OUTPUT_PP;
  93              		.loc 1 91 3 is_stmt 1 view .LVU18
  94              		.loc 1 91 24 is_stmt 0 view .LVU19
  95 0040 0124     		movs	r4, #1
  96 0042 0F94     		str	r4, [sp, #60]
  92:App/Src/main.c ****   HAL_GPIO_Init(GPIOC, &GPIO_InitStruct);
  97              		.loc 1 92 3 is_stmt 1 view .LVU20
  98 0044 0EA9     		add	r1, sp, #56
  99 0046 3046     		mov	r0, r6
 100 0048 FFF7FEFF 		bl	HAL_GPIO_Init
 101              	.LVL4:
  93:App/Src/main.c ****   //volatile HAL_StatusTypeDef s =
  94:App/Src/main.c ****   nRF24_CE_H;                // start receiving
 102              		.loc 1 94 3 view .LVU21
 103 004c 2246     		mov	r2, r4
 104 004e 0821     		movs	r1, #8
 105 0050 2D48     		ldr	r0, .L5+8
 106 0052 FFF7FEFF 		bl	HW_GPIO_Write
 107              	.LVL5:
  95:App/Src/main.c ****   uint8_t ADDR[] = {0xE8, 0xE8, 0xF1, 0xF0, 0xE1}; // the address for RX pipe
 108              		.loc 1 95 3 view .LVU22
 109              		.loc 1 95 11 is_stmt 0 view .LVU23
 110 0056 2D4B     		ldr	r3, .L5+12
 111 0058 93E80300 		ldm	r3, {r0, r1}
 112 005c 0C90     		str	r0, [sp, #48]
 113 005e 8DF83410 		strb	r1, [sp, #52]
  96:App/Src/main.c ****   nRF24_DisableAA(0xFF);                           // disable ShockBurst
 114              		.loc 1 96 3 is_stmt 1 view .LVU24
 115 0062 FF20     		movs	r0, #255
 116 0064 FFF7FEFF 		bl	nRF24_DisableAA
 117              	.LVL6:
  97:App/Src/main.c ****   nRF24_SetRFChannel(76);                          // set RF channel to 2490MHz
 118              		.loc 1 97 3 view .LVU25
 119 0068 4C20     		movs	r0, #76
 120 006a FFF7FEFF 		bl	nRF24_SetRFChannel
 121              	.LVL7:
  98:App/Src/main.c ****   nRF24_SetDataRate(nRF24_DR_250kbps);             // 2Mbit/s data rate
 122              		.loc 1 98 3 view .LVU26
 123 006e 2020     		movs	r0, #32
 124 0070 FFF7FEFF 		bl	nRF24_SetDataRate
 125              	.LVL8:
  99:App/Src/main.c ****   nRF24_SetCRCScheme(nRF24_CRC_1byte);             // 1-byte CRC scheme
 126              		.loc 1 99 3 view .LVU27
 127 0074 0820     		movs	r0, #8
 128 0076 FFF7FEFF 		bl	nRF24_SetCRCScheme
 129              	.LVL9:
ARM GAS  C:\Users\jsauerer\AppData\Local\Temp\ccWc6lTu.s 			page 5


 100:App/Src/main.c ****   nRF24_SetAddrWidth(5);                           // address width is 5 bytes
 130              		.loc 1 100 3 view .LVU28
 131 007a 0520     		movs	r0, #5
 132 007c FFF7FEFF 		bl	nRF24_SetAddrWidth
 133              	.LVL10:
 101:App/Src/main.c ****   nRF24_SetAddr(nRF24_PIPE1, ADDR);                // program pipe address
 134              		.loc 1 101 3 view .LVU29
 135 0080 0CA9     		add	r1, sp, #48
 136 0082 2046     		mov	r0, r4
 137 0084 FFF7FEFF 		bl	nRF24_SetAddr
 138              	.LVL11:
 102:App/Src/main.c ****   nRF24_SetRXPipe(nRF24_PIPE1, nRF24_AA_OFF, 10);  // enable RX pipe#1 with Auto-ACK: disabled, pay
 139              		.loc 1 102 3 view .LVU30
 140 0088 0A22     		movs	r2, #10
 141 008a 2946     		mov	r1, r5
 142 008c 2046     		mov	r0, r4
 143 008e FFF7FEFF 		bl	nRF24_SetRXPipe
 144              	.LVL12:
 103:App/Src/main.c ****   nRF24_SetOperationalMode(nRF24_MODE_RX);         // switch transceiver to the RX mode
 145              		.loc 1 103 3 view .LVU31
 146 0092 2046     		mov	r0, r4
 147 0094 FFF7FEFF 		bl	nRF24_SetOperationalMode
 148              	.LVL13:
 104:App/Src/main.c ****   nRF24_SetPowerMode(nRF24_PWR_UP);                // wake-up transceiver (in case if it sleeping)
 149              		.loc 1 104 3 view .LVU32
 150 0098 0220     		movs	r0, #2
 151 009a FFF7FEFF 		bl	nRF24_SetPowerMode
 152              	.LVL14:
 105:App/Src/main.c **** 
 106:App/Src/main.c ****   /* Infinite loop */
 107:App/Src/main.c ****   /* USER CODE BEGIN WHILE */
 108:App/Src/main.c ****   //int16_t acc[3] ={0};
 109:App/Src/main.c ****   _Atomic uint8_t b = 0;
 153              		.loc 1 109 3 view .LVU33
 154              		.loc 1 109 19 is_stmt 0 view .LVU34
 155 009e 8DF82F50 		strb	r5, [sp, #47]
 110:App/Src/main.c ****   _Atomic uint32_t i = 0;
 156              		.loc 1 110 3 is_stmt 1 view .LVU35
 157              		.loc 1 110 20 is_stmt 0 view .LVU36
 158 00a2 0A95     		str	r5, [sp, #40]
 111:App/Src/main.c ****   HW_TIMER_PWM_ChangeDuty(1);
 159              		.loc 1 111 3 is_stmt 1 view .LVU37
 160 00a4 2046     		mov	r0, r4
 161 00a6 FFF7FEFF 		bl	HW_TIMER_PWM_ChangeDuty
 162              	.LVL15:
 163 00aa 17E0     		b	.L3
 164              	.L2:
 112:App/Src/main.c **** 
 113:App/Src/main.c ****   uint8_t nRF24_payload[32]; // buffer for payload
 114:App/Src/main.c ****   uint8_t payload_length;    // variable to store a length of received payload
 115:App/Src/main.c ****   uint8_t pipe;              // pipe number
 116:App/Src/main.c **** 
 117:App/Src/main.c ****   while (1)
 118:App/Src/main.c ****   {
 119:App/Src/main.c ****     if (nRF24_GetStatus_RXFIFO() != nRF24_STATUS_RXFIFO_EMPTY)
 120:App/Src/main.c ****     {
 121:App/Src/main.c ****       // the RX FIFO have some data, take a note what nRF24 can hold up to three payloads of 32 byt
ARM GAS  C:\Users\jsauerer\AppData\Local\Temp\ccWc6lTu.s 			page 6


 122:App/Src/main.c ****       pipe = nRF24_ReadPayload(nRF24_payload, &payload_length); // read a payload to buffer
 123:App/Src/main.c ****       nRF24_ClearIRQFlags();
 124:App/Src/main.c ****                                                                 // clear any pending IRQ bits
 125:App/Src/main.c ****                                                                 // now the nRF24_payload buffer hol
 126:App/Src/main.c ****                                                                 // payload_length variable holds a 
 127:App/Src/main.c ****                                                                 // pipe variable holds a number of 
 128:App/Src/main.c ****                                                                 // ... do something with received d
 129:App/Src/main.c ****                                                                 HW_UART_PRINTF("%d\n",pipe);
 130:App/Src/main.c ****     }
 131:App/Src/main.c ****     
 132:App/Src/main.c ****     /* USER CODE END WHILE */
 133:App/Src/main.c ****     if (1)
 165              		.loc 1 133 5 view .LVU38
 134:App/Src/main.c ****     {
 135:App/Src/main.c **** 
 136:App/Src/main.c ****       HAL_GPIO_TogglePin(GPIOC, GPIO_PIN_13);
 166              		.loc 1 136 7 view .LVU39
 167 00ac 144C     		ldr	r4, .L5
 168 00ae 4FF40051 		mov	r1, #8192
 169 00b2 2046     		mov	r0, r4
 170 00b4 FFF7FEFF 		bl	HAL_GPIO_TogglePin
 171              	.LVL16:
 137:App/Src/main.c ****       HAL_GPIO_TogglePin(GPIOC, GPIO_PIN_13);
 172              		.loc 1 137 7 view .LVU40
 173 00b8 4FF40051 		mov	r1, #8192
 174 00bc 2046     		mov	r0, r4
 175 00be FFF7FEFF 		bl	HAL_GPIO_TogglePin
 176              	.LVL17:
 138:App/Src/main.c ****       MPU6050_ReadBit(&MPU6050Dev, 0x3A, (uint8_t *)&b, 0);
 177              		.loc 1 138 7 view .LVU41
 178 00c2 0023     		movs	r3, #0
 179 00c4 0DF12F02 		add	r2, sp, #47
 180 00c8 3A21     		movs	r1, #58
 181 00ca 1148     		ldr	r0, .L5+16
 182 00cc FFF7FEFF 		bl	MPU6050_ReadBit
 183              	.LVL18:
 139:App/Src/main.c ****       //HW_UART_PRINTF("In %d ", b);
 140:App/Src/main.c ****       //HW_UART_PRINTF("\n");
 141:App/Src/main.c **** 
 142:App/Src/main.c ****       //HW_UART_PRINTF("Out %d ", i);
 143:App/Src/main.c ****       //HW_UART_PRINTF("\n");
 144:App/Src/main.c ****       i = 0;
 184              		.loc 1 144 7 view .LVU42
 185              		.loc 1 144 9 is_stmt 0 view .LVU43
 186 00d0 BFF35B8F 		dmb	ish
 187 00d4 0023     		movs	r3, #0
 188 00d6 0A93     		str	r3, [sp, #40]
 189 00d8 BFF35B8F 		dmb	ish
 117:App/Src/main.c ****   {
 190              		.loc 1 117 9 is_stmt 1 view .LVU44
 191              	.L3:
 113:App/Src/main.c ****   uint8_t payload_length;    // variable to store a length of received payload
 192              		.loc 1 113 3 view .LVU45
 114:App/Src/main.c ****   uint8_t pipe;              // pipe number
 193              		.loc 1 114 3 view .LVU46
 115:App/Src/main.c **** 
 194              		.loc 1 115 3 view .LVU47
ARM GAS  C:\Users\jsauerer\AppData\Local\Temp\ccWc6lTu.s 			page 7


 117:App/Src/main.c ****   {
 195              		.loc 1 117 3 view .LVU48
 119:App/Src/main.c ****     {
 196              		.loc 1 119 5 view .LVU49
 119:App/Src/main.c ****     {
 197              		.loc 1 119 9 is_stmt 0 view .LVU50
 198 00dc FFF7FEFF 		bl	nRF24_GetStatus_RXFIFO
 199              	.LVL19:
 119:App/Src/main.c ****     {
 200              		.loc 1 119 8 view .LVU51
 201 00e0 0128     		cmp	r0, #1
 202 00e2 E3D0     		beq	.L2
 122:App/Src/main.c ****       nRF24_ClearIRQFlags();
 203              		.loc 1 122 7 is_stmt 1 view .LVU52
 122:App/Src/main.c ****       nRF24_ClearIRQFlags();
 204              		.loc 1 122 14 is_stmt 0 view .LVU53
 205 00e4 0DF10701 		add	r1, sp, #7
 206 00e8 02A8     		add	r0, sp, #8
 207 00ea FFF7FEFF 		bl	nRF24_ReadPayload
 208              	.LVL20:
 209 00ee 0446     		mov	r4, r0
 210              	.LVL21:
 123:App/Src/main.c ****                                                                 // clear any pending IRQ bits
 211              		.loc 1 123 7 is_stmt 1 view .LVU54
 212 00f0 FFF7FEFF 		bl	nRF24_ClearIRQFlags
 213              	.LVL22:
 129:App/Src/main.c ****     }
 214              		.loc 1 129 65 view .LVU55
 215 00f4 2146     		mov	r1, r4
 216 00f6 0748     		ldr	r0, .L5+20
 217 00f8 FFF7FEFF 		bl	HW_UART_PRINTF
 218              	.LVL23:
 219 00fc D6E7     		b	.L2
 220              	.L6:
 221 00fe 00BF     		.align	2
 222              	.L5:
 223 0100 00100140 		.word	1073811456
 224 0104 00100240 		.word	1073876992
 225 0108 00080140 		.word	1073809408
 226 010c 04000000 		.word	.LC0
 227 0110 00000000 		.word	MPU6050Dev
 228 0114 00000000 		.word	.LC1
 229              		.cfi_endproc
 230              	.LFE111:
 232              		.text
 233              	.Letext0:
 234              		.file 2 "c:\\vsarm\\armcc\\arm-none-eabi\\include\\machine\\_default_types.h"
 235              		.file 3 "c:\\vsarm\\armcc\\arm-none-eabi\\include\\sys\\lock.h"
 236              		.file 4 "c:\\vsarm\\armcc\\arm-none-eabi\\include\\sys\\_types.h"
 237              		.file 5 "c:\\vsarm\\armcc\\lib\\gcc\\arm-none-eabi\\9.2.1\\include\\stddef.h"
 238              		.file 6 "c:\\vsarm\\armcc\\arm-none-eabi\\include\\sys\\reent.h"
 239              		.file 7 "c:\\vsarm\\armcc\\arm-none-eabi\\include\\math.h"
 240              		.file 8 "c:\\vsarm\\armcc\\arm-none-eabi\\include\\sys\\_stdint.h"
 241              		.file 9 "Drivers/CMSIS/Include/core_cm3.h"
 242              		.file 10 "Drivers/CMSIS/Device/ST/STM32F1xx/Include/system_stm32f1xx.h"
 243              		.file 11 "Drivers/CMSIS/Device/ST/STM32F1xx/Include/stm32f103xb.h"
 244              		.file 12 "Drivers/CMSIS/Device/ST/STM32F1xx/Include/stm32f1xx.h"
ARM GAS  C:\Users\jsauerer\AppData\Local\Temp\ccWc6lTu.s 			page 8


 245              		.file 13 "Drivers/STM32F1xx_HAL_Driver/Inc/stm32f1xx_hal_def.h"
 246              		.file 14 "Drivers/STM32F1xx_HAL_Driver/Inc/stm32f1xx_hal_gpio.h"
 247              		.file 15 "Drivers/STM32F1xx_HAL_Driver/Inc/stm32f1xx_hal_dma.h"
 248              		.file 16 "Drivers/STM32F1xx_HAL_Driver/Inc/stm32f1xx_hal_i2c.h"
 249              		.file 17 "Drivers/STM32F1xx_HAL_Driver/Inc/stm32f1xx_hal.h"
 250              		.file 18 "App/Inc/hw_i2c.h"
 251              		.file 19 "Drivers/BSP/mpu6050/mpu6050_def.h"
 252              		.file 20 "Drivers/BSP/mpu6050/mpu6050_platform.h"
 253              		.file 21 "Drivers/BSP/nrf24l01/nrf24.h"
 254              		.file 22 "App/Inc/hw_msp.h"
 255              		.file 23 "App/Inc/hw_gpio.h"
 256              		.file 24 "App/Inc/hw_timer.h"
 257              		.file 25 "App/Inc/hw_uart.h"
ARM GAS  C:\Users\jsauerer\AppData\Local\Temp\ccWc6lTu.s 			page 9


DEFINED SYMBOLS
                            *ABS*:00000000 main.c
C:\Users\jsauerer\AppData\Local\Temp\ccWc6lTu.s:16     .rodata.main.str1.4:00000000 $d
C:\Users\jsauerer\AppData\Local\Temp\ccWc6lTu.s:23     .text.main:00000000 $t
C:\Users\jsauerer\AppData\Local\Temp\ccWc6lTu.s:31     .text.main:00000000 main
C:\Users\jsauerer\AppData\Local\Temp\ccWc6lTu.s:223    .text.main:00000100 $d

UNDEFINED SYMBOLS
HAL_Init
SystemClock_Config
HW_Init
HAL_GPIO_WritePin
HAL_GPIO_Init
HW_GPIO_Write
nRF24_DisableAA
nRF24_SetRFChannel
nRF24_SetDataRate
nRF24_SetCRCScheme
nRF24_SetAddrWidth
nRF24_SetAddr
nRF24_SetRXPipe
nRF24_SetOperationalMode
nRF24_SetPowerMode
HW_TIMER_PWM_ChangeDuty
HAL_GPIO_TogglePin
MPU6050_ReadBit
nRF24_GetStatus_RXFIFO
nRF24_ReadPayload
nRF24_ClearIRQFlags
HW_UART_PRINTF
MPU6050Dev
