ARM GAS  C:\Users\jsauerer\AppData\Local\Temp\cc7qFcIb.s 			page 1


   1              		.cpu cortex-m3
   2              		.eabi_attribute 20, 1
   3              		.eabi_attribute 21, 1
   4              		.eabi_attribute 23, 3
   5              		.eabi_attribute 24, 1
   6              		.eabi_attribute 25, 1
   7              		.eabi_attribute 26, 1
   8              		.eabi_attribute 30, 1
   9              		.eabi_attribute 34, 1
  10              		.eabi_attribute 18, 4
  11              		.file	"nrf24_hal.c"
  12              		.text
  13              	.Ltext0:
  14              		.cfi_sections	.debug_frame
  15              		.section	.text.nRF24_GPIO_Init,"ax",%progbits
  16              		.align	1
  17              		.global	nRF24_GPIO_Init
  18              		.arch armv7-m
  19              		.syntax unified
  20              		.thumb
  21              		.thumb_func
  22              		.fpu softvfp
  24              	nRF24_GPIO_Init:
  25              	.LFB111:
  26              		.file 1 "Drivers/BSP/nrf24l01/nrf24_hal.c"
   1:Drivers/BSP/nrf24l01/nrf24_hal.c **** #include "nrf24_hal.h"
   2:Drivers/BSP/nrf24l01/nrf24_hal.c **** 
   3:Drivers/BSP/nrf24l01/nrf24_hal.c **** 
   4:Drivers/BSP/nrf24l01/nrf24_hal.c **** // Configure the GPIO lines of the nRF24L01 transceiver
   5:Drivers/BSP/nrf24l01/nrf24_hal.c **** // note: IRQ pin must be configured separately
   6:Drivers/BSP/nrf24l01/nrf24_hal.c **** void nRF24_GPIO_Init(void) {
  27              		.loc 1 6 28 view -0
  28              		.cfi_startproc
  29              		@ args = 0, pretend = 0, frame = 16
  30              		@ frame_needed = 0, uses_anonymous_args = 0
  31 0000 70B5     		push	{r4, r5, r6, lr}
  32              	.LCFI0:
  33              		.cfi_def_cfa_offset 16
  34              		.cfi_offset 4, -16
  35              		.cfi_offset 5, -12
  36              		.cfi_offset 6, -8
  37              		.cfi_offset 14, -4
  38 0002 84B0     		sub	sp, sp, #16
  39              	.LCFI1:
  40              		.cfi_def_cfa_offset 32
   7:Drivers/BSP/nrf24l01/nrf24_hal.c ****     GPIO_InitTypeDef PORT;
  41              		.loc 1 7 5 view .LVU1
   8:Drivers/BSP/nrf24l01/nrf24_hal.c **** 
   9:Drivers/BSP/nrf24l01/nrf24_hal.c ****     // Configure CSN pin
  10:Drivers/BSP/nrf24l01/nrf24_hal.c **** 	PORT.Mode = GPIO_MODE_OUTPUT_PP;
  42              		.loc 1 10 2 view .LVU2
  43              		.loc 1 10 12 is_stmt 0 view .LVU3
  44 0004 0126     		movs	r6, #1
  45 0006 0196     		str	r6, [sp, #4]
  11:Drivers/BSP/nrf24l01/nrf24_hal.c **** 	PORT.Speed= GPIO_SPEED_FREQ_HIGH;
  46              		.loc 1 11 2 is_stmt 1 view .LVU4
  47              		.loc 1 11 12 is_stmt 0 view .LVU5
ARM GAS  C:\Users\jsauerer\AppData\Local\Temp\cc7qFcIb.s 			page 2


  48 0008 0323     		movs	r3, #3
  49 000a 0393     		str	r3, [sp, #12]
  12:Drivers/BSP/nrf24l01/nrf24_hal.c **** 	PORT.Pin = nRF24_CSN_PIN;
  50              		.loc 1 12 2 is_stmt 1 view .LVU6
  51              		.loc 1 12 11 is_stmt 0 view .LVU7
  52 000c 1025     		movs	r5, #16
  53 000e 0095     		str	r5, [sp]
  13:Drivers/BSP/nrf24l01/nrf24_hal.c **** 	HW_GPIO_Init(nRF24_CSN_PORT,nRF24_CSN_PIN, &PORT);
  54              		.loc 1 13 2 is_stmt 1 view .LVU8
  55 0010 0C4C     		ldr	r4, .L3
  56 0012 6A46     		mov	r2, sp
  57 0014 2946     		mov	r1, r5
  58 0016 2046     		mov	r0, r4
  59 0018 FFF7FEFF 		bl	HW_GPIO_Init
  60              	.LVL0:
  14:Drivers/BSP/nrf24l01/nrf24_hal.c **** 	nRF24_CSN_H;
  61              		.loc 1 14 2 view .LVU9
  62 001c 3246     		mov	r2, r6
  63 001e 2946     		mov	r1, r5
  64 0020 2046     		mov	r0, r4
  65 0022 FFF7FEFF 		bl	HW_GPIO_Write
  66              	.LVL1:
  15:Drivers/BSP/nrf24l01/nrf24_hal.c **** 
  16:Drivers/BSP/nrf24l01/nrf24_hal.c **** 	// Configure CE pin
  17:Drivers/BSP/nrf24l01/nrf24_hal.c **** 	PORT.Pin = nRF24_CE_PIN;
  67              		.loc 1 17 2 view .LVU10
  68              		.loc 1 17 11 is_stmt 0 view .LVU11
  69 0026 0825     		movs	r5, #8
  70 0028 0095     		str	r5, [sp]
  18:Drivers/BSP/nrf24l01/nrf24_hal.c **** 	HW_GPIO_Init(nRF24_CE_PORT,nRF24_CE_PIN, &PORT);
  71              		.loc 1 18 2 is_stmt 1 view .LVU12
  72 002a 6A46     		mov	r2, sp
  73 002c 2946     		mov	r1, r5
  74 002e 2046     		mov	r0, r4
  75 0030 FFF7FEFF 		bl	HW_GPIO_Init
  76              	.LVL2:
  19:Drivers/BSP/nrf24l01/nrf24_hal.c **** 	nRF24_CE_L;
  77              		.loc 1 19 2 view .LVU13
  78 0034 0022     		movs	r2, #0
  79 0036 2946     		mov	r1, r5
  80 0038 2046     		mov	r0, r4
  81 003a FFF7FEFF 		bl	HW_GPIO_Write
  82              	.LVL3:
  20:Drivers/BSP/nrf24l01/nrf24_hal.c **** }
  83              		.loc 1 20 1 is_stmt 0 view .LVU14
  84 003e 04B0     		add	sp, sp, #16
  85              	.LCFI2:
  86              		.cfi_def_cfa_offset 16
  87              		@ sp needed
  88 0040 70BD     		pop	{r4, r5, r6, pc}
  89              	.L4:
  90 0042 00BF     		.align	2
  91              	.L3:
  92 0044 00080140 		.word	1073809408
  93              		.cfi_endproc
  94              	.LFE111:
  96              		.section	.text.nRF24_LL_RW,"ax",%progbits
ARM GAS  C:\Users\jsauerer\AppData\Local\Temp\cc7qFcIb.s 			page 3


  97              		.align	1
  98              		.global	nRF24_LL_RW
  99              		.syntax unified
 100              		.thumb
 101              		.thumb_func
 102              		.fpu softvfp
 104              	nRF24_LL_RW:
 105              	.LVL4:
 106              	.LFB112:
  21:Drivers/BSP/nrf24l01/nrf24_hal.c **** 
  22:Drivers/BSP/nrf24l01/nrf24_hal.c **** // Low level SPI transmit/receive function (hardware depended)
  23:Drivers/BSP/nrf24l01/nrf24_hal.c **** // input:
  24:Drivers/BSP/nrf24l01/nrf24_hal.c **** //   data - value to transmit via SPI
  25:Drivers/BSP/nrf24l01/nrf24_hal.c **** // return: value received from SPI
  26:Drivers/BSP/nrf24l01/nrf24_hal.c **** uint8_t nRF24_LL_RW(uint8_t data) {
 107              		.loc 1 26 35 is_stmt 1 view -0
 108              		.cfi_startproc
 109              		@ args = 0, pretend = 0, frame = 0
 110              		@ frame_needed = 0, uses_anonymous_args = 0
 111              		.loc 1 26 35 is_stmt 0 view .LVU16
 112 0000 08B5     		push	{r3, lr}
 113              	.LCFI3:
 114              		.cfi_def_cfa_offset 8
 115              		.cfi_offset 3, -8
 116              		.cfi_offset 14, -4
  27:Drivers/BSP/nrf24l01/nrf24_hal.c **** 	// Return received byte
  28:Drivers/BSP/nrf24l01/nrf24_hal.c **** 	return HW_SPI_InOut(data);
 117              		.loc 1 28 2 is_stmt 1 view .LVU17
 118              		.loc 1 28 9 is_stmt 0 view .LVU18
 119 0002 FFF7FEFF 		bl	HW_SPI_InOut
 120              	.LVL5:
  29:Drivers/BSP/nrf24l01/nrf24_hal.c **** }
 121              		.loc 1 29 1 view .LVU19
 122 0006 08BD     		pop	{r3, pc}
 123              		.cfi_endproc
 124              	.LFE112:
 126              		.text
 127              	.Letext0:
 128              		.file 2 "c:\\vsarm\\armcc\\arm-none-eabi\\include\\machine\\_default_types.h"
 129              		.file 3 "c:\\vsarm\\armcc\\arm-none-eabi\\include\\sys\\lock.h"
 130              		.file 4 "c:\\vsarm\\armcc\\arm-none-eabi\\include\\sys\\_types.h"
 131              		.file 5 "c:\\vsarm\\armcc\\lib\\gcc\\arm-none-eabi\\9.2.1\\include\\stddef.h"
 132              		.file 6 "c:\\vsarm\\armcc\\arm-none-eabi\\include\\sys\\reent.h"
 133              		.file 7 "c:\\vsarm\\armcc\\arm-none-eabi\\include\\math.h"
 134              		.file 8 "c:\\vsarm\\armcc\\arm-none-eabi\\include\\sys\\_stdint.h"
 135              		.file 9 "Drivers/CMSIS/Include/core_cm3.h"
 136              		.file 10 "Drivers/CMSIS/Device/ST/STM32F1xx/Include/system_stm32f1xx.h"
 137              		.file 11 "Drivers/CMSIS/Device/ST/STM32F1xx/Include/stm32f103xb.h"
 138              		.file 12 "Drivers/CMSIS/Device/ST/STM32F1xx/Include/stm32f1xx.h"
 139              		.file 13 "Drivers/STM32F1xx_HAL_Driver/Inc/stm32f1xx_hal_def.h"
 140              		.file 14 "Drivers/STM32F1xx_HAL_Driver/Inc/stm32f1xx_hal_gpio.h"
 141              		.file 15 "Drivers/STM32F1xx_HAL_Driver/Inc/stm32f1xx_hal_dma.h"
 142              		.file 16 "Drivers/STM32F1xx_HAL_Driver/Inc/stm32f1xx_hal_i2c.h"
 143              		.file 17 "Drivers/STM32F1xx_HAL_Driver/Inc/stm32f1xx_hal.h"
 144              		.file 18 "App/Inc/hw_i2c.h"
 145              		.file 19 "App/Inc/hw_spi.h"
 146              		.file 20 "App/Inc/hw_gpio.h"
ARM GAS  C:\Users\jsauerer\AppData\Local\Temp\cc7qFcIb.s 			page 4


ARM GAS  C:\Users\jsauerer\AppData\Local\Temp\cc7qFcIb.s 			page 5


DEFINED SYMBOLS
                            *ABS*:00000000 nrf24_hal.c
C:\Users\jsauerer\AppData\Local\Temp\cc7qFcIb.s:16     .text.nRF24_GPIO_Init:00000000 $t
C:\Users\jsauerer\AppData\Local\Temp\cc7qFcIb.s:24     .text.nRF24_GPIO_Init:00000000 nRF24_GPIO_Init
C:\Users\jsauerer\AppData\Local\Temp\cc7qFcIb.s:92     .text.nRF24_GPIO_Init:00000044 $d
C:\Users\jsauerer\AppData\Local\Temp\cc7qFcIb.s:97     .text.nRF24_LL_RW:00000000 $t
C:\Users\jsauerer\AppData\Local\Temp\cc7qFcIb.s:104    .text.nRF24_LL_RW:00000000 nRF24_LL_RW

UNDEFINED SYMBOLS
HW_GPIO_Init
HW_GPIO_Write
HW_SPI_InOut
