ARM GAS  C:\Users\jsauerer\AppData\Local\Temp\cc8ljrKa.s 			page 1


   1              		.cpu cortex-m3
   2              		.eabi_attribute 20, 1
   3              		.eabi_attribute 21, 1
   4              		.eabi_attribute 23, 3
   5              		.eabi_attribute 24, 1
   6              		.eabi_attribute 25, 1
   7              		.eabi_attribute 26, 1
   8              		.eabi_attribute 30, 1
   9              		.eabi_attribute 34, 1
  10              		.eabi_attribute 18, 4
  11              		.file	"stm32f1xx_hal_msp.c"
  12              		.text
  13              	.Ltext0:
  14              		.cfi_sections	.debug_frame
  15              		.section	.text.HAL_MspInit,"ax",%progbits
  16              		.align	1
  17              		.global	HAL_MspInit
  18              		.arch armv7-m
  19              		.syntax unified
  20              		.thumb
  21              		.thumb_func
  22              		.fpu softvfp
  24              	HAL_MspInit:
  25              	.LFB111:
  26              		.file 1 "Core/Src/stm32f1xx_hal_msp.c"
   1:Core/Src/stm32f1xx_hal_msp.c **** /* USER CODE BEGIN Header */
   2:Core/Src/stm32f1xx_hal_msp.c **** /**
   3:Core/Src/stm32f1xx_hal_msp.c ****   ******************************************************************************
   4:Core/Src/stm32f1xx_hal_msp.c ****   * File Name          : stm32f1xx_hal_msp.c
   5:Core/Src/stm32f1xx_hal_msp.c ****   * Description        : This file provides code for the MSP Initialization 
   6:Core/Src/stm32f1xx_hal_msp.c ****   *                      and de-Initialization codes.
   7:Core/Src/stm32f1xx_hal_msp.c ****   ******************************************************************************
   8:Core/Src/stm32f1xx_hal_msp.c ****   * @attention
   9:Core/Src/stm32f1xx_hal_msp.c ****   *
  10:Core/Src/stm32f1xx_hal_msp.c ****   * <h2><center>&copy; Copyright (c) 2020 STMicroelectronics.
  11:Core/Src/stm32f1xx_hal_msp.c ****   * All rights reserved.</center></h2>
  12:Core/Src/stm32f1xx_hal_msp.c ****   *
  13:Core/Src/stm32f1xx_hal_msp.c ****   * This software component is licensed by ST under BSD 3-Clause license,
  14:Core/Src/stm32f1xx_hal_msp.c ****   * the "License"; You may not use this file except in compliance with the
  15:Core/Src/stm32f1xx_hal_msp.c ****   * License. You may obtain a copy of the License at:
  16:Core/Src/stm32f1xx_hal_msp.c ****   *                        opensource.org/licenses/BSD-3-Clause
  17:Core/Src/stm32f1xx_hal_msp.c ****   *
  18:Core/Src/stm32f1xx_hal_msp.c ****   ******************************************************************************
  19:Core/Src/stm32f1xx_hal_msp.c ****   */
  20:Core/Src/stm32f1xx_hal_msp.c **** /* USER CODE END Header */
  21:Core/Src/stm32f1xx_hal_msp.c **** 
  22:Core/Src/stm32f1xx_hal_msp.c **** /* Includes ------------------------------------------------------------------*/
  23:Core/Src/stm32f1xx_hal_msp.c **** #include "hw.h"
  24:Core/Src/stm32f1xx_hal_msp.c **** /* USER CODE BEGIN Includes */
  25:Core/Src/stm32f1xx_hal_msp.c **** 
  26:Core/Src/stm32f1xx_hal_msp.c **** /* USER CODE END Includes */
  27:Core/Src/stm32f1xx_hal_msp.c **** 
  28:Core/Src/stm32f1xx_hal_msp.c **** /* Private typedef -----------------------------------------------------------*/
  29:Core/Src/stm32f1xx_hal_msp.c **** /* USER CODE BEGIN TD */
  30:Core/Src/stm32f1xx_hal_msp.c **** 
  31:Core/Src/stm32f1xx_hal_msp.c **** /* USER CODE END TD */
  32:Core/Src/stm32f1xx_hal_msp.c **** 
ARM GAS  C:\Users\jsauerer\AppData\Local\Temp\cc8ljrKa.s 			page 2


  33:Core/Src/stm32f1xx_hal_msp.c **** /* Private define ------------------------------------------------------------*/
  34:Core/Src/stm32f1xx_hal_msp.c **** /* USER CODE BEGIN Define */
  35:Core/Src/stm32f1xx_hal_msp.c ****  
  36:Core/Src/stm32f1xx_hal_msp.c **** /* USER CODE END Define */
  37:Core/Src/stm32f1xx_hal_msp.c **** 
  38:Core/Src/stm32f1xx_hal_msp.c **** /* Private macro -------------------------------------------------------------*/
  39:Core/Src/stm32f1xx_hal_msp.c **** /* USER CODE BEGIN Macro */
  40:Core/Src/stm32f1xx_hal_msp.c **** 
  41:Core/Src/stm32f1xx_hal_msp.c **** /* USER CODE END Macro */
  42:Core/Src/stm32f1xx_hal_msp.c **** 
  43:Core/Src/stm32f1xx_hal_msp.c **** /* Private variables ---------------------------------------------------------*/
  44:Core/Src/stm32f1xx_hal_msp.c **** /* USER CODE BEGIN PV */
  45:Core/Src/stm32f1xx_hal_msp.c **** 
  46:Core/Src/stm32f1xx_hal_msp.c **** /* USER CODE END PV */
  47:Core/Src/stm32f1xx_hal_msp.c **** 
  48:Core/Src/stm32f1xx_hal_msp.c **** /* Private function prototypes -----------------------------------------------*/
  49:Core/Src/stm32f1xx_hal_msp.c **** /* USER CODE BEGIN PFP */
  50:Core/Src/stm32f1xx_hal_msp.c **** 
  51:Core/Src/stm32f1xx_hal_msp.c **** /* USER CODE END PFP */
  52:Core/Src/stm32f1xx_hal_msp.c **** 
  53:Core/Src/stm32f1xx_hal_msp.c **** /* External functions --------------------------------------------------------*/
  54:Core/Src/stm32f1xx_hal_msp.c **** /* USER CODE BEGIN ExternalFunctions */
  55:Core/Src/stm32f1xx_hal_msp.c **** 
  56:Core/Src/stm32f1xx_hal_msp.c **** /* USER CODE END ExternalFunctions */
  57:Core/Src/stm32f1xx_hal_msp.c **** 
  58:Core/Src/stm32f1xx_hal_msp.c **** /* USER CODE BEGIN 0 */
  59:Core/Src/stm32f1xx_hal_msp.c **** 
  60:Core/Src/stm32f1xx_hal_msp.c **** /* USER CODE END 0 */
  61:Core/Src/stm32f1xx_hal_msp.c **** /**
  62:Core/Src/stm32f1xx_hal_msp.c ****   * Initializes the Global MSP.
  63:Core/Src/stm32f1xx_hal_msp.c ****   */
  64:Core/Src/stm32f1xx_hal_msp.c **** void HAL_MspInit(void)
  65:Core/Src/stm32f1xx_hal_msp.c **** {
  27              		.loc 1 65 1 view -0
  28              		.cfi_startproc
  29              		@ args = 0, pretend = 0, frame = 8
  30              		@ frame_needed = 0, uses_anonymous_args = 0
  31              		@ link register save eliminated.
  32 0000 82B0     		sub	sp, sp, #8
  33              	.LCFI0:
  34              		.cfi_def_cfa_offset 8
  66:Core/Src/stm32f1xx_hal_msp.c ****   /* USER CODE BEGIN MspInit 0 */
  67:Core/Src/stm32f1xx_hal_msp.c **** 
  68:Core/Src/stm32f1xx_hal_msp.c ****   /* USER CODE END MspInit 0 */
  69:Core/Src/stm32f1xx_hal_msp.c **** 
  70:Core/Src/stm32f1xx_hal_msp.c ****   __HAL_RCC_AFIO_CLK_ENABLE();
  35              		.loc 1 70 3 view .LVU1
  36              	.LBB2:
  37              		.loc 1 70 3 view .LVU2
  38              		.loc 1 70 3 view .LVU3
  39 0002 0E4B     		ldr	r3, .L3
  40 0004 9A69     		ldr	r2, [r3, #24]
  41 0006 42F00102 		orr	r2, r2, #1
  42 000a 9A61     		str	r2, [r3, #24]
  43              		.loc 1 70 3 view .LVU4
  44 000c 9A69     		ldr	r2, [r3, #24]
  45 000e 02F00102 		and	r2, r2, #1
ARM GAS  C:\Users\jsauerer\AppData\Local\Temp\cc8ljrKa.s 			page 3


  46 0012 0092     		str	r2, [sp]
  47              		.loc 1 70 3 view .LVU5
  48 0014 009A     		ldr	r2, [sp]
  49              	.LBE2:
  50              		.loc 1 70 3 view .LVU6
  71:Core/Src/stm32f1xx_hal_msp.c ****   __HAL_RCC_PWR_CLK_ENABLE();
  51              		.loc 1 71 3 view .LVU7
  52              	.LBB3:
  53              		.loc 1 71 3 view .LVU8
  54              		.loc 1 71 3 view .LVU9
  55 0016 DA69     		ldr	r2, [r3, #28]
  56 0018 42F08052 		orr	r2, r2, #268435456
  57 001c DA61     		str	r2, [r3, #28]
  58              		.loc 1 71 3 view .LVU10
  59 001e DB69     		ldr	r3, [r3, #28]
  60 0020 03F08053 		and	r3, r3, #268435456
  61 0024 0193     		str	r3, [sp, #4]
  62              		.loc 1 71 3 view .LVU11
  63 0026 019B     		ldr	r3, [sp, #4]
  64              	.LBE3:
  65              		.loc 1 71 3 view .LVU12
  72:Core/Src/stm32f1xx_hal_msp.c **** 
  73:Core/Src/stm32f1xx_hal_msp.c ****   /* System interrupt init*/
  74:Core/Src/stm32f1xx_hal_msp.c **** 
  75:Core/Src/stm32f1xx_hal_msp.c ****   /** NOJTAG: JTAG-DP Disabled and SW-DP Enabled 
  76:Core/Src/stm32f1xx_hal_msp.c ****   */
  77:Core/Src/stm32f1xx_hal_msp.c ****   __HAL_AFIO_REMAP_SWJ_NOJTAG();
  66              		.loc 1 77 3 view .LVU13
  67              	.LBB4:
  68              		.loc 1 77 3 view .LVU14
  69 0028 054A     		ldr	r2, .L3+4
  70 002a 5368     		ldr	r3, [r2, #4]
  71              	.LVL0:
  72              		.loc 1 77 3 view .LVU15
  73 002c 23F0E063 		bic	r3, r3, #117440512
  74              	.LVL1:
  75              		.loc 1 77 3 view .LVU16
  76 0030 43F00073 		orr	r3, r3, #33554432
  77              	.LVL2:
  78              		.loc 1 77 3 view .LVU17
  79 0034 5360     		str	r3, [r2, #4]
  80              	.LBE4:
  81              		.loc 1 77 3 view .LVU18
  78:Core/Src/stm32f1xx_hal_msp.c **** 
  79:Core/Src/stm32f1xx_hal_msp.c ****   /* USER CODE BEGIN MspInit 1 */
  80:Core/Src/stm32f1xx_hal_msp.c **** 
  81:Core/Src/stm32f1xx_hal_msp.c ****   /* USER CODE END MspInit 1 */
  82:Core/Src/stm32f1xx_hal_msp.c **** }
  82              		.loc 1 82 1 is_stmt 0 view .LVU19
  83 0036 02B0     		add	sp, sp, #8
  84              	.LCFI1:
  85              		.cfi_def_cfa_offset 0
  86              		@ sp needed
  87 0038 7047     		bx	lr
  88              	.L4:
  89 003a 00BF     		.align	2
  90              	.L3:
ARM GAS  C:\Users\jsauerer\AppData\Local\Temp\cc8ljrKa.s 			page 4


  91 003c 00100240 		.word	1073876992
  92 0040 00000140 		.word	1073807360
  93              		.cfi_endproc
  94              	.LFE111:
  96              		.section	.text.HAL_TIM_Base_MspInit,"ax",%progbits
  97              		.align	1
  98              		.global	HAL_TIM_Base_MspInit
  99              		.syntax unified
 100              		.thumb
 101              		.thumb_func
 102              		.fpu softvfp
 104              	HAL_TIM_Base_MspInit:
 105              	.LVL3:
 106              	.LFB112:
  83:Core/Src/stm32f1xx_hal_msp.c **** void HAL_TIM_Base_MspInit(TIM_HandleTypeDef *htim)
  84:Core/Src/stm32f1xx_hal_msp.c **** {
 107              		.loc 1 84 1 is_stmt 1 view -0
 108              		.cfi_startproc
 109              		@ args = 0, pretend = 0, frame = 0
 110              		@ frame_needed = 0, uses_anonymous_args = 0
 111              		.loc 1 84 1 is_stmt 0 view .LVU21
 112 0000 08B5     		push	{r3, lr}
 113              	.LCFI2:
 114              		.cfi_def_cfa_offset 8
 115              		.cfi_offset 3, -8
 116              		.cfi_offset 14, -4
  85:Core/Src/stm32f1xx_hal_msp.c ****   HW_TIMER_EnableClk(htim);
 117              		.loc 1 85 3 is_stmt 1 view .LVU22
 118 0002 FFF7FEFF 		bl	HW_TIMER_EnableClk
 119              	.LVL4:
  86:Core/Src/stm32f1xx_hal_msp.c **** }
 120              		.loc 1 86 1 is_stmt 0 view .LVU23
 121 0006 08BD     		pop	{r3, pc}
 122              		.cfi_endproc
 123              	.LFE112:
 125              		.section	.text.HAL_GPIO_EXTI_Callback,"ax",%progbits
 126              		.align	1
 127              		.global	HAL_GPIO_EXTI_Callback
 128              		.syntax unified
 129              		.thumb
 130              		.thumb_func
 131              		.fpu softvfp
 133              	HAL_GPIO_EXTI_Callback:
 134              	.LVL5:
 135              	.LFB113:
  87:Core/Src/stm32f1xx_hal_msp.c **** /**
  88:Core/Src/stm32f1xx_hal_msp.c ****   * @brief  EXTI line detection callbacks.
  89:Core/Src/stm32f1xx_hal_msp.c ****   * @param  GPIO_Pin: Specifies the pins connected to the EXTI line.
  90:Core/Src/stm32f1xx_hal_msp.c ****   * @retval None
  91:Core/Src/stm32f1xx_hal_msp.c ****   */
  92:Core/Src/stm32f1xx_hal_msp.c **** void HAL_GPIO_EXTI_Callback(uint16_t GPIO_Pin)
  93:Core/Src/stm32f1xx_hal_msp.c **** {
 136              		.loc 1 93 1 is_stmt 1 view -0
 137              		.cfi_startproc
 138              		@ args = 0, pretend = 0, frame = 0
 139              		@ frame_needed = 0, uses_anonymous_args = 0
 140              		.loc 1 93 1 is_stmt 0 view .LVU25
ARM GAS  C:\Users\jsauerer\AppData\Local\Temp\cc8ljrKa.s 			page 5


 141 0000 08B5     		push	{r3, lr}
 142              	.LCFI3:
 143              		.cfi_def_cfa_offset 8
 144              		.cfi_offset 3, -8
 145              		.cfi_offset 14, -4
  94:Core/Src/stm32f1xx_hal_msp.c ****   HW_GPIO_IrqHandler(GPIO_Pin);
 146              		.loc 1 94 3 is_stmt 1 view .LVU26
 147 0002 FFF7FEFF 		bl	HW_GPIO_IrqHandler
 148              	.LVL6:
  95:Core/Src/stm32f1xx_hal_msp.c **** }
 149              		.loc 1 95 1 is_stmt 0 view .LVU27
 150 0006 08BD     		pop	{r3, pc}
 151              		.cfi_endproc
 152              	.LFE113:
 154              		.section	.text.MSP_GetIRQn,"ax",%progbits
 155              		.align	1
 156              		.global	MSP_GetIRQn
 157              		.syntax unified
 158              		.thumb
 159              		.thumb_func
 160              		.fpu softvfp
 162              	MSP_GetIRQn:
 163              	.LVL7:
 164              	.LFB114:
  96:Core/Src/stm32f1xx_hal_msp.c **** 
  97:Core/Src/stm32f1xx_hal_msp.c **** /**
  98:Core/Src/stm32f1xx_hal_msp.c ****   * @brief  Gets IRQ number as a function of the GPIO_Pin.
  99:Core/Src/stm32f1xx_hal_msp.c ****   * @param  GPIO_Pin: Specifies the pins connected to the EXTI line.
 100:Core/Src/stm32f1xx_hal_msp.c ****   * @retval IRQ number
 101:Core/Src/stm32f1xx_hal_msp.c ****   */
 102:Core/Src/stm32f1xx_hal_msp.c **** IRQn_Type MSP_GetIRQn(uint16_t GPIO_Pin)
 103:Core/Src/stm32f1xx_hal_msp.c **** {
 165              		.loc 1 103 1 is_stmt 1 view -0
 166              		.cfi_startproc
 167              		@ args = 0, pretend = 0, frame = 0
 168              		@ frame_needed = 0, uses_anonymous_args = 0
 169              		@ link register save eliminated.
 104:Core/Src/stm32f1xx_hal_msp.c ****   switch (GPIO_Pin)
 170              		.loc 1 104 3 view .LVU29
 171 0000 2028     		cmp	r0, #32
 172 0002 1BD8     		bhi	.L10
 173 0004 03B2     		sxth	r3, r0
 174 0006 002B     		cmp	r3, #0
 175 0008 31D0     		beq	.L20
 176 000a 0138     		subs	r0, r0, #1
 177              	.LVL8:
 178              		.loc 1 104 3 is_stmt 0 view .LVU30
 179 000c 1F28     		cmp	r0, #31
 180 000e 13D8     		bhi	.L12
 181 0010 DFE800F0 		tbb	[pc, r0]
 182              	.LVL9:
 183              	.L14:
 184 0014 10       		.byte	(.L18-.L14)/2
 185 0015 2F       		.byte	(.L21-.L14)/2
 186 0016 12       		.byte	(.L12-.L14)/2
 187 0017 25       		.byte	(.L17-.L14)/2
 188 0018 12       		.byte	(.L12-.L14)/2
ARM GAS  C:\Users\jsauerer\AppData\Local\Temp\cc8ljrKa.s 			page 6


 189 0019 12       		.byte	(.L12-.L14)/2
 190 001a 12       		.byte	(.L12-.L14)/2
 191 001b 27       		.byte	(.L16-.L14)/2
 192 001c 12       		.byte	(.L12-.L14)/2
 193 001d 12       		.byte	(.L12-.L14)/2
 194 001e 12       		.byte	(.L12-.L14)/2
 195 001f 12       		.byte	(.L12-.L14)/2
 196 0020 12       		.byte	(.L12-.L14)/2
 197 0021 12       		.byte	(.L12-.L14)/2
 198 0022 12       		.byte	(.L12-.L14)/2
 199 0023 29       		.byte	(.L15-.L14)/2
 200 0024 12       		.byte	(.L12-.L14)/2
 201 0025 12       		.byte	(.L12-.L14)/2
 202 0026 12       		.byte	(.L12-.L14)/2
 203 0027 12       		.byte	(.L12-.L14)/2
 204 0028 12       		.byte	(.L12-.L14)/2
 205 0029 12       		.byte	(.L12-.L14)/2
 206 002a 12       		.byte	(.L12-.L14)/2
 207 002b 12       		.byte	(.L12-.L14)/2
 208 002c 12       		.byte	(.L12-.L14)/2
 209 002d 12       		.byte	(.L12-.L14)/2
 210 002e 12       		.byte	(.L12-.L14)/2
 211 002f 12       		.byte	(.L12-.L14)/2
 212 0030 12       		.byte	(.L12-.L14)/2
 213 0031 12       		.byte	(.L12-.L14)/2
 214 0032 12       		.byte	(.L12-.L14)/2
 215 0033 2B       		.byte	(.L13-.L14)/2
 216              		.p2align 1
 217              	.L18:
 218              		.loc 1 104 3 view .LVU31
 219 0034 0620     		movs	r0, #6
 220 0036 7047     		bx	lr
 221              	.L12:
 105:Core/Src/stm32f1xx_hal_msp.c ****   {
 106:Core/Src/stm32f1xx_hal_msp.c ****     case GPIO_PIN_0:
 107:Core/Src/stm32f1xx_hal_msp.c ****       return EXTI0_IRQn;
 108:Core/Src/stm32f1xx_hal_msp.c ****     case GPIO_PIN_1:
 109:Core/Src/stm32f1xx_hal_msp.c ****       return EXTI1_IRQn;
 110:Core/Src/stm32f1xx_hal_msp.c ****     case GPIO_PIN_2:
 111:Core/Src/stm32f1xx_hal_msp.c ****     return EXTI2_IRQn;
 112:Core/Src/stm32f1xx_hal_msp.c ****     case GPIO_PIN_3:
 113:Core/Src/stm32f1xx_hal_msp.c ****     return EXTI3_IRQn;
 114:Core/Src/stm32f1xx_hal_msp.c ****     case GPIO_PIN_4:
 115:Core/Src/stm32f1xx_hal_msp.c ****     return EXTI4_IRQn;
 116:Core/Src/stm32f1xx_hal_msp.c ****     case GPIO_PIN_5:
 117:Core/Src/stm32f1xx_hal_msp.c ****     case GPIO_PIN_6:
 118:Core/Src/stm32f1xx_hal_msp.c ****     case GPIO_PIN_7:
 119:Core/Src/stm32f1xx_hal_msp.c ****     case GPIO_PIN_8:
 120:Core/Src/stm32f1xx_hal_msp.c ****     case GPIO_PIN_9:
 121:Core/Src/stm32f1xx_hal_msp.c ****       return EXTI9_5_IRQn;
 122:Core/Src/stm32f1xx_hal_msp.c ****     case GPIO_PIN_10:
 123:Core/Src/stm32f1xx_hal_msp.c ****     case GPIO_PIN_11:
 124:Core/Src/stm32f1xx_hal_msp.c ****     case GPIO_PIN_12:
 125:Core/Src/stm32f1xx_hal_msp.c ****     case GPIO_PIN_13:
 126:Core/Src/stm32f1xx_hal_msp.c ****     case GPIO_PIN_14:
 127:Core/Src/stm32f1xx_hal_msp.c ****     case GPIO_PIN_15:
 128:Core/Src/stm32f1xx_hal_msp.c ****     default:
ARM GAS  C:\Users\jsauerer\AppData\Local\Temp\cc8ljrKa.s 			page 7


 129:Core/Src/stm32f1xx_hal_msp.c ****       return EXTI15_10_IRQn;
 222              		.loc 1 129 14 view .LVU32
 223 0038 2820     		movs	r0, #40
 224 003a 7047     		bx	lr
 225              	.LVL10:
 226              	.L10:
 104:Core/Src/stm32f1xx_hal_msp.c ****   switch (GPIO_Pin)
 227              		.loc 1 104 3 view .LVU33
 228 003c B0F5807F 		cmp	r0, #256
 229 0040 19D0     		beq	.L22
 230 0042 04D9     		bls	.L26
 231 0044 B0F5007F 		cmp	r0, #512
 232 0048 07D0     		beq	.L27
 233              		.loc 1 129 14 view .LVU34
 234 004a 2820     		movs	r0, #40
 235              	.LVL11:
 130:Core/Src/stm32f1xx_hal_msp.c ****   }
 131:Core/Src/stm32f1xx_hal_msp.c **** }
 236              		.loc 1 131 1 view .LVU35
 237 004c 7047     		bx	lr
 238              	.LVL12:
 239              	.L26:
 104:Core/Src/stm32f1xx_hal_msp.c ****   {
 240              		.loc 1 104 3 view .LVU36
 241 004e 4028     		cmp	r0, #64
 242 0050 13D0     		beq	.L23
 243 0052 8028     		cmp	r0, #128
 244 0054 13D1     		bne	.L24
 121:Core/Src/stm32f1xx_hal_msp.c ****     case GPIO_PIN_10:
 245              		.loc 1 121 14 view .LVU37
 246 0056 1720     		movs	r0, #23
 247              	.LVL13:
 121:Core/Src/stm32f1xx_hal_msp.c ****     case GPIO_PIN_10:
 248              		.loc 1 121 14 view .LVU38
 249 0058 7047     		bx	lr
 250              	.LVL14:
 251              	.L27:
 121:Core/Src/stm32f1xx_hal_msp.c ****     case GPIO_PIN_10:
 252              		.loc 1 121 14 view .LVU39
 253 005a 1720     		movs	r0, #23
 254              	.LVL15:
 121:Core/Src/stm32f1xx_hal_msp.c ****     case GPIO_PIN_10:
 255              		.loc 1 121 14 view .LVU40
 256 005c 7047     		bx	lr
 257              	.L17:
 111:Core/Src/stm32f1xx_hal_msp.c ****     case GPIO_PIN_3:
 258              		.loc 1 111 5 is_stmt 1 view .LVU41
 111:Core/Src/stm32f1xx_hal_msp.c ****     case GPIO_PIN_3:
 259              		.loc 1 111 12 is_stmt 0 view .LVU42
 260 005e 0820     		movs	r0, #8
 261 0060 7047     		bx	lr
 262              	.L16:
 113:Core/Src/stm32f1xx_hal_msp.c ****     case GPIO_PIN_4:
 263              		.loc 1 113 5 is_stmt 1 view .LVU43
 113:Core/Src/stm32f1xx_hal_msp.c ****     case GPIO_PIN_4:
 264              		.loc 1 113 12 is_stmt 0 view .LVU44
 265 0062 0920     		movs	r0, #9
ARM GAS  C:\Users\jsauerer\AppData\Local\Temp\cc8ljrKa.s 			page 8


 266 0064 7047     		bx	lr
 267              	.L15:
 115:Core/Src/stm32f1xx_hal_msp.c ****     case GPIO_PIN_5:
 268              		.loc 1 115 5 is_stmt 1 view .LVU45
 115:Core/Src/stm32f1xx_hal_msp.c ****     case GPIO_PIN_5:
 269              		.loc 1 115 12 is_stmt 0 view .LVU46
 270 0066 0A20     		movs	r0, #10
 271 0068 7047     		bx	lr
 272              	.L13:
 121:Core/Src/stm32f1xx_hal_msp.c ****     case GPIO_PIN_10:
 273              		.loc 1 121 14 view .LVU47
 274 006a 1720     		movs	r0, #23
 275 006c 7047     		bx	lr
 276              	.LVL16:
 277              	.L20:
 129:Core/Src/stm32f1xx_hal_msp.c ****   }
 278              		.loc 1 129 14 view .LVU48
 279 006e 2820     		movs	r0, #40
 280              	.LVL17:
 129:Core/Src/stm32f1xx_hal_msp.c ****   }
 281              		.loc 1 129 14 view .LVU49
 282 0070 7047     		bx	lr
 283              	.LVL18:
 284              	.L21:
 109:Core/Src/stm32f1xx_hal_msp.c ****     case GPIO_PIN_2:
 285              		.loc 1 109 14 view .LVU50
 286 0072 0720     		movs	r0, #7
 287 0074 7047     		bx	lr
 288              	.LVL19:
 289              	.L22:
 121:Core/Src/stm32f1xx_hal_msp.c ****     case GPIO_PIN_10:
 290              		.loc 1 121 14 view .LVU51
 291 0076 1720     		movs	r0, #23
 292              	.LVL20:
 121:Core/Src/stm32f1xx_hal_msp.c ****     case GPIO_PIN_10:
 293              		.loc 1 121 14 view .LVU52
 294 0078 7047     		bx	lr
 295              	.LVL21:
 296              	.L23:
 121:Core/Src/stm32f1xx_hal_msp.c ****     case GPIO_PIN_10:
 297              		.loc 1 121 14 view .LVU53
 298 007a 1720     		movs	r0, #23
 299              	.LVL22:
 121:Core/Src/stm32f1xx_hal_msp.c ****     case GPIO_PIN_10:
 300              		.loc 1 121 14 view .LVU54
 301 007c 7047     		bx	lr
 302              	.LVL23:
 303              	.L24:
 129:Core/Src/stm32f1xx_hal_msp.c ****   }
 304              		.loc 1 129 14 view .LVU55
 305 007e 2820     		movs	r0, #40
 306              	.LVL24:
 129:Core/Src/stm32f1xx_hal_msp.c ****   }
 307              		.loc 1 129 14 view .LVU56
 308 0080 7047     		bx	lr
 309              		.cfi_endproc
 310              	.LFE114:
ARM GAS  C:\Users\jsauerer\AppData\Local\Temp\cc8ljrKa.s 			page 9


 312              		.section	.text.Error_Handler,"ax",%progbits
 313              		.align	1
 314              		.global	Error_Handler
 315              		.syntax unified
 316              		.thumb
 317              		.thumb_func
 318              		.fpu softvfp
 320              	Error_Handler:
 321              	.LFB115:
 132:Core/Src/stm32f1xx_hal_msp.c **** /* USER CODE BEGIN 1 */
 133:Core/Src/stm32f1xx_hal_msp.c **** void Error_Handler(void)
 134:Core/Src/stm32f1xx_hal_msp.c **** {
 322              		.loc 1 134 1 is_stmt 1 view -0
 323              		.cfi_startproc
 324              		@ Volatile: function does not return.
 325              		@ args = 0, pretend = 0, frame = 0
 326              		@ frame_needed = 0, uses_anonymous_args = 0
 327              		@ link register save eliminated.
 328              	.L29:
 135:Core/Src/stm32f1xx_hal_msp.c ****   while (1)
 329              		.loc 1 135 3 discriminator 1 view .LVU58
 136:Core/Src/stm32f1xx_hal_msp.c ****   {
 137:Core/Src/stm32f1xx_hal_msp.c ****     ;
 330              		.loc 1 137 5 discriminator 1 view .LVU59
 135:Core/Src/stm32f1xx_hal_msp.c ****   while (1)
 331              		.loc 1 135 9 discriminator 1 view .LVU60
 332 0000 FEE7     		b	.L29
 333              		.cfi_endproc
 334              	.LFE115:
 336              		.text
 337              	.Letext0:
 338              		.file 2 "c:\\vsarm\\armcc\\arm-none-eabi\\include\\machine\\_default_types.h"
 339              		.file 3 "c:\\vsarm\\armcc\\arm-none-eabi\\include\\sys\\lock.h"
 340              		.file 4 "c:\\vsarm\\armcc\\arm-none-eabi\\include\\sys\\_types.h"
 341              		.file 5 "c:\\vsarm\\armcc\\lib\\gcc\\arm-none-eabi\\9.2.1\\include\\stddef.h"
 342              		.file 6 "c:\\vsarm\\armcc\\arm-none-eabi\\include\\sys\\reent.h"
 343              		.file 7 "c:\\vsarm\\armcc\\arm-none-eabi\\include\\math.h"
 344              		.file 8 "c:\\vsarm\\armcc\\arm-none-eabi\\include\\sys\\_stdint.h"
 345              		.file 9 "Drivers/CMSIS/Device/ST/STM32F1xx/Include/stm32f103xb.h"
 346              		.file 10 "Drivers/CMSIS/Include/core_cm3.h"
 347              		.file 11 "Drivers/CMSIS/Device/ST/STM32F1xx/Include/system_stm32f1xx.h"
 348              		.file 12 "Drivers/STM32F1xx_HAL_Driver/Inc/stm32f1xx_hal_def.h"
 349              		.file 13 "Drivers/STM32F1xx_HAL_Driver/Inc/stm32f1xx_hal_dma.h"
 350              		.file 14 "Drivers/STM32F1xx_HAL_Driver/Inc/stm32f1xx_hal_i2c.h"
 351              		.file 15 "Drivers/STM32F1xx_HAL_Driver/Inc/stm32f1xx_hal_tim.h"
 352              		.file 16 "Drivers/STM32F1xx_HAL_Driver/Inc/stm32f1xx_hal.h"
 353              		.file 17 "App/Inc/hw_i2c.h"
 354              		.file 18 "App/Inc/hw_gpio.h"
 355              		.file 19 "App/Inc/hw_timer.h"
ARM GAS  C:\Users\jsauerer\AppData\Local\Temp\cc8ljrKa.s 			page 10


DEFINED SYMBOLS
                            *ABS*:00000000 stm32f1xx_hal_msp.c
C:\Users\jsauerer\AppData\Local\Temp\cc8ljrKa.s:16     .text.HAL_MspInit:00000000 $t
C:\Users\jsauerer\AppData\Local\Temp\cc8ljrKa.s:24     .text.HAL_MspInit:00000000 HAL_MspInit
C:\Users\jsauerer\AppData\Local\Temp\cc8ljrKa.s:91     .text.HAL_MspInit:0000003c $d
C:\Users\jsauerer\AppData\Local\Temp\cc8ljrKa.s:97     .text.HAL_TIM_Base_MspInit:00000000 $t
C:\Users\jsauerer\AppData\Local\Temp\cc8ljrKa.s:104    .text.HAL_TIM_Base_MspInit:00000000 HAL_TIM_Base_MspInit
C:\Users\jsauerer\AppData\Local\Temp\cc8ljrKa.s:126    .text.HAL_GPIO_EXTI_Callback:00000000 $t
C:\Users\jsauerer\AppData\Local\Temp\cc8ljrKa.s:133    .text.HAL_GPIO_EXTI_Callback:00000000 HAL_GPIO_EXTI_Callback
C:\Users\jsauerer\AppData\Local\Temp\cc8ljrKa.s:155    .text.MSP_GetIRQn:00000000 $t
C:\Users\jsauerer\AppData\Local\Temp\cc8ljrKa.s:162    .text.MSP_GetIRQn:00000000 MSP_GetIRQn
C:\Users\jsauerer\AppData\Local\Temp\cc8ljrKa.s:184    .text.MSP_GetIRQn:00000014 $d
C:\Users\jsauerer\AppData\Local\Temp\cc8ljrKa.s:216    .text.MSP_GetIRQn:00000034 $t
C:\Users\jsauerer\AppData\Local\Temp\cc8ljrKa.s:313    .text.Error_Handler:00000000 $t
C:\Users\jsauerer\AppData\Local\Temp\cc8ljrKa.s:320    .text.Error_Handler:00000000 Error_Handler

UNDEFINED SYMBOLS
HW_TIMER_EnableClk
HW_GPIO_IrqHandler
