ARM GAS  C:\Users\jsauerer\AppData\Local\Temp\ccNuvyAi.s 			page 1


   1              		.cpu cortex-m3
   2              		.eabi_attribute 20, 1
   3              		.eabi_attribute 21, 1
   4              		.eabi_attribute 23, 3
   5              		.eabi_attribute 24, 1
   6              		.eabi_attribute 25, 1
   7              		.eabi_attribute 26, 1
   8              		.eabi_attribute 30, 1
   9              		.eabi_attribute 34, 1
  10              		.eabi_attribute 18, 4
  11              		.file	"stm32f1xx_it.c"
  12              		.text
  13              	.Ltext0:
  14              		.cfi_sections	.debug_frame
  15              		.section	.text.NMI_Handler,"ax",%progbits
  16              		.align	1
  17              		.global	NMI_Handler
  18              		.arch armv7-m
  19              		.syntax unified
  20              		.thumb
  21              		.thumb_func
  22              		.fpu softvfp
  24              	NMI_Handler:
  25              	.LFB111:
  26              		.file 1 "Core/Src/stm32f1xx_it.c"
   1:Core/Src/stm32f1xx_it.c **** /*
   2:Core/Src/stm32f1xx_it.c ****  / _____)             _              | |
   3:Core/Src/stm32f1xx_it.c **** ( (____  _____ ____ _| |_ _____  ____| |__
   4:Core/Src/stm32f1xx_it.c ****  \____ \| ___ |    (_   _) ___ |/ ___)  _ \
   5:Core/Src/stm32f1xx_it.c ****  _____) ) ____| | | || |_| ____( (___| | | |
   6:Core/Src/stm32f1xx_it.c **** (______/|_____)_|_|_| \__)_____)\____)_| |_|
   7:Core/Src/stm32f1xx_it.c ****     (C)2013 Semtech
   8:Core/Src/stm32f1xx_it.c **** 
   9:Core/Src/stm32f1xx_it.c **** Description: Bleeper board GPIO driver implementation
  10:Core/Src/stm32f1xx_it.c **** 
  11:Core/Src/stm32f1xx_it.c **** License: Revised BSD License, see LICENSE.TXT file include in the project
  12:Core/Src/stm32f1xx_it.c **** 
  13:Core/Src/stm32f1xx_it.c **** Maintainer: Miguel Luis and Gregory Cristian
  14:Core/Src/stm32f1xx_it.c **** */
  15:Core/Src/stm32f1xx_it.c **** /**
  16:Core/Src/stm32f1xx_it.c ****   ******************************************************************************
  17:Core/Src/stm32f1xx_it.c ****   * @file    stm32l0xx_it.c
  18:Core/Src/stm32f1xx_it.c ****   * @author  MCD Application Team
  19:Core/Src/stm32f1xx_it.c ****   * @brief   manages interupt
  20:Core/Src/stm32f1xx_it.c ****   ******************************************************************************
  21:Core/Src/stm32f1xx_it.c ****   * @attention
  22:Core/Src/stm32f1xx_it.c ****   *
  23:Core/Src/stm32f1xx_it.c ****   * <h2><center>&copy; Copyright (c) 2018 STMicroelectronics.
  24:Core/Src/stm32f1xx_it.c ****   * All rights reserved.</center></h2>
  25:Core/Src/stm32f1xx_it.c ****   *
  26:Core/Src/stm32f1xx_it.c ****   * This software component is licensed by ST under Ultimate Liberty license
  27:Core/Src/stm32f1xx_it.c ****   * SLA0044, the "License"; You may not use this file except in compliance with
  28:Core/Src/stm32f1xx_it.c ****   * the License. You may obtain a copy of the License at:
  29:Core/Src/stm32f1xx_it.c ****   *                             www.st.com/SLA0044
  30:Core/Src/stm32f1xx_it.c ****   *
  31:Core/Src/stm32f1xx_it.c ****   ******************************************************************************
  32:Core/Src/stm32f1xx_it.c ****   */
ARM GAS  C:\Users\jsauerer\AppData\Local\Temp\ccNuvyAi.s 			page 2


  33:Core/Src/stm32f1xx_it.c **** 
  34:Core/Src/stm32f1xx_it.c **** /* Includes ------------------------------------------------------------------*/
  35:Core/Src/stm32f1xx_it.c **** #include "hw.h"
  36:Core/Src/stm32f1xx_it.c **** #include "stm32f1xx_it.h"
  37:Core/Src/stm32f1xx_it.c **** 
  38:Core/Src/stm32f1xx_it.c **** 
  39:Core/Src/stm32f1xx_it.c **** /** @addtogroup STM32L1xx_HAL_Examples
  40:Core/Src/stm32f1xx_it.c ****   * @{
  41:Core/Src/stm32f1xx_it.c ****   */
  42:Core/Src/stm32f1xx_it.c **** 
  43:Core/Src/stm32f1xx_it.c **** /** @addtogroup SPI_FullDuplex_ComPolling
  44:Core/Src/stm32f1xx_it.c ****   * @{
  45:Core/Src/stm32f1xx_it.c ****   */
  46:Core/Src/stm32f1xx_it.c **** 
  47:Core/Src/stm32f1xx_it.c **** /* Private typedef -----------------------------------------------------------*/
  48:Core/Src/stm32f1xx_it.c **** /* Private define ------------------------------------------------------------*/
  49:Core/Src/stm32f1xx_it.c **** /* Private macro -------------------------------------------------------------*/
  50:Core/Src/stm32f1xx_it.c **** /* Private variables ---------------------------------------------------------*/
  51:Core/Src/stm32f1xx_it.c **** /* Private function prototypes -----------------------------------------------*/
  52:Core/Src/stm32f1xx_it.c **** /* Private functions ---------------------------------------------------------*/
  53:Core/Src/stm32f1xx_it.c **** 
  54:Core/Src/stm32f1xx_it.c **** /******************************************************************************/
  55:Core/Src/stm32f1xx_it.c **** /*            Cortex-M3 Processor Exceptions Handlers                         */
  56:Core/Src/stm32f1xx_it.c **** /******************************************************************************/
  57:Core/Src/stm32f1xx_it.c **** 
  58:Core/Src/stm32f1xx_it.c **** /**
  59:Core/Src/stm32f1xx_it.c ****   * @brief   This function handles NMI exception.
  60:Core/Src/stm32f1xx_it.c ****   * @param  None
  61:Core/Src/stm32f1xx_it.c ****   * @retval None
  62:Core/Src/stm32f1xx_it.c ****   */
  63:Core/Src/stm32f1xx_it.c **** 
  64:Core/Src/stm32f1xx_it.c **** void NMI_Handler(void)
  65:Core/Src/stm32f1xx_it.c **** {
  27              		.loc 1 65 1 view -0
  28              		.cfi_startproc
  29              		@ args = 0, pretend = 0, frame = 0
  30              		@ frame_needed = 0, uses_anonymous_args = 0
  31              		@ link register save eliminated.
  66:Core/Src/stm32f1xx_it.c **** }
  32              		.loc 1 66 1 view .LVU1
  33 0000 7047     		bx	lr
  34              		.cfi_endproc
  35              	.LFE111:
  37              		.section	.text.HardFault_Handler,"ax",%progbits
  38              		.align	1
  39              		.global	HardFault_Handler
  40              		.syntax unified
  41              		.thumb
  42              		.thumb_func
  43              		.fpu softvfp
  45              	HardFault_Handler:
  46              	.LFB112:
  67:Core/Src/stm32f1xx_it.c **** 
  68:Core/Src/stm32f1xx_it.c **** 
  69:Core/Src/stm32f1xx_it.c **** /**
  70:Core/Src/stm32f1xx_it.c ****   * @brief  This function handles Hard Fault exception.
  71:Core/Src/stm32f1xx_it.c ****   * @param  None
ARM GAS  C:\Users\jsauerer\AppData\Local\Temp\ccNuvyAi.s 			page 3


  72:Core/Src/stm32f1xx_it.c ****   * @retval None
  73:Core/Src/stm32f1xx_it.c ****   */
  74:Core/Src/stm32f1xx_it.c **** 
  75:Core/Src/stm32f1xx_it.c **** 
  76:Core/Src/stm32f1xx_it.c **** void HardFault_Handler(void)
  77:Core/Src/stm32f1xx_it.c **** {
  47              		.loc 1 77 1 view -0
  48              		.cfi_startproc
  49              		@ Volatile: function does not return.
  50              		@ args = 0, pretend = 0, frame = 0
  51              		@ frame_needed = 0, uses_anonymous_args = 0
  52              		@ link register save eliminated.
  53              	.L3:
  78:Core/Src/stm32f1xx_it.c ****   while (1)
  54              		.loc 1 78 3 discriminator 1 view .LVU3
  79:Core/Src/stm32f1xx_it.c ****   {
  80:Core/Src/stm32f1xx_it.c ****     __NOP();
  55              		.loc 1 80 5 discriminator 1 view .LVU4
  56              		.syntax unified
  57              	@ 80 "Core/Src/stm32f1xx_it.c" 1
  58 0000 00BF     		nop
  59              	@ 0 "" 2
  78:Core/Src/stm32f1xx_it.c ****   while (1)
  60              		.loc 1 78 9 discriminator 1 view .LVU5
  61              		.thumb
  62              		.syntax unified
  63 0002 FDE7     		b	.L3
  64              		.cfi_endproc
  65              	.LFE112:
  67              		.section	.text.MemManage_Handler,"ax",%progbits
  68              		.align	1
  69              		.global	MemManage_Handler
  70              		.syntax unified
  71              		.thumb
  72              		.thumb_func
  73              		.fpu softvfp
  75              	MemManage_Handler:
  76              	.LFB113:
  81:Core/Src/stm32f1xx_it.c ****   }
  82:Core/Src/stm32f1xx_it.c **** 
  83:Core/Src/stm32f1xx_it.c **** }
  84:Core/Src/stm32f1xx_it.c **** 
  85:Core/Src/stm32f1xx_it.c **** 
  86:Core/Src/stm32f1xx_it.c **** /**
  87:Core/Src/stm32f1xx_it.c ****   * @brief  This function handles Memory Manage exception.
  88:Core/Src/stm32f1xx_it.c ****   * @param  None
  89:Core/Src/stm32f1xx_it.c ****   * @retval None
  90:Core/Src/stm32f1xx_it.c ****   */
  91:Core/Src/stm32f1xx_it.c **** void MemManage_Handler(void)
  92:Core/Src/stm32f1xx_it.c **** {
  77              		.loc 1 92 1 view -0
  78              		.cfi_startproc
  79              		@ Volatile: function does not return.
  80              		@ args = 0, pretend = 0, frame = 0
  81              		@ frame_needed = 0, uses_anonymous_args = 0
  82              		@ link register save eliminated.
  83              	.L5:
ARM GAS  C:\Users\jsauerer\AppData\Local\Temp\ccNuvyAi.s 			page 4


  93:Core/Src/stm32f1xx_it.c ****   /* Go to infinite loop when Memory Manage exception occurs */
  94:Core/Src/stm32f1xx_it.c ****   while (1)
  84              		.loc 1 94 3 discriminator 1 view .LVU7
  95:Core/Src/stm32f1xx_it.c ****   {
  96:Core/Src/stm32f1xx_it.c ****   }
  85              		.loc 1 96 3 discriminator 1 view .LVU8
  94:Core/Src/stm32f1xx_it.c ****   {
  86              		.loc 1 94 9 discriminator 1 view .LVU9
  87 0000 FEE7     		b	.L5
  88              		.cfi_endproc
  89              	.LFE113:
  91              		.section	.text.BusFault_Handler,"ax",%progbits
  92              		.align	1
  93              		.global	BusFault_Handler
  94              		.syntax unified
  95              		.thumb
  96              		.thumb_func
  97              		.fpu softvfp
  99              	BusFault_Handler:
 100              	.LFB114:
  97:Core/Src/stm32f1xx_it.c **** }
  98:Core/Src/stm32f1xx_it.c **** 
  99:Core/Src/stm32f1xx_it.c **** /**
 100:Core/Src/stm32f1xx_it.c ****   * @brief  This function handles Bus Fault exception.
 101:Core/Src/stm32f1xx_it.c ****   * @param  None
 102:Core/Src/stm32f1xx_it.c ****   * @retval None
 103:Core/Src/stm32f1xx_it.c ****   */
 104:Core/Src/stm32f1xx_it.c **** void BusFault_Handler(void)
 105:Core/Src/stm32f1xx_it.c **** {
 101              		.loc 1 105 1 view -0
 102              		.cfi_startproc
 103              		@ Volatile: function does not return.
 104              		@ args = 0, pretend = 0, frame = 0
 105              		@ frame_needed = 0, uses_anonymous_args = 0
 106              		@ link register save eliminated.
 107              	.L7:
 106:Core/Src/stm32f1xx_it.c ****   /* Go to infinite loop when Bus Fault exception occurs */
 107:Core/Src/stm32f1xx_it.c ****   while (1)
 108              		.loc 1 107 3 discriminator 1 view .LVU11
 108:Core/Src/stm32f1xx_it.c ****   {
 109:Core/Src/stm32f1xx_it.c ****   }
 109              		.loc 1 109 3 discriminator 1 view .LVU12
 107:Core/Src/stm32f1xx_it.c ****   {
 110              		.loc 1 107 9 discriminator 1 view .LVU13
 111 0000 FEE7     		b	.L7
 112              		.cfi_endproc
 113              	.LFE114:
 115              		.section	.text.UsageFault_Handler,"ax",%progbits
 116              		.align	1
 117              		.global	UsageFault_Handler
 118              		.syntax unified
 119              		.thumb
 120              		.thumb_func
 121              		.fpu softvfp
 123              	UsageFault_Handler:
 124              	.LFB115:
 110:Core/Src/stm32f1xx_it.c **** }
ARM GAS  C:\Users\jsauerer\AppData\Local\Temp\ccNuvyAi.s 			page 5


 111:Core/Src/stm32f1xx_it.c **** 
 112:Core/Src/stm32f1xx_it.c **** /**
 113:Core/Src/stm32f1xx_it.c ****   * @brief  This function handles Usage Fault exception.
 114:Core/Src/stm32f1xx_it.c ****   * @param  None
 115:Core/Src/stm32f1xx_it.c ****   * @retval None
 116:Core/Src/stm32f1xx_it.c ****   */
 117:Core/Src/stm32f1xx_it.c **** void UsageFault_Handler(void)
 118:Core/Src/stm32f1xx_it.c **** {
 125              		.loc 1 118 1 view -0
 126              		.cfi_startproc
 127              		@ Volatile: function does not return.
 128              		@ args = 0, pretend = 0, frame = 0
 129              		@ frame_needed = 0, uses_anonymous_args = 0
 130              		@ link register save eliminated.
 131              	.L9:
 119:Core/Src/stm32f1xx_it.c ****   /* Go to infinite loop when Usage Fault exception occurs */
 120:Core/Src/stm32f1xx_it.c ****   while (1)
 132              		.loc 1 120 3 discriminator 1 view .LVU15
 121:Core/Src/stm32f1xx_it.c ****   {
 122:Core/Src/stm32f1xx_it.c ****   }
 133              		.loc 1 122 3 discriminator 1 view .LVU16
 120:Core/Src/stm32f1xx_it.c ****   {
 134              		.loc 1 120 9 discriminator 1 view .LVU17
 135 0000 FEE7     		b	.L9
 136              		.cfi_endproc
 137              	.LFE115:
 139              		.section	.text.SVC_Handler,"ax",%progbits
 140              		.align	1
 141              		.global	SVC_Handler
 142              		.syntax unified
 143              		.thumb
 144              		.thumb_func
 145              		.fpu softvfp
 147              	SVC_Handler:
 148              	.LFB116:
 123:Core/Src/stm32f1xx_it.c **** }
 124:Core/Src/stm32f1xx_it.c **** 
 125:Core/Src/stm32f1xx_it.c **** /**
 126:Core/Src/stm32f1xx_it.c ****   * @brief  This function handles SVCall exception.
 127:Core/Src/stm32f1xx_it.c ****   * @param  None
 128:Core/Src/stm32f1xx_it.c ****   * @retval None
 129:Core/Src/stm32f1xx_it.c ****   */
 130:Core/Src/stm32f1xx_it.c **** void SVC_Handler(void)
 131:Core/Src/stm32f1xx_it.c **** {
 149              		.loc 1 131 1 view -0
 150              		.cfi_startproc
 151              		@ args = 0, pretend = 0, frame = 0
 152              		@ frame_needed = 0, uses_anonymous_args = 0
 153              		@ link register save eliminated.
 132:Core/Src/stm32f1xx_it.c **** }
 154              		.loc 1 132 1 view .LVU19
 155 0000 7047     		bx	lr
 156              		.cfi_endproc
 157              	.LFE116:
 159              		.section	.text.DebugMon_Handler,"ax",%progbits
 160              		.align	1
 161              		.global	DebugMon_Handler
ARM GAS  C:\Users\jsauerer\AppData\Local\Temp\ccNuvyAi.s 			page 6


 162              		.syntax unified
 163              		.thumb
 164              		.thumb_func
 165              		.fpu softvfp
 167              	DebugMon_Handler:
 168              	.LFB117:
 133:Core/Src/stm32f1xx_it.c **** 
 134:Core/Src/stm32f1xx_it.c **** /**
 135:Core/Src/stm32f1xx_it.c ****   * @brief  This function handles Debug Monitor exception.
 136:Core/Src/stm32f1xx_it.c ****   * @param  None
 137:Core/Src/stm32f1xx_it.c ****   * @retval None
 138:Core/Src/stm32f1xx_it.c ****   */
 139:Core/Src/stm32f1xx_it.c **** void DebugMon_Handler(void)
 140:Core/Src/stm32f1xx_it.c **** {
 169              		.loc 1 140 1 view -0
 170              		.cfi_startproc
 171              		@ args = 0, pretend = 0, frame = 0
 172              		@ frame_needed = 0, uses_anonymous_args = 0
 173              		@ link register save eliminated.
 141:Core/Src/stm32f1xx_it.c **** }
 174              		.loc 1 141 1 view .LVU21
 175 0000 7047     		bx	lr
 176              		.cfi_endproc
 177              	.LFE117:
 179              		.section	.text.PendSV_Handler,"ax",%progbits
 180              		.align	1
 181              		.global	PendSV_Handler
 182              		.syntax unified
 183              		.thumb
 184              		.thumb_func
 185              		.fpu softvfp
 187              	PendSV_Handler:
 188              	.LFB118:
 142:Core/Src/stm32f1xx_it.c **** 
 143:Core/Src/stm32f1xx_it.c **** /**
 144:Core/Src/stm32f1xx_it.c ****   * @brief  This function handles PendSVC exception.
 145:Core/Src/stm32f1xx_it.c ****   * @param  None
 146:Core/Src/stm32f1xx_it.c ****   * @retval None
 147:Core/Src/stm32f1xx_it.c ****   */
 148:Core/Src/stm32f1xx_it.c **** void PendSV_Handler(void)
 149:Core/Src/stm32f1xx_it.c **** {
 189              		.loc 1 149 1 view -0
 190              		.cfi_startproc
 191              		@ args = 0, pretend = 0, frame = 0
 192              		@ frame_needed = 0, uses_anonymous_args = 0
 193              		@ link register save eliminated.
 150:Core/Src/stm32f1xx_it.c **** }
 194              		.loc 1 150 1 view .LVU23
 195 0000 7047     		bx	lr
 196              		.cfi_endproc
 197              	.LFE118:
 199              		.section	.text.SysTick_Handler,"ax",%progbits
 200              		.align	1
 201              		.global	SysTick_Handler
 202              		.syntax unified
 203              		.thumb
 204              		.thumb_func
ARM GAS  C:\Users\jsauerer\AppData\Local\Temp\ccNuvyAi.s 			page 7


 205              		.fpu softvfp
 207              	SysTick_Handler:
 208              	.LFB119:
 151:Core/Src/stm32f1xx_it.c **** 
 152:Core/Src/stm32f1xx_it.c **** /**
 153:Core/Src/stm32f1xx_it.c ****   * @brief  This function handles SysTick Handler.
 154:Core/Src/stm32f1xx_it.c ****   * @param  None
 155:Core/Src/stm32f1xx_it.c ****   * @retval None
 156:Core/Src/stm32f1xx_it.c ****   */
 157:Core/Src/stm32f1xx_it.c **** void SysTick_Handler(void)
 158:Core/Src/stm32f1xx_it.c **** {
 209              		.loc 1 158 1 view -0
 210              		.cfi_startproc
 211              		@ args = 0, pretend = 0, frame = 0
 212              		@ frame_needed = 0, uses_anonymous_args = 0
 213 0000 08B5     		push	{r3, lr}
 214              	.LCFI0:
 215              		.cfi_def_cfa_offset 8
 216              		.cfi_offset 3, -8
 217              		.cfi_offset 14, -4
 159:Core/Src/stm32f1xx_it.c ****   HAL_IncTick();
 218              		.loc 1 159 3 view .LVU25
 219 0002 FFF7FEFF 		bl	HAL_IncTick
 220              	.LVL0:
 160:Core/Src/stm32f1xx_it.c **** }
 221              		.loc 1 160 1 is_stmt 0 view .LVU26
 222 0006 08BD     		pop	{r3, pc}
 223              		.cfi_endproc
 224              	.LFE119:
 226              		.section	.text.EXTI0_IRQHandler,"ax",%progbits
 227              		.align	1
 228              		.global	EXTI0_IRQHandler
 229              		.syntax unified
 230              		.thumb
 231              		.thumb_func
 232              		.fpu softvfp
 234              	EXTI0_IRQHandler:
 235              	.LFB120:
 161:Core/Src/stm32f1xx_it.c **** 
 162:Core/Src/stm32f1xx_it.c **** /******************************************************************************/
 163:Core/Src/stm32f1xx_it.c **** /*                 STM32L1xx Peripherals Interrupt Handlers                   */
 164:Core/Src/stm32f1xx_it.c **** /*  Add here the Interrupt Handler for the used peripheral(s) (PPP), for the  */
 165:Core/Src/stm32f1xx_it.c **** /*  available peripheral interrupt handler's name please refer to the startup */
 166:Core/Src/stm32f1xx_it.c **** /*  file (startup_stm32l1xx.s).                                               */
 167:Core/Src/stm32f1xx_it.c **** /******************************************************************************/
 168:Core/Src/stm32f1xx_it.c **** 
 169:Core/Src/stm32f1xx_it.c **** void EXTI0_IRQHandler(void)
 170:Core/Src/stm32f1xx_it.c **** {
 236              		.loc 1 170 1 is_stmt 1 view -0
 237              		.cfi_startproc
 238              		@ args = 0, pretend = 0, frame = 0
 239              		@ frame_needed = 0, uses_anonymous_args = 0
 240 0000 08B5     		push	{r3, lr}
 241              	.LCFI1:
 242              		.cfi_def_cfa_offset 8
 243              		.cfi_offset 3, -8
 244              		.cfi_offset 14, -4
ARM GAS  C:\Users\jsauerer\AppData\Local\Temp\ccNuvyAi.s 			page 8


 171:Core/Src/stm32f1xx_it.c ****   HAL_GPIO_EXTI_IRQHandler(GPIO_PIN_0);
 245              		.loc 1 171 3 view .LVU28
 246 0002 0120     		movs	r0, #1
 247 0004 FFF7FEFF 		bl	HAL_GPIO_EXTI_IRQHandler
 248              	.LVL1:
 172:Core/Src/stm32f1xx_it.c **** }
 249              		.loc 1 172 1 is_stmt 0 view .LVU29
 250 0008 08BD     		pop	{r3, pc}
 251              		.cfi_endproc
 252              	.LFE120:
 254              		.section	.text.EXTI1_IRQHandler,"ax",%progbits
 255              		.align	1
 256              		.global	EXTI1_IRQHandler
 257              		.syntax unified
 258              		.thumb
 259              		.thumb_func
 260              		.fpu softvfp
 262              	EXTI1_IRQHandler:
 263              	.LFB121:
 173:Core/Src/stm32f1xx_it.c **** 
 174:Core/Src/stm32f1xx_it.c **** void EXTI1_IRQHandler(void)
 175:Core/Src/stm32f1xx_it.c **** {
 264              		.loc 1 175 1 is_stmt 1 view -0
 265              		.cfi_startproc
 266              		@ args = 0, pretend = 0, frame = 0
 267              		@ frame_needed = 0, uses_anonymous_args = 0
 268 0000 08B5     		push	{r3, lr}
 269              	.LCFI2:
 270              		.cfi_def_cfa_offset 8
 271              		.cfi_offset 3, -8
 272              		.cfi_offset 14, -4
 176:Core/Src/stm32f1xx_it.c ****   HAL_GPIO_EXTI_IRQHandler(GPIO_PIN_1);
 273              		.loc 1 176 3 view .LVU31
 274 0002 0220     		movs	r0, #2
 275 0004 FFF7FEFF 		bl	HAL_GPIO_EXTI_IRQHandler
 276              	.LVL2:
 177:Core/Src/stm32f1xx_it.c **** }
 277              		.loc 1 177 1 is_stmt 0 view .LVU32
 278 0008 08BD     		pop	{r3, pc}
 279              		.cfi_endproc
 280              	.LFE121:
 282              		.section	.text.EXTI2_IRQHandler,"ax",%progbits
 283              		.align	1
 284              		.global	EXTI2_IRQHandler
 285              		.syntax unified
 286              		.thumb
 287              		.thumb_func
 288              		.fpu softvfp
 290              	EXTI2_IRQHandler:
 291              	.LFB122:
 178:Core/Src/stm32f1xx_it.c **** void EXTI2_IRQHandler(void)
 179:Core/Src/stm32f1xx_it.c **** {
 292              		.loc 1 179 1 is_stmt 1 view -0
 293              		.cfi_startproc
 294              		@ args = 0, pretend = 0, frame = 0
 295              		@ frame_needed = 0, uses_anonymous_args = 0
 296 0000 08B5     		push	{r3, lr}
ARM GAS  C:\Users\jsauerer\AppData\Local\Temp\ccNuvyAi.s 			page 9


 297              	.LCFI3:
 298              		.cfi_def_cfa_offset 8
 299              		.cfi_offset 3, -8
 300              		.cfi_offset 14, -4
 180:Core/Src/stm32f1xx_it.c ****   HAL_GPIO_EXTI_IRQHandler(GPIO_PIN_2);
 301              		.loc 1 180 3 view .LVU34
 302 0002 0420     		movs	r0, #4
 303 0004 FFF7FEFF 		bl	HAL_GPIO_EXTI_IRQHandler
 304              	.LVL3:
 181:Core/Src/stm32f1xx_it.c **** }
 305              		.loc 1 181 1 is_stmt 0 view .LVU35
 306 0008 08BD     		pop	{r3, pc}
 307              		.cfi_endproc
 308              	.LFE122:
 310              		.section	.text.EXTI3_IRQHandler,"ax",%progbits
 311              		.align	1
 312              		.global	EXTI3_IRQHandler
 313              		.syntax unified
 314              		.thumb
 315              		.thumb_func
 316              		.fpu softvfp
 318              	EXTI3_IRQHandler:
 319              	.LFB123:
 182:Core/Src/stm32f1xx_it.c **** void EXTI3_IRQHandler(void)
 183:Core/Src/stm32f1xx_it.c **** {
 320              		.loc 1 183 1 is_stmt 1 view -0
 321              		.cfi_startproc
 322              		@ args = 0, pretend = 0, frame = 0
 323              		@ frame_needed = 0, uses_anonymous_args = 0
 324 0000 08B5     		push	{r3, lr}
 325              	.LCFI4:
 326              		.cfi_def_cfa_offset 8
 327              		.cfi_offset 3, -8
 328              		.cfi_offset 14, -4
 184:Core/Src/stm32f1xx_it.c ****   HAL_GPIO_EXTI_IRQHandler(GPIO_PIN_3);
 329              		.loc 1 184 3 view .LVU37
 330 0002 0820     		movs	r0, #8
 331 0004 FFF7FEFF 		bl	HAL_GPIO_EXTI_IRQHandler
 332              	.LVL4:
 185:Core/Src/stm32f1xx_it.c **** }
 333              		.loc 1 185 1 is_stmt 0 view .LVU38
 334 0008 08BD     		pop	{r3, pc}
 335              		.cfi_endproc
 336              	.LFE123:
 338              		.section	.text.EXTI4_IRQHandler,"ax",%progbits
 339              		.align	1
 340              		.global	EXTI4_IRQHandler
 341              		.syntax unified
 342              		.thumb
 343              		.thumb_func
 344              		.fpu softvfp
 346              	EXTI4_IRQHandler:
 347              	.LFB124:
 186:Core/Src/stm32f1xx_it.c **** void EXTI4_IRQHandler(void)
 187:Core/Src/stm32f1xx_it.c **** {
 348              		.loc 1 187 1 is_stmt 1 view -0
 349              		.cfi_startproc
ARM GAS  C:\Users\jsauerer\AppData\Local\Temp\ccNuvyAi.s 			page 10


 350              		@ args = 0, pretend = 0, frame = 0
 351              		@ frame_needed = 0, uses_anonymous_args = 0
 352 0000 08B5     		push	{r3, lr}
 353              	.LCFI5:
 354              		.cfi_def_cfa_offset 8
 355              		.cfi_offset 3, -8
 356              		.cfi_offset 14, -4
 188:Core/Src/stm32f1xx_it.c ****   HAL_GPIO_EXTI_IRQHandler(GPIO_PIN_4);
 357              		.loc 1 188 3 view .LVU40
 358 0002 1020     		movs	r0, #16
 359 0004 FFF7FEFF 		bl	HAL_GPIO_EXTI_IRQHandler
 360              	.LVL5:
 189:Core/Src/stm32f1xx_it.c **** }
 361              		.loc 1 189 1 is_stmt 0 view .LVU41
 362 0008 08BD     		pop	{r3, pc}
 363              		.cfi_endproc
 364              	.LFE124:
 366              		.section	.text.EXTI9_5_IRQHandler,"ax",%progbits
 367              		.align	1
 368              		.global	EXTI9_5_IRQHandler
 369              		.syntax unified
 370              		.thumb
 371              		.thumb_func
 372              		.fpu softvfp
 374              	EXTI9_5_IRQHandler:
 375              	.LFB125:
 190:Core/Src/stm32f1xx_it.c **** 
 191:Core/Src/stm32f1xx_it.c **** void EXTI9_5_IRQHandler(void)
 192:Core/Src/stm32f1xx_it.c **** {
 376              		.loc 1 192 1 is_stmt 1 view -0
 377              		.cfi_startproc
 378              		@ args = 0, pretend = 0, frame = 0
 379              		@ frame_needed = 0, uses_anonymous_args = 0
 380 0000 08B5     		push	{r3, lr}
 381              	.LCFI6:
 382              		.cfi_def_cfa_offset 8
 383              		.cfi_offset 3, -8
 384              		.cfi_offset 14, -4
 193:Core/Src/stm32f1xx_it.c ****   HAL_GPIO_EXTI_IRQHandler(GPIO_PIN_5);
 385              		.loc 1 193 3 view .LVU43
 386 0002 2020     		movs	r0, #32
 387 0004 FFF7FEFF 		bl	HAL_GPIO_EXTI_IRQHandler
 388              	.LVL6:
 194:Core/Src/stm32f1xx_it.c **** 
 195:Core/Src/stm32f1xx_it.c ****   HAL_GPIO_EXTI_IRQHandler(GPIO_PIN_6);
 389              		.loc 1 195 3 view .LVU44
 390 0008 4020     		movs	r0, #64
 391 000a FFF7FEFF 		bl	HAL_GPIO_EXTI_IRQHandler
 392              	.LVL7:
 196:Core/Src/stm32f1xx_it.c **** 
 197:Core/Src/stm32f1xx_it.c ****   HAL_GPIO_EXTI_IRQHandler(GPIO_PIN_7);
 393              		.loc 1 197 3 view .LVU45
 394 000e 8020     		movs	r0, #128
 395 0010 FFF7FEFF 		bl	HAL_GPIO_EXTI_IRQHandler
 396              	.LVL8:
 198:Core/Src/stm32f1xx_it.c **** 
 199:Core/Src/stm32f1xx_it.c ****   HAL_GPIO_EXTI_IRQHandler(GPIO_PIN_8);
ARM GAS  C:\Users\jsauerer\AppData\Local\Temp\ccNuvyAi.s 			page 11


 397              		.loc 1 199 3 view .LVU46
 398 0014 4FF48070 		mov	r0, #256
 399 0018 FFF7FEFF 		bl	HAL_GPIO_EXTI_IRQHandler
 400              	.LVL9:
 200:Core/Src/stm32f1xx_it.c **** 
 201:Core/Src/stm32f1xx_it.c ****   HAL_GPIO_EXTI_IRQHandler(GPIO_PIN_9);
 401              		.loc 1 201 3 view .LVU47
 402 001c 4FF40070 		mov	r0, #512
 403 0020 FFF7FEFF 		bl	HAL_GPIO_EXTI_IRQHandler
 404              	.LVL10:
 202:Core/Src/stm32f1xx_it.c **** }
 405              		.loc 1 202 1 is_stmt 0 view .LVU48
 406 0024 08BD     		pop	{r3, pc}
 407              		.cfi_endproc
 408              	.LFE125:
 410              		.section	.text.EXTI15_10_IRQHandler,"ax",%progbits
 411              		.align	1
 412              		.global	EXTI15_10_IRQHandler
 413              		.syntax unified
 414              		.thumb
 415              		.thumb_func
 416              		.fpu softvfp
 418              	EXTI15_10_IRQHandler:
 419              	.LFB126:
 203:Core/Src/stm32f1xx_it.c **** void EXTI15_10_IRQHandler(void)
 204:Core/Src/stm32f1xx_it.c **** {
 420              		.loc 1 204 1 is_stmt 1 view -0
 421              		.cfi_startproc
 422              		@ args = 0, pretend = 0, frame = 0
 423              		@ frame_needed = 0, uses_anonymous_args = 0
 424 0000 08B5     		push	{r3, lr}
 425              	.LCFI7:
 426              		.cfi_def_cfa_offset 8
 427              		.cfi_offset 3, -8
 428              		.cfi_offset 14, -4
 205:Core/Src/stm32f1xx_it.c ****   HAL_GPIO_EXTI_IRQHandler(GPIO_PIN_10);
 429              		.loc 1 205 3 view .LVU50
 430 0002 4FF48060 		mov	r0, #1024
 431 0006 FFF7FEFF 		bl	HAL_GPIO_EXTI_IRQHandler
 432              	.LVL11:
 206:Core/Src/stm32f1xx_it.c **** 
 207:Core/Src/stm32f1xx_it.c ****   HAL_GPIO_EXTI_IRQHandler(GPIO_PIN_11);
 433              		.loc 1 207 3 view .LVU51
 434 000a 4FF40060 		mov	r0, #2048
 435 000e FFF7FEFF 		bl	HAL_GPIO_EXTI_IRQHandler
 436              	.LVL12:
 208:Core/Src/stm32f1xx_it.c **** 
 209:Core/Src/stm32f1xx_it.c ****   HAL_GPIO_EXTI_IRQHandler(GPIO_PIN_12);
 437              		.loc 1 209 3 view .LVU52
 438 0012 4FF48050 		mov	r0, #4096
 439 0016 FFF7FEFF 		bl	HAL_GPIO_EXTI_IRQHandler
 440              	.LVL13:
 210:Core/Src/stm32f1xx_it.c **** 
 211:Core/Src/stm32f1xx_it.c ****   HAL_GPIO_EXTI_IRQHandler(GPIO_PIN_13);
 441              		.loc 1 211 3 view .LVU53
 442 001a 4FF40050 		mov	r0, #8192
 443 001e FFF7FEFF 		bl	HAL_GPIO_EXTI_IRQHandler
ARM GAS  C:\Users\jsauerer\AppData\Local\Temp\ccNuvyAi.s 			page 12


 444              	.LVL14:
 212:Core/Src/stm32f1xx_it.c **** 
 213:Core/Src/stm32f1xx_it.c ****   HAL_GPIO_EXTI_IRQHandler(GPIO_PIN_14);
 445              		.loc 1 213 3 view .LVU54
 446 0022 4FF48040 		mov	r0, #16384
 447 0026 FFF7FEFF 		bl	HAL_GPIO_EXTI_IRQHandler
 448              	.LVL15:
 214:Core/Src/stm32f1xx_it.c **** 
 215:Core/Src/stm32f1xx_it.c ****   HAL_GPIO_EXTI_IRQHandler(GPIO_PIN_15);
 449              		.loc 1 215 3 view .LVU55
 450 002a 4FF40040 		mov	r0, #32768
 451 002e FFF7FEFF 		bl	HAL_GPIO_EXTI_IRQHandler
 452              	.LVL16:
 216:Core/Src/stm32f1xx_it.c **** }
 453              		.loc 1 216 1 is_stmt 0 view .LVU56
 454 0032 08BD     		pop	{r3, pc}
 455              		.cfi_endproc
 456              	.LFE126:
 458              		.text
 459              	.Letext0:
 460              		.file 2 "c:\\vsarm\\armcc\\arm-none-eabi\\include\\machine\\_default_types.h"
 461              		.file 3 "c:\\vsarm\\armcc\\arm-none-eabi\\include\\sys\\lock.h"
 462              		.file 4 "c:\\vsarm\\armcc\\arm-none-eabi\\include\\sys\\_types.h"
 463              		.file 5 "c:\\vsarm\\armcc\\lib\\gcc\\arm-none-eabi\\9.2.1\\include\\stddef.h"
 464              		.file 6 "c:\\vsarm\\armcc\\arm-none-eabi\\include\\sys\\reent.h"
 465              		.file 7 "c:\\vsarm\\armcc\\arm-none-eabi\\include\\math.h"
 466              		.file 8 "c:\\vsarm\\armcc\\arm-none-eabi\\include\\sys\\_stdint.h"
 467              		.file 9 "Drivers/CMSIS/Include/core_cm3.h"
 468              		.file 10 "Drivers/CMSIS/Device/ST/STM32F1xx/Include/system_stm32f1xx.h"
 469              		.file 11 "Drivers/CMSIS/Device/ST/STM32F1xx/Include/stm32f103xb.h"
 470              		.file 12 "Drivers/STM32F1xx_HAL_Driver/Inc/stm32f1xx_hal_def.h"
 471              		.file 13 "Drivers/STM32F1xx_HAL_Driver/Inc/stm32f1xx_hal_dma.h"
 472              		.file 14 "Drivers/STM32F1xx_HAL_Driver/Inc/stm32f1xx_hal_i2c.h"
 473              		.file 15 "Drivers/STM32F1xx_HAL_Driver/Inc/stm32f1xx_hal.h"
 474              		.file 16 "App/Inc/hw_i2c.h"
 475              		.file 17 "Drivers/STM32F1xx_HAL_Driver/Inc/stm32f1xx_hal_gpio.h"
ARM GAS  C:\Users\jsauerer\AppData\Local\Temp\ccNuvyAi.s 			page 13


DEFINED SYMBOLS
                            *ABS*:00000000 stm32f1xx_it.c
C:\Users\jsauerer\AppData\Local\Temp\ccNuvyAi.s:16     .text.NMI_Handler:00000000 $t
C:\Users\jsauerer\AppData\Local\Temp\ccNuvyAi.s:24     .text.NMI_Handler:00000000 NMI_Handler
C:\Users\jsauerer\AppData\Local\Temp\ccNuvyAi.s:38     .text.HardFault_Handler:00000000 $t
C:\Users\jsauerer\AppData\Local\Temp\ccNuvyAi.s:45     .text.HardFault_Handler:00000000 HardFault_Handler
C:\Users\jsauerer\AppData\Local\Temp\ccNuvyAi.s:68     .text.MemManage_Handler:00000000 $t
C:\Users\jsauerer\AppData\Local\Temp\ccNuvyAi.s:75     .text.MemManage_Handler:00000000 MemManage_Handler
C:\Users\jsauerer\AppData\Local\Temp\ccNuvyAi.s:92     .text.BusFault_Handler:00000000 $t
C:\Users\jsauerer\AppData\Local\Temp\ccNuvyAi.s:99     .text.BusFault_Handler:00000000 BusFault_Handler
C:\Users\jsauerer\AppData\Local\Temp\ccNuvyAi.s:116    .text.UsageFault_Handler:00000000 $t
C:\Users\jsauerer\AppData\Local\Temp\ccNuvyAi.s:123    .text.UsageFault_Handler:00000000 UsageFault_Handler
C:\Users\jsauerer\AppData\Local\Temp\ccNuvyAi.s:140    .text.SVC_Handler:00000000 $t
C:\Users\jsauerer\AppData\Local\Temp\ccNuvyAi.s:147    .text.SVC_Handler:00000000 SVC_Handler
C:\Users\jsauerer\AppData\Local\Temp\ccNuvyAi.s:160    .text.DebugMon_Handler:00000000 $t
C:\Users\jsauerer\AppData\Local\Temp\ccNuvyAi.s:167    .text.DebugMon_Handler:00000000 DebugMon_Handler
C:\Users\jsauerer\AppData\Local\Temp\ccNuvyAi.s:180    .text.PendSV_Handler:00000000 $t
C:\Users\jsauerer\AppData\Local\Temp\ccNuvyAi.s:187    .text.PendSV_Handler:00000000 PendSV_Handler
C:\Users\jsauerer\AppData\Local\Temp\ccNuvyAi.s:200    .text.SysTick_Handler:00000000 $t
C:\Users\jsauerer\AppData\Local\Temp\ccNuvyAi.s:207    .text.SysTick_Handler:00000000 SysTick_Handler
C:\Users\jsauerer\AppData\Local\Temp\ccNuvyAi.s:227    .text.EXTI0_IRQHandler:00000000 $t
C:\Users\jsauerer\AppData\Local\Temp\ccNuvyAi.s:234    .text.EXTI0_IRQHandler:00000000 EXTI0_IRQHandler
C:\Users\jsauerer\AppData\Local\Temp\ccNuvyAi.s:255    .text.EXTI1_IRQHandler:00000000 $t
C:\Users\jsauerer\AppData\Local\Temp\ccNuvyAi.s:262    .text.EXTI1_IRQHandler:00000000 EXTI1_IRQHandler
C:\Users\jsauerer\AppData\Local\Temp\ccNuvyAi.s:283    .text.EXTI2_IRQHandler:00000000 $t
C:\Users\jsauerer\AppData\Local\Temp\ccNuvyAi.s:290    .text.EXTI2_IRQHandler:00000000 EXTI2_IRQHandler
C:\Users\jsauerer\AppData\Local\Temp\ccNuvyAi.s:311    .text.EXTI3_IRQHandler:00000000 $t
C:\Users\jsauerer\AppData\Local\Temp\ccNuvyAi.s:318    .text.EXTI3_IRQHandler:00000000 EXTI3_IRQHandler
C:\Users\jsauerer\AppData\Local\Temp\ccNuvyAi.s:339    .text.EXTI4_IRQHandler:00000000 $t
C:\Users\jsauerer\AppData\Local\Temp\ccNuvyAi.s:346    .text.EXTI4_IRQHandler:00000000 EXTI4_IRQHandler
C:\Users\jsauerer\AppData\Local\Temp\ccNuvyAi.s:367    .text.EXTI9_5_IRQHandler:00000000 $t
C:\Users\jsauerer\AppData\Local\Temp\ccNuvyAi.s:374    .text.EXTI9_5_IRQHandler:00000000 EXTI9_5_IRQHandler
C:\Users\jsauerer\AppData\Local\Temp\ccNuvyAi.s:411    .text.EXTI15_10_IRQHandler:00000000 $t
C:\Users\jsauerer\AppData\Local\Temp\ccNuvyAi.s:418    .text.EXTI15_10_IRQHandler:00000000 EXTI15_10_IRQHandler

UNDEFINED SYMBOLS
HAL_IncTick
HAL_GPIO_EXTI_IRQHandler
